#
# There is insufficient memory for the Java Runtime Environment to continue.
# Native memory allocation (malloc) failed to allocate 1613056 bytes. Error detail: Chunk::new
# Possible reasons:
#   The system is out of physical RAM or swap space
#   This process is running with CompressedOops enabled, and the Java Heap may be blocking the growth of the native heap
# Possible solutions:
#   Reduce memory load on the system
#   Increase physical memory or swap space
#   Check if swap backing store is full
#   Decrease Java heap size (-Xmx/-Xms)
#   Decrease number of Java threads
#   Decrease Java thread stack sizes (-Xss)
#   Set larger code cache with -XX:ReservedCodeCacheSize=
#   JVM is running with Unscaled Compressed Oops mode in which the Java heap is
#     placed in the first 4GB address space. The Java Heap base address is the
#     maximum limit for the native heap growth. Please use -XX:HeapBaseMinAddress
#     to set the Java Heap base and to place the Java Heap above 4GB virtual address.
# This output file may be truncated or incomplete.
#
#  Out of Memory Error (arena.cpp:168), pid=16288, tid=23084
#
# JRE version: OpenJDK Runtime Environment (21.0.6) (build 21.0.6+-13355223-b631.42)
# Java VM: OpenJDK 64-Bit Server VM (21.0.6+-13355223-b631.42, mixed mode, tiered, compressed oops, compressed class ptrs, g1 gc, windows-amd64)
# No core dump will be written. Minidumps are not enabled by default on client versions of Windows
#

---------------  S U M M A R Y ------------

Command Line: --add-opens=java.base/java.lang=ALL-UNNAMED --add-opens=java.base/java.lang.invoke=ALL-UNNAMED --add-opens=java.base/java.util=ALL-UNNAMED --add-opens=java.prefs/java.util.prefs=ALL-UNNAMED --add-exports=jdk.compiler/com.sun.tools.javac.api=ALL-UNNAMED --add-exports=jdk.compiler/com.sun.tools.javac.util=ALL-UNNAMED --add-opens=java.base/java.util=ALL-UNNAMED --add-opens=java.prefs/java.util.prefs=ALL-UNNAMED --add-opens=java.base/java.nio.charset=ALL-UNNAMED --add-opens=java.base/java.net=ALL-UNNAMED --add-opens=java.base/java.util.concurrent.atomic=ALL-UNNAMED --add-opens=java.xml/javax.xml.namespace=ALL-UNNAMED -Xmx2048m -Dfile.encoding=UTF-8 -Duser.country=RU -Duser.language=ru -Duser.variant -javaagent:C:\Users\cccc6\.gradle\wrapper\dists\gradle-8.11.1-bin\bpt9gzteqjrbo1mjrsomdt32c\gradle-8.11.1\lib\agents\gradle-instrumentation-agent-8.11.1.jar org.gradle.launcher.daemon.bootstrap.GradleDaemon 8.11.1

Host: AMD Ryzen 5 6600H with Radeon Graphics         , 12 cores, 15G,  Windows 11 , 64 bit Build 26100 (10.0.26100.3912)
Time: Thu May 15 18:36:25 2025  Windows 11 , 64 bit Build 26100 (10.0.26100.3912) elapsed time: 4.735627 seconds (0d 0h 0m 4s)

---------------  T H R E A D  ---------------

Current thread (0x0000023bc2b56fb0):  JavaThread "C2 CompilerThread2" daemon [_thread_in_native, id=23084, stack(0x00000056e7300000,0x00000056e7400000) (1024K)]


Current CompileTask:
C2:4735 7455       4       org.gradle.cache.internal.btree.CachingBlockStore::read (56 bytes)

Stack: [0x00000056e7300000,0x00000056e7400000]
Native frames: (J=compiled Java code, j=interpreted, Vv=VM code, C=native code)
V  [jvm.dll+0x6d05a9]
V  [jvm.dll+0x85ea73]
V  [jvm.dll+0x860fce]
V  [jvm.dll+0x8616b3]
V  [jvm.dll+0x27e6e6]
V  [jvm.dll+0xbff6d]
V  [jvm.dll+0xc04a3]
V  [jvm.dll+0x3b616b]
V  [jvm.dll+0x382097]
V  [jvm.dll+0x38150a]
V  [jvm.dll+0x247c82]
V  [jvm.dll+0x247251]
V  [jvm.dll+0x1c5f04]
V  [jvm.dll+0x2569ac]
V  [jvm.dll+0x254ef6]
V  [jvm.dll+0x3f0e56]
V  [jvm.dll+0x806e48]
V  [jvm.dll+0x6cee7d]
C  [ucrtbase.dll+0x37b0]
C  [KERNEL32.DLL+0x2e8d7]
C  [ntdll.dll+0x9c5dc]


---------------  P R O C E S S  ---------------

Threads class SMR info:
_java_thread_list=0x0000023bccb6f160, length=67, elements={
0x0000023ba8c29910, 0x0000023bc2b0a790, 0x0000023bc2b0b1e0, 0x0000023bc2aef390,
0x0000023bc2aefde0, 0x0000023bc2af0830, 0x0000023bc2b3dff0, 0x0000023bc2b4fdb0,
0x0000023bc2b55b40, 0x0000023bc2c57ec0, 0x0000023bc7047060, 0x0000023bc2b568e0,
0x0000023bc2b56fb0, 0x0000023bc89f96e0, 0x0000023bc8af07e0, 0x0000023bc8bff1a0,
0x0000023bc8a7b150, 0x0000023bc8a940a0, 0x0000023bc8a95a40, 0x0000023bc8bdd360,
0x0000023bc8bdd9c0, 0x0000023bc8e5d400, 0x0000023bc8e5fb60, 0x0000023bc8e5f4d0,
0x0000023bc8e5da90, 0x0000023bc8e60880, 0x0000023bc8e601f0, 0x0000023bc8e5e120,
0x0000023bc8e5e7b0, 0x0000023bc8e5ee40, 0x0000023bcb8b3f30, 0x0000023bcb8b52e0,
0x0000023bcb8b5970, 0x0000023bcb8b45c0, 0x0000023bcc6c17a0, 0x0000023bcc6c03f0,
0x0000023bcc6bfd60, 0x0000023bcc6be320, 0x0000023bcc6c0a80, 0x0000023bcc6c1e30,
0x0000023bcc6c24c0, 0x0000023bcc6bf040, 0x0000023bcc6c2b50, 0x0000023bcc6bf6d0,
0x0000023bcc6c3870, 0x0000023bcc6c31e0, 0x0000023bcc6c3f00, 0x0000023bcc6c4c20,
0x0000023bcc6c4590, 0x0000023bcc6c52b0, 0x0000023bcc6c5940, 0x0000023bce9456a0,
0x0000023bce945d30, 0x0000023bce946a50, 0x0000023bce9442f0, 0x0000023bce9463c0,
0x0000023bce943c60, 0x0000023bce9435d0, 0x0000023bce9470e0, 0x0000023bce947770,
0x0000023bce947e00, 0x0000023bce944980, 0x0000023bce948490, 0x0000023bce945010,
0x0000023bce9491b0, 0x0000023bce948b20, 0x0000023bce949840
}

Java Threads: ( => current thread )
  0x0000023ba8c29910 JavaThread "main"                              [_thread_blocked, id=30760, stack(0x00000056e6000000,0x00000056e6100000) (1024K)]
  0x0000023bc2b0a790 JavaThread "Reference Handler"          daemon [_thread_blocked, id=7016, stack(0x00000056e6800000,0x00000056e6900000) (1024K)]
  0x0000023bc2b0b1e0 JavaThread "Finalizer"                  daemon [_thread_blocked, id=24300, stack(0x00000056e6900000,0x00000056e6a00000) (1024K)]
  0x0000023bc2aef390 JavaThread "Signal Dispatcher"          daemon [_thread_blocked, id=29704, stack(0x00000056e6a00000,0x00000056e6b00000) (1024K)]
  0x0000023bc2aefde0 JavaThread "Attach Listener"            daemon [_thread_blocked, id=4896, stack(0x00000056e6b00000,0x00000056e6c00000) (1024K)]
  0x0000023bc2af0830 JavaThread "Service Thread"             daemon [_thread_blocked, id=18904, stack(0x00000056e6c00000,0x00000056e6d00000) (1024K)]
  0x0000023bc2b3dff0 JavaThread "Monitor Deflation Thread"   daemon [_thread_blocked, id=21284, stack(0x00000056e6d00000,0x00000056e6e00000) (1024K)]
  0x0000023bc2b4fdb0 JavaThread "C2 CompilerThread0"         daemon [_thread_in_native, id=13120, stack(0x00000056e6e00000,0x00000056e6f00000) (1024K)]
  0x0000023bc2b55b40 JavaThread "C1 CompilerThread0"         daemon [_thread_blocked, id=2752, stack(0x00000056e6f00000,0x00000056e7000000) (1024K)]
  0x0000023bc2c57ec0 JavaThread "Common-Cleaner"             daemon [_thread_blocked, id=9648, stack(0x00000056e7000000,0x00000056e7100000) (1024K)]
  0x0000023bc7047060 JavaThread "Notification Thread"        daemon [_thread_blocked, id=30824, stack(0x00000056e7100000,0x00000056e7200000) (1024K)]
  0x0000023bc2b568e0 JavaThread "C2 CompilerThread1"         daemon [_thread_in_native, id=1924, stack(0x00000056e7200000,0x00000056e7300000) (1024K)]
=>0x0000023bc2b56fb0 JavaThread "C2 CompilerThread2"         daemon [_thread_in_native, id=23084, stack(0x00000056e7300000,0x00000056e7400000) (1024K)]
  0x0000023bc89f96e0 JavaThread "Daemon health stats"               [_thread_blocked, id=2080, stack(0x00000056e7b00000,0x00000056e7c00000) (1024K)]
  0x0000023bc8af07e0 JavaThread "Incoming local TCP Connector on port 55913"        [_thread_in_native, id=24656, stack(0x00000056e7c00000,0x00000056e7d00000) (1024K)]
  0x0000023bc8bff1a0 JavaThread "Daemon periodic checks"            [_thread_blocked, id=12024, stack(0x00000056e7d00000,0x00000056e7e00000) (1024K)]
  0x0000023bc8a7b150 JavaThread "Daemon"                            [_thread_blocked, id=28324, stack(0x00000056e7e00000,0x00000056e7f00000) (1024K)]
  0x0000023bc8a940a0 JavaThread "Handler for socket connection from /127.0.0.1:55913 to /127.0.0.1:55914"        [_thread_in_native, id=20128, stack(0x00000056e7f00000,0x00000056e8000000) (1024K)]
  0x0000023bc8a95a40 JavaThread "Cancel handler"                    [_thread_blocked, id=7440, stack(0x00000056e8000000,0x00000056e8100000) (1024K)]
  0x0000023bc8bdd360 JavaThread "Daemon worker"                     [_thread_in_native, id=18616, stack(0x00000056e8100000,0x00000056e8200000) (1024K)]
  0x0000023bc8bdd9c0 JavaThread "Asynchronous log dispatcher for DefaultDaemonConnection: socket connection from /127.0.0.1:55913 to /127.0.0.1:55914"        [_thread_blocked, id=3420, stack(0x00000056e8200000,0x00000056e8300000) (1024K)]
  0x0000023bc8e5d400 JavaThread "Stdin handler"                     [_thread_blocked, id=27092, stack(0x00000056e8300000,0x00000056e8400000) (1024K)]
  0x0000023bc8e5fb60 JavaThread "Daemon client event forwarder"        [_thread_blocked, id=1912, stack(0x00000056e8400000,0x00000056e8500000) (1024K)]
  0x0000023bc8e5f4d0 JavaThread "Cache worker for journal cache (C:\Users\cccc6\.gradle\caches\journal-1)"        [_thread_blocked, id=23476, stack(0x00000056e8900000,0x00000056e8a00000) (1024K)]
  0x0000023bc8e5da90 JavaThread "File lock request listener"        [_thread_in_native, id=30104, stack(0x00000056e8a00000,0x00000056e8b00000) (1024K)]
  0x0000023bc8e60880 JavaThread "Cache worker for file hash cache (C:\Users\cccc6\.gradle\caches\8.11.1\fileHashes)"        [_thread_blocked, id=7184, stack(0x00000056e8b00000,0x00000056e8c00000) (1024K)]
  0x0000023bc8e601f0 JavaThread "Cache worker for file content cache (C:\Users\cccc6\.gradle\caches\8.11.1\fileContent)"        [_thread_blocked, id=9368, stack(0x00000056e8c00000,0x00000056e8d00000) (1024K)]
  0x0000023bc8e5e120 JavaThread "Cache worker for file hash cache (D:\Calculatorapp\.gradle\8.11.1\fileHashes)"        [_thread_blocked, id=27180, stack(0x00000056e8d00000,0x00000056e8e00000) (1024K)]
  0x0000023bc8e5e7b0 JavaThread "Cache worker for Build Output Cleanup Cache (D:\Calculatorapp\.gradle\buildOutputCleanup)"        [_thread_blocked, id=18192, stack(0x00000056e8e00000,0x00000056e8f00000) (1024K)]
  0x0000023bc8e5ee40 JavaThread "File watcher server"        daemon [_thread_in_native, id=1532, stack(0x00000056e8f00000,0x00000056e9000000) (1024K)]
  0x0000023bcb8b3f30 JavaThread "File watcher consumer"      daemon [_thread_blocked, id=31412, stack(0x00000056e9000000,0x00000056e9100000) (1024K)]
  0x0000023bcb8b52e0 JavaThread "Cache worker for checksums cache (D:\Calculatorapp\.gradle\8.11.1\checksums)"        [_thread_blocked, id=20984, stack(0x00000056e9100000,0x00000056e9200000) (1024K)]
  0x0000023bcb8b5970 JavaThread "Cache worker for cache directory md-rule (C:\Users\cccc6\.gradle\caches\8.11.1\md-rule)"        [_thread_blocked, id=19068, stack(0x00000056e9200000,0x00000056e9300000) (1024K)]
  0x0000023bcb8b45c0 JavaThread "Cache worker for cache directory md-supplier (C:\Users\cccc6\.gradle\caches\8.11.1\md-supplier)"        [_thread_blocked, id=16412, stack(0x00000056e9300000,0x00000056e9400000) (1024K)]
  0x0000023bcc6c17a0 JavaThread "Unconstrained build operations"        [_thread_blocked, id=7412, stack(0x00000056e9400000,0x00000056e9500000) (1024K)]
  0x0000023bcc6c03f0 JavaThread "Unconstrained build operations Thread 2"        [_thread_blocked, id=7596, stack(0x00000056e9500000,0x00000056e9600000) (1024K)]
  0x0000023bcc6bfd60 JavaThread "Unconstrained build operations Thread 3"        [_thread_blocked, id=19740, stack(0x00000056e9600000,0x00000056e9700000) (1024K)]
  0x0000023bcc6be320 JavaThread "Unconstrained build operations Thread 4"        [_thread_blocked, id=9204, stack(0x00000056e9700000,0x00000056e9800000) (1024K)]
  0x0000023bcc6c0a80 JavaThread "Unconstrained build operations Thread 5"        [_thread_blocked, id=19080, stack(0x00000056e9800000,0x00000056e9900000) (1024K)]
  0x0000023bcc6c1e30 JavaThread "Unconstrained build operations Thread 6"        [_thread_blocked, id=13352, stack(0x00000056e9900000,0x00000056e9a00000) (1024K)]
  0x0000023bcc6c24c0 JavaThread "Unconstrained build operations Thread 7"        [_thread_blocked, id=30344, stack(0x00000056e9a00000,0x00000056e9b00000) (1024K)]
  0x0000023bcc6bf040 JavaThread "Unconstrained build operations Thread 8"        [_thread_blocked, id=23456, stack(0x00000056e9b00000,0x00000056e9c00000) (1024K)]
  0x0000023bcc6c2b50 JavaThread "Unconstrained build operations Thread 9"        [_thread_blocked, id=23032, stack(0x00000056e9c00000,0x00000056e9d00000) (1024K)]
  0x0000023bcc6bf6d0 JavaThread "Unconstrained build operations Thread 10"        [_thread_blocked, id=23296, stack(0x00000056e9d00000,0x00000056e9e00000) (1024K)]
  0x0000023bcc6c3870 JavaThread "Unconstrained build operations Thread 11"        [_thread_blocked, id=16960, stack(0x00000056e9e00000,0x00000056e9f00000) (1024K)]
  0x0000023bcc6c31e0 JavaThread "Unconstrained build operations Thread 12"        [_thread_blocked, id=18820, stack(0x00000056e9f00000,0x00000056ea000000) (1024K)]
  0x0000023bcc6c3f00 JavaThread "Unconstrained build operations Thread 13"        [_thread_blocked, id=11828, stack(0x00000056ea000000,0x00000056ea100000) (1024K)]
  0x0000023bcc6c4c20 JavaThread "Unconstrained build operations Thread 14"        [_thread_blocked, id=13176, stack(0x00000056ea100000,0x00000056ea200000) (1024K)]
  0x0000023bcc6c4590 JavaThread "Unconstrained build operations Thread 15"        [_thread_blocked, id=14036, stack(0x00000056ea200000,0x00000056ea300000) (1024K)]
  0x0000023bcc6c52b0 JavaThread "Unconstrained build operations Thread 16"        [_thread_blocked, id=31252, stack(0x00000056ea300000,0x00000056ea400000) (1024K)]
  0x0000023bcc6c5940 JavaThread "Unconstrained build operations Thread 17"        [_thread_blocked, id=29972, stack(0x00000056ea400000,0x00000056ea500000) (1024K)]
  0x0000023bce9456a0 JavaThread "Unconstrained build operations Thread 18"        [_thread_blocked, id=21708, stack(0x00000056ea500000,0x00000056ea600000) (1024K)]
  0x0000023bce945d30 JavaThread "Unconstrained build operations Thread 19"        [_thread_blocked, id=21304, stack(0x00000056ea600000,0x00000056ea700000) (1024K)]
  0x0000023bce946a50 JavaThread "Unconstrained build operations Thread 20"        [_thread_blocked, id=3392, stack(0x00000056ea700000,0x00000056ea800000) (1024K)]
  0x0000023bce9442f0 JavaThread "Unconstrained build operations Thread 21"        [_thread_blocked, id=6596, stack(0x00000056ea800000,0x00000056ea900000) (1024K)]
  0x0000023bce9463c0 JavaThread "Unconstrained build operations Thread 22"        [_thread_blocked, id=28708, stack(0x00000056ea900000,0x00000056eaa00000) (1024K)]
  0x0000023bce943c60 JavaThread "Unconstrained build operations Thread 23"        [_thread_blocked, id=3732, stack(0x00000056eaa00000,0x00000056eab00000) (1024K)]
  0x0000023bce9435d0 JavaThread "Unconstrained build operations Thread 24"        [_thread_blocked, id=3284, stack(0x00000056eab00000,0x00000056eac00000) (1024K)]
  0x0000023bce9470e0 JavaThread "Unconstrained build operations Thread 25"        [_thread_blocked, id=15444, stack(0x00000056eac00000,0x00000056ead00000) (1024K)]
  0x0000023bce947770 JavaThread "Unconstrained build operations Thread 26"        [_thread_blocked, id=10360, stack(0x00000056ead00000,0x00000056eae00000) (1024K)]
  0x0000023bce947e00 JavaThread "Unconstrained build operations Thread 27"        [_thread_blocked, id=27540, stack(0x00000056eae00000,0x00000056eaf00000) (1024K)]
  0x0000023bce944980 JavaThread "Unconstrained build operations Thread 28"        [_thread_blocked, id=3912, stack(0x00000056eaf00000,0x00000056eb000000) (1024K)]
  0x0000023bce948490 JavaThread "Unconstrained build operations Thread 29"        [_thread_blocked, id=2640, stack(0x00000056eb000000,0x00000056eb100000) (1024K)]
  0x0000023bce945010 JavaThread "Unconstrained build operations Thread 30"        [_thread_blocked, id=3320, stack(0x00000056eb100000,0x00000056eb200000) (1024K)]
  0x0000023bce9491b0 JavaThread "Unconstrained build operations Thread 31"        [_thread_blocked, id=13072, stack(0x00000056eb200000,0x00000056eb300000) (1024K)]
  0x0000023bce948b20 JavaThread "Unconstrained build operations Thread 32"        [_thread_blocked, id=9384, stack(0x00000056eb300000,0x00000056eb400000) (1024K)]
  0x0000023bce949840 JavaThread "Unconstrained build operations Thread 33"        [_thread_blocked, id=11412, stack(0x00000056eb400000,0x00000056eb500000) (1024K)]
Total: 67

Other Threads:
  0x0000023bc2a9cf20 VMThread "VM Thread"                           [id=17872, stack(0x00000056e6700000,0x00000056e6800000) (1024K)]
  0x0000023bc2987c20 WatcherThread "VM Periodic Task Thread"        [id=22600, stack(0x00000056e6600000,0x00000056e6700000) (1024K)]
  0x0000023baa607920 WorkerThread "GC Thread#0"                     [id=16900, stack(0x00000056e6100000,0x00000056e6200000) (1024K)]
  0x0000023bc72b83d0 WorkerThread "GC Thread#1"                     [id=12240, stack(0x00000056e7400000,0x00000056e7500000) (1024K)]
  0x0000023bc71993f0 WorkerThread "GC Thread#2"                     [id=1768, stack(0x00000056e7500000,0x00000056e7600000) (1024K)]
  0x0000023bc7199790 WorkerThread "GC Thread#3"                     [id=24580, stack(0x00000056e7600000,0x00000056e7700000) (1024K)]
  0x0000023bc7199b30 WorkerThread "GC Thread#4"                     [id=12528, stack(0x00000056e7700000,0x00000056e7800000) (1024K)]
  0x0000023bc8984a80 WorkerThread "GC Thread#5"                     [id=27680, stack(0x00000056e7800000,0x00000056e7900000) (1024K)]
  0x0000023bc8966410 WorkerThread "GC Thread#6"                     [id=15488, stack(0x00000056e7900000,0x00000056e7a00000) (1024K)]
  0x0000023bc8966bc0 WorkerThread "GC Thread#7"                     [id=23120, stack(0x00000056e7a00000,0x00000056e7b00000) (1024K)]
  0x0000023bc8a9afc0 WorkerThread "GC Thread#8"                     [id=28648, stack(0x00000056e8500000,0x00000056e8600000) (1024K)]
  0x0000023bc8a9baa0 WorkerThread "GC Thread#9"                     [id=19616, stack(0x00000056e8600000,0x00000056e8700000) (1024K)]
  0x0000023baa618810 ConcurrentGCThread "G1 Main Marker"            [id=20940, stack(0x00000056e6200000,0x00000056e6300000) (1024K)]
  0x0000023baa61af10 WorkerThread "G1 Conc#0"                       [id=31644, stack(0x00000056e6300000,0x00000056e6400000) (1024K)]
  0x0000023bc8a9a4e0 WorkerThread "G1 Conc#1"                       [id=16316, stack(0x00000056e8700000,0x00000056e8800000) (1024K)]
  0x0000023bc8a9ac20 WorkerThread "G1 Conc#2"                       [id=8076, stack(0x00000056e8800000,0x00000056e8900000) (1024K)]
  0x0000023bc28dfb40 ConcurrentGCThread "G1 Refine#0"               [id=20776, stack(0x00000056e6400000,0x00000056e6500000) (1024K)]
  0x0000023bc28e0360 ConcurrentGCThread "G1 Service"                [id=6924, stack(0x00000056e6500000,0x00000056e6600000) (1024K)]
Total: 18

Threads with active compile tasks:
C2 CompilerThread0  4753 7686       4       org.gradle.internal.service.DefaultServiceRegistry$ParentServices::getService (12 bytes)
C2 CompilerThread1  4753 7687       4       org.gradle.internal.service.DefaultServiceRegistry$OwnServices::getService (317 bytes)
C2 CompilerThread2  4753 7455       4       org.gradle.cache.internal.btree.CachingBlockStore::read (56 bytes)
Total: 3

VM state: not at safepoint (normal execution)

VM Mutex/Monitor currently owned by a thread: None

Heap address: 0x0000000080000000, size: 2048 MB, Compressed Oops mode: 32-bit

CDS archive(s) not mapped
Compressed class space mapped at: 0x0000000100000000-0x0000000140000000, reserved size: 1073741824
Narrow klass base: 0x0000000000000000, Narrow klass shift: 3, Narrow klass range: 0x140000000

GC Precious Log:
 CardTable entry size: 512
 Card Set container configuration: InlinePtr #cards 5 size 8 Array Of Cards #cards 12 size 40 Howl #buckets 4 coarsen threshold 1843 Howl Bitmap #cards 512 size 80 coarsen threshold 460 Card regions per heap region 1 cards per card region 2048
 CPUs: 12 total, 12 available
 Memory: 15557M
 Large Page Support: Disabled
 NUMA Support: Disabled
 Compressed Oops: Enabled (32-bit)
 Heap Region Size: 1M
 Heap Min Capacity: 8M
 Heap Initial Capacity: 244M
 Heap Max Capacity: 2G
 Pre-touch: Disabled
 Parallel Workers: 10
 Concurrent Workers: 3
 Concurrent Refinement Workers: 10
 Periodic GC: Disabled

Heap:
 garbage-first heap   total 106496K, used 49842K [0x0000000080000000, 0x0000000100000000)
  region size 1024K, 6 young (6144K), 5 survivors (5120K)
 Metaspace       used 66843K, committed 68416K, reserved 1114112K
  class space    used 9096K, committed 9856K, reserved 1048576K

Heap Regions: E=young(eden), S=young(survivor), O=old, HS=humongous(starts), HC=humongous(continues), CS=collection set, F=free, TAMS=top-at-mark-start, PB=parsable bottom
|   0|0x0000000080000000, 0x0000000080100000, 0x0000000080100000|100%| O|  |TAMS 0x0000000080100000| PB 0x0000000080000000| Untracked 
|   1|0x0000000080100000, 0x0000000080200000, 0x0000000080200000|100%|HS|  |TAMS 0x0000000080200000| PB 0x0000000080100000| Complete 
|   2|0x0000000080200000, 0x0000000080300000, 0x0000000080300000|100%|HC|  |TAMS 0x0000000080300000| PB 0x0000000080200000| Complete 
|   3|0x0000000080300000, 0x0000000080400000, 0x0000000080400000|100%|HC|  |TAMS 0x0000000080400000| PB 0x0000000080300000| Complete 
|   4|0x0000000080400000, 0x0000000080500000, 0x0000000080500000|100%| O|  |TAMS 0x0000000080500000| PB 0x0000000080400000| Untracked 
|   5|0x0000000080500000, 0x0000000080600000, 0x0000000080600000|100%| O|  |TAMS 0x0000000080600000| PB 0x0000000080500000| Untracked 
|   6|0x0000000080600000, 0x0000000080700000, 0x0000000080700000|100%| O|  |TAMS 0x0000000080700000| PB 0x0000000080600000| Untracked 
|   7|0x0000000080700000, 0x0000000080800000, 0x0000000080800000|100%|HS|  |TAMS 0x0000000080800000| PB 0x0000000080700000| Complete 
|   8|0x0000000080800000, 0x0000000080900000, 0x0000000080900000|100%| O|  |TAMS 0x0000000080900000| PB 0x0000000080800000| Untracked 
|   9|0x0000000080900000, 0x0000000080a00000, 0x0000000080a00000|100%| O|  |TAMS 0x0000000080a00000| PB 0x0000000080900000| Untracked 
|  10|0x0000000080a00000, 0x0000000080b00000, 0x0000000080b00000|100%| O|  |TAMS 0x0000000080b00000| PB 0x0000000080a00000| Untracked 
|  11|0x0000000080b00000, 0x0000000080c00000, 0x0000000080c00000|100%| O|  |TAMS 0x0000000080c00000| PB 0x0000000080b00000| Untracked 
|  12|0x0000000080c00000, 0x0000000080d00000, 0x0000000080d00000|100%| O|  |TAMS 0x0000000080d00000| PB 0x0000000080c00000| Untracked 
|  13|0x0000000080d00000, 0x0000000080e00000, 0x0000000080e00000|100%| O|  |TAMS 0x0000000080e00000| PB 0x0000000080d00000| Untracked 
|  14|0x0000000080e00000, 0x0000000080f00000, 0x0000000080f00000|100%| O|  |TAMS 0x0000000080f00000| PB 0x0000000080e00000| Untracked 
|  15|0x0000000080f00000, 0x0000000081000000, 0x0000000081000000|100%| O|  |TAMS 0x0000000081000000| PB 0x0000000080f00000| Untracked 
|  16|0x0000000081000000, 0x0000000081100000, 0x0000000081100000|100%| O|  |TAMS 0x0000000081100000| PB 0x0000000081000000| Untracked 
|  17|0x0000000081100000, 0x0000000081200000, 0x0000000081200000|100%| O|  |TAMS 0x0000000081200000| PB 0x0000000081100000| Untracked 
|  18|0x0000000081200000, 0x0000000081300000, 0x0000000081300000|100%| O|  |TAMS 0x0000000081300000| PB 0x0000000081200000| Untracked 
|  19|0x0000000081300000, 0x0000000081400000, 0x0000000081400000|100%| O|  |TAMS 0x0000000081400000| PB 0x0000000081300000| Untracked 
|  20|0x0000000081400000, 0x0000000081500000, 0x0000000081500000|100%| O|  |TAMS 0x0000000081500000| PB 0x0000000081400000| Untracked 
|  21|0x0000000081500000, 0x0000000081600000, 0x0000000081600000|100%| O|  |TAMS 0x0000000081600000| PB 0x0000000081500000| Untracked 
|  22|0x0000000081600000, 0x0000000081700000, 0x0000000081700000|100%| O|  |TAMS 0x0000000081700000| PB 0x0000000081600000| Untracked 
|  23|0x0000000081700000, 0x0000000081800000, 0x0000000081800000|100%| O|  |TAMS 0x0000000081800000| PB 0x0000000081700000| Untracked 
|  24|0x0000000081800000, 0x0000000081900000, 0x0000000081900000|100%| O|  |TAMS 0x0000000081900000| PB 0x0000000081800000| Untracked 
|  25|0x0000000081900000, 0x0000000081a00000, 0x0000000081a00000|100%| O|  |TAMS 0x0000000081a00000| PB 0x0000000081900000| Untracked 
|  26|0x0000000081a00000, 0x0000000081b00000, 0x0000000081b00000|100%| O|  |TAMS 0x0000000081b00000| PB 0x0000000081a00000| Untracked 
|  27|0x0000000081b00000, 0x0000000081c00000, 0x0000000081c00000|100%| O|  |TAMS 0x0000000081c00000| PB 0x0000000081b00000| Untracked 
|  28|0x0000000081c00000, 0x0000000081d00000, 0x0000000081d00000|100%| O|  |TAMS 0x0000000081d00000| PB 0x0000000081c00000| Untracked 
|  29|0x0000000081d00000, 0x0000000081e00000, 0x0000000081e00000|100%| O|  |TAMS 0x0000000081e00000| PB 0x0000000081d00000| Untracked 
|  30|0x0000000081e00000, 0x0000000081f00000, 0x0000000081f00000|100%| O|  |TAMS 0x0000000081f00000| PB 0x0000000081e00000| Untracked 
|  31|0x0000000081f00000, 0x0000000082000000, 0x0000000082000000|100%| O|  |TAMS 0x0000000082000000| PB 0x0000000081f00000| Untracked 
|  32|0x0000000082000000, 0x0000000082100000, 0x0000000082100000|100%| O|  |TAMS 0x0000000082100000| PB 0x0000000082000000| Untracked 
|  33|0x0000000082100000, 0x0000000082200000, 0x0000000082200000|100%| O|  |TAMS 0x0000000082200000| PB 0x0000000082100000| Untracked 
|  34|0x0000000082200000, 0x0000000082300000, 0x0000000082300000|100%| O|  |TAMS 0x0000000082300000| PB 0x0000000082200000| Untracked 
|  35|0x0000000082300000, 0x0000000082400000, 0x0000000082400000|100%| O|  |TAMS 0x0000000082400000| PB 0x0000000082300000| Untracked 
|  36|0x0000000082400000, 0x0000000082500000, 0x0000000082500000|100%| O|  |TAMS 0x0000000082500000| PB 0x0000000082400000| Untracked 
|  37|0x0000000082500000, 0x0000000082600000, 0x0000000082600000|100%| O|  |TAMS 0x0000000082600000| PB 0x0000000082500000| Untracked 
|  38|0x0000000082600000, 0x0000000082700000, 0x0000000082700000|100%|HS|  |TAMS 0x0000000082600000| PB 0x0000000082600000| Complete 
|  39|0x0000000082700000, 0x0000000082800000, 0x0000000082800000|100%|HS|  |TAMS 0x0000000082700000| PB 0x0000000082700000| Complete 
|  40|0x0000000082800000, 0x0000000082800000, 0x0000000082900000|  0%| F|  |TAMS 0x0000000082800000| PB 0x0000000082800000| Untracked 
|  41|0x0000000082900000, 0x0000000082900000, 0x0000000082a00000|  0%| F|  |TAMS 0x0000000082900000| PB 0x0000000082900000| Untracked 
|  42|0x0000000082a00000, 0x0000000082a00000, 0x0000000082b00000|  0%| F|  |TAMS 0x0000000082a00000| PB 0x0000000082a00000| Untracked 
|  43|0x0000000082b00000, 0x0000000082b00000, 0x0000000082c00000|  0%| F|  |TAMS 0x0000000082b00000| PB 0x0000000082b00000| Untracked 
|  44|0x0000000082c00000, 0x0000000082c00000, 0x0000000082d00000|  0%| F|  |TAMS 0x0000000082c00000| PB 0x0000000082c00000| Untracked 
|  45|0x0000000082d00000, 0x0000000082e00000, 0x0000000082e00000|100%| O|  |TAMS 0x0000000082e00000| PB 0x0000000082d00000| Untracked 
|  46|0x0000000082e00000, 0x0000000082f00000, 0x0000000082f00000|100%| O|  |TAMS 0x0000000082f00000| PB 0x0000000082e00000| Untracked 
|  47|0x0000000082f00000, 0x0000000083000000, 0x0000000083000000|100%| O|  |TAMS 0x0000000083000000| PB 0x0000000082f00000| Untracked 
|  48|0x0000000083000000, 0x0000000083100000, 0x0000000083100000|100%| O|  |TAMS 0x0000000083100000| PB 0x0000000083000000| Untracked 
|  49|0x0000000083100000, 0x0000000083100000, 0x0000000083200000|  0%| F|  |TAMS 0x0000000083100000| PB 0x0000000083100000| Untracked 
|  50|0x0000000083200000, 0x0000000083200000, 0x0000000083300000|  0%| F|  |TAMS 0x0000000083200000| PB 0x0000000083200000| Untracked 
|  51|0x0000000083300000, 0x0000000083300000, 0x0000000083400000|  0%| F|  |TAMS 0x0000000083300000| PB 0x0000000083300000| Untracked 
|  52|0x0000000083400000, 0x0000000083400000, 0x0000000083500000|  0%| F|  |TAMS 0x0000000083400000| PB 0x0000000083400000| Untracked 
|  53|0x0000000083500000, 0x0000000083500000, 0x0000000083600000|  0%| F|  |TAMS 0x0000000083500000| PB 0x0000000083500000| Untracked 
|  54|0x0000000083600000, 0x0000000083600000, 0x0000000083700000|  0%| F|  |TAMS 0x0000000083600000| PB 0x0000000083600000| Untracked 
|  55|0x0000000083700000, 0x0000000083700000, 0x0000000083800000|  0%| F|  |TAMS 0x0000000083700000| PB 0x0000000083700000| Untracked 
|  56|0x0000000083800000, 0x0000000083800000, 0x0000000083900000|  0%| F|  |TAMS 0x0000000083800000| PB 0x0000000083800000| Untracked 
|  57|0x0000000083900000, 0x0000000083900000, 0x0000000083a00000|  0%| F|  |TAMS 0x0000000083900000| PB 0x0000000083900000| Untracked 
|  58|0x0000000083a00000, 0x0000000083a00000, 0x0000000083b00000|  0%| F|  |TAMS 0x0000000083a00000| PB 0x0000000083a00000| Untracked 
|  59|0x0000000083b00000, 0x0000000083b00000, 0x0000000083c00000|  0%| F|  |TAMS 0x0000000083b00000| PB 0x0000000083b00000| Untracked 
|  60|0x0000000083c00000, 0x0000000083c00000, 0x0000000083d00000|  0%| F|  |TAMS 0x0000000083c00000| PB 0x0000000083c00000| Untracked 
|  61|0x0000000083d00000, 0x0000000083d00000, 0x0000000083e00000|  0%| F|  |TAMS 0x0000000083d00000| PB 0x0000000083d00000| Untracked 
|  62|0x0000000083e00000, 0x0000000083e00000, 0x0000000083f00000|  0%| F|  |TAMS 0x0000000083e00000| PB 0x0000000083e00000| Untracked 
|  63|0x0000000083f00000, 0x0000000083f00000, 0x0000000084000000|  0%| F|  |TAMS 0x0000000083f00000| PB 0x0000000083f00000| Untracked 
|  64|0x0000000084000000, 0x0000000084000000, 0x0000000084100000|  0%| F|  |TAMS 0x0000000084000000| PB 0x0000000084000000| Untracked 
|  65|0x0000000084100000, 0x0000000084100000, 0x0000000084200000|  0%| F|  |TAMS 0x0000000084100000| PB 0x0000000084100000| Untracked 
|  66|0x0000000084200000, 0x0000000084200000, 0x0000000084300000|  0%| F|  |TAMS 0x0000000084200000| PB 0x0000000084200000| Untracked 
|  67|0x0000000084300000, 0x0000000084300000, 0x0000000084400000|  0%| F|  |TAMS 0x0000000084300000| PB 0x0000000084300000| Untracked 
|  68|0x0000000084400000, 0x0000000084400000, 0x0000000084500000|  0%| F|  |TAMS 0x0000000084400000| PB 0x0000000084400000| Untracked 
|  69|0x0000000084500000, 0x0000000084500000, 0x0000000084600000|  0%| F|  |TAMS 0x0000000084500000| PB 0x0000000084500000| Untracked 
|  70|0x0000000084600000, 0x0000000084600000, 0x0000000084700000|  0%| F|  |TAMS 0x0000000084600000| PB 0x0000000084600000| Untracked 
|  71|0x0000000084700000, 0x0000000084700000, 0x0000000084800000|  0%| F|  |TAMS 0x0000000084700000| PB 0x0000000084700000| Untracked 
|  72|0x0000000084800000, 0x0000000084800000, 0x0000000084900000|  0%| F|  |TAMS 0x0000000084800000| PB 0x0000000084800000| Untracked 
|  73|0x0000000084900000, 0x0000000084900000, 0x0000000084a00000|  0%| F|  |TAMS 0x0000000084900000| PB 0x0000000084900000| Untracked 
|  74|0x0000000084a00000, 0x0000000084aac998, 0x0000000084b00000| 67%| S|CS|TAMS 0x0000000084a00000| PB 0x0000000084a00000| Complete 
|  75|0x0000000084b00000, 0x0000000084c00000, 0x0000000084c00000|100%| S|CS|TAMS 0x0000000084b00000| PB 0x0000000084b00000| Complete 
|  76|0x0000000084c00000, 0x0000000084d00000, 0x0000000084d00000|100%| S|CS|TAMS 0x0000000084c00000| PB 0x0000000084c00000| Complete 
|  77|0x0000000084d00000, 0x0000000084e00000, 0x0000000084e00000|100%| S|CS|TAMS 0x0000000084d00000| PB 0x0000000084d00000| Complete 
|  78|0x0000000084e00000, 0x0000000084f00000, 0x0000000084f00000|100%| S|CS|TAMS 0x0000000084e00000| PB 0x0000000084e00000| Complete 
|  79|0x0000000084f00000, 0x0000000084f00000, 0x0000000085000000|  0%| F|  |TAMS 0x0000000084f00000| PB 0x0000000084f00000| Untracked 
|  80|0x0000000085000000, 0x0000000085000000, 0x0000000085100000|  0%| F|  |TAMS 0x0000000085000000| PB 0x0000000085000000| Untracked 
|  81|0x0000000085100000, 0x0000000085100000, 0x0000000085200000|  0%| F|  |TAMS 0x0000000085100000| PB 0x0000000085100000| Untracked 
|  82|0x0000000085200000, 0x0000000085200000, 0x0000000085300000|  0%| F|  |TAMS 0x0000000085200000| PB 0x0000000085200000| Untracked 
|  83|0x0000000085300000, 0x0000000085300000, 0x0000000085400000|  0%| F|  |TAMS 0x0000000085300000| PB 0x0000000085300000| Untracked 
|  84|0x0000000085400000, 0x0000000085400000, 0x0000000085500000|  0%| F|  |TAMS 0x0000000085400000| PB 0x0000000085400000| Untracked 
|  85|0x0000000085500000, 0x0000000085500000, 0x0000000085600000|  0%| F|  |TAMS 0x0000000085500000| PB 0x0000000085500000| Untracked 
|  86|0x0000000085600000, 0x0000000085600000, 0x0000000085700000|  0%| F|  |TAMS 0x0000000085600000| PB 0x0000000085600000| Untracked 
|  87|0x0000000085700000, 0x0000000085700000, 0x0000000085800000|  0%| F|  |TAMS 0x0000000085700000| PB 0x0000000085700000| Untracked 
|  88|0x0000000085800000, 0x0000000085800000, 0x0000000085900000|  0%| F|  |TAMS 0x0000000085800000| PB 0x0000000085800000| Untracked 
|  89|0x0000000085900000, 0x0000000085900000, 0x0000000085a00000|  0%| F|  |TAMS 0x0000000085900000| PB 0x0000000085900000| Untracked 
|  90|0x0000000085a00000, 0x0000000085a00000, 0x0000000085b00000|  0%| F|  |TAMS 0x0000000085a00000| PB 0x0000000085a00000| Untracked 
|  91|0x0000000085b00000, 0x0000000085b00000, 0x0000000085c00000|  0%| F|  |TAMS 0x0000000085b00000| PB 0x0000000085b00000| Untracked 
|  92|0x0000000085c00000, 0x0000000085c00000, 0x0000000085d00000|  0%| F|  |TAMS 0x0000000085c00000| PB 0x0000000085c00000| Untracked 
|  93|0x0000000085d00000, 0x0000000085d00000, 0x0000000085e00000|  0%| F|  |TAMS 0x0000000085d00000| PB 0x0000000085d00000| Untracked 
| 211|0x000000008d300000, 0x000000008d300000, 0x000000008d400000|  0%| F|  |TAMS 0x000000008d300000| PB 0x000000008d300000| Untracked 
| 212|0x000000008d400000, 0x000000008d400000, 0x000000008d500000|  0%| F|  |TAMS 0x000000008d400000| PB 0x000000008d400000| Untracked 
| 213|0x000000008d500000, 0x000000008d500000, 0x000000008d600000|  0%| F|  |TAMS 0x000000008d500000| PB 0x000000008d500000| Untracked 
| 214|0x000000008d600000, 0x000000008d600000, 0x000000008d700000|  0%| F|  |TAMS 0x000000008d600000| PB 0x000000008d600000| Untracked 
| 215|0x000000008d700000, 0x000000008d700000, 0x000000008d800000|  0%| F|  |TAMS 0x000000008d700000| PB 0x000000008d700000| Untracked 
| 216|0x000000008d800000, 0x000000008d800000, 0x000000008d900000|  0%| F|  |TAMS 0x000000008d800000| PB 0x000000008d800000| Untracked 
| 217|0x000000008d900000, 0x000000008d900000, 0x000000008da00000|  0%| F|  |TAMS 0x000000008d900000| PB 0x000000008d900000| Untracked 
| 218|0x000000008da00000, 0x000000008da00000, 0x000000008db00000|  0%| F|  |TAMS 0x000000008da00000| PB 0x000000008da00000| Untracked 
| 219|0x000000008db00000, 0x000000008db00000, 0x000000008dc00000|  0%| F|  |TAMS 0x000000008db00000| PB 0x000000008db00000| Untracked 
| 243|0x000000008f300000, 0x000000008f388010, 0x000000008f400000| 53%| E|  |TAMS 0x000000008f300000| PB 0x000000008f300000| Complete 

Card table byte_map: [0x0000023bbd8d0000,0x0000023bbdcd0000] _byte_map_base: 0x0000023bbd4d0000

Marking Bits: (CMBitMap*) 0x0000023baa607f30
 Bits: [0x0000023bbdcd0000, 0x0000023bbfcd0000)

Polling page: 0x0000023ba8d20000

Metaspace:

Usage:
  Non-class:     56.39 MB used.
      Class:      8.88 MB used.
       Both:     65.28 MB used.

Virtual space:
  Non-class space:       64.00 MB reserved,      57.19 MB ( 89%) committed,  1 nodes.
      Class space:        1.00 GB reserved,       9.62 MB ( <1%) committed,  1 nodes.
             Both:        1.06 GB reserved,      66.81 MB (  6%) committed. 

Chunk freelists:
   Non-Class:  6.47 MB
       Class:  6.19 MB
        Both:  12.66 MB

MaxMetaspaceSize: unlimited
CompressedClassSpaceSize: 1.00 GB
Initial GC threshold: 21.00 MB
Current GC threshold: 99.00 MB
CDS: off
 - commit_granule_bytes: 65536.
 - commit_granule_words: 8192.
 - virtual_space_node_default_size: 8388608.
 - enlarge_chunks_in_place: 1.
 - use_allocation_guard: 0.


Internal statistics:

num_allocs_failed_limit: 12.
num_arena_births: 3092.
num_arena_deaths: 0.
num_vsnodes_births: 2.
num_vsnodes_deaths: 0.
num_space_committed: 1069.
num_space_uncommitted: 0.
num_chunks_returned_to_freelist: 12.
num_chunks_taken_from_freelist: 5817.
num_chunk_merges: 12.
num_chunk_splits: 3786.
num_chunks_enlarged: 2358.
num_inconsistent_stats: 0.

CodeHeap 'non-profiled nmethods': size=120000Kb used=4262Kb max_used=4262Kb free=115737Kb
 bounds [0x0000023bb5310000, 0x0000023bb5740000, 0x0000023bbc840000]
CodeHeap 'profiled nmethods': size=120000Kb used=13155Kb max_used=13155Kb free=106844Kb
 bounds [0x0000023bad840000, 0x0000023bae520000, 0x0000023bb4d70000]
CodeHeap 'non-nmethods': size=5760Kb used=1991Kb max_used=2032Kb free=3768Kb
 bounds [0x0000023bb4d70000, 0x0000023bb4fe0000, 0x0000023bb5310000]
 total_blobs=7879 nmethods=7117 adapters=664
 compilation: enabled
              stopped_count=0, restarted_count=0
 full_count=0

Compilation events (20 events):
Event: 4.582 Thread 0x0000023bc2b568e0 7664       4       sun.security.provider.MD5::implCompress0 (1407 bytes)
Event: 4.583 Thread 0x0000023bc2b55b40 nmethod 7666 0x0000023bae503e90 code [0x0000023bae504240, 0x0000023bae5058b8]
Event: 4.583 Thread 0x0000023bc2b55b40 7667       3       org.gradle.internal.fingerprint.classpath.impl.ClasspathFingerprintingStrategy$ClasspathFingerprintingVisitor$$Lambda/0x00000001006c3a10::<init> (10 bytes)
Event: 4.583 Thread 0x0000023bc2b55b40 nmethod 7667 0x0000023bae506590 code [0x0000023bae506740, 0x0000023bae5068f8]
Event: 4.583 Thread 0x0000023bc2b55b40 7668       3       org.gradle.api.internal.changedetection.state.DefaultRegularFileSnapshotContext::<init> (15 bytes)
Event: 4.583 Thread 0x0000023bc2b55b40 nmethod 7668 0x0000023bae506990 code [0x0000023bae506b40, 0x0000023bae506d60]
Event: 4.583 Thread 0x0000023bc2b55b40 7669       3       org.gradle.api.internal.changedetection.state.ZipHasher::isZipFile (19 bytes)
Event: 4.583 Thread 0x0000023bc2b55b40 nmethod 7669 0x0000023bae506e10 code [0x0000023bae507040, 0x0000023bae507638]
Event: 4.583 Thread 0x0000023bc2b55b40 7670       3       org.gradle.internal.fingerprint.classpath.impl.ClasspathFingerprintingStrategy$ClasspathFingerprintingVisitor$1::visitRegularFile (132 bytes)
Event: 4.584 Thread 0x0000023bc2b55b40 nmethod 7670 0x0000023bae507890 code [0x0000023bae507b60, 0x0000023bae5088f0]
Event: 4.584 Thread 0x0000023bc2b55b40 7671       3       org.gradle.api.internal.changedetection.state.SplitResourceSnapshotterCacheService::hashFile (47 bytes)
Event: 4.584 Thread 0x0000023bc2b55b40 nmethod 7671 0x0000023bae508e90 code [0x0000023bae509080, 0x0000023bae509610]
Event: 4.584 Thread 0x0000023bc2b55b40 7672       3       org.gradle.api.internal.changedetection.state.DefaultResourceSnapshotterCacheService::resourceHashCacheKey (25 bytes)
Event: 4.585 Thread 0x0000023bc2b55b40 nmethod 7672 0x0000023bae509890 code [0x0000023bae509c00, 0x0000023bae50b228]
Event: 4.585 Thread 0x0000023bc2b55b40 7673       3       org.gradle.api.internal.changedetection.state.DefaultResourceSnapshotterCacheService::hashFile (98 bytes)
Event: 4.586 Thread 0x0000023bc2b55b40 nmethod 7673 0x0000023bae50bb10 code [0x0000023bae50bf40, 0x0000023bae50dda0]
Event: 4.586 Thread 0x0000023bc2b55b40 7674       3       org.gradle.internal.fingerprint.impl.IgnoredPathFileSystemLocationFingerprint::appendToHasher (11 bytes)
Event: 4.586 Thread 0x0000023bc2b55b40 nmethod 7674 0x0000023bae50e890 code [0x0000023bae50eaa0, 0x0000023bae50f020]
Event: 4.588 Thread 0x0000023bc2b55b40 7675       1       org.gradle.api.internal.changedetection.state.DefaultRegularFileSnapshotContext::getRelativePathSegments (5 bytes)
Event: 4.588 Thread 0x0000023bc2b55b40 nmethod 7675 0x0000023bb5729190 code [0x0000023bb5729320, 0x0000023bb57293e8]

GC Heap History (20 events):
Event: 2.155 GC heap before
{Heap before GC invocations=6 (full 0):
 garbage-first heap   total 88064K, used 63794K [0x0000000080000000, 0x0000000100000000)
  region size 1024K, 51 young (52224K), 12 survivors (12288K)
 Metaspace       used 34961K, committed 35840K, reserved 1114112K
  class space    used 4660K, committed 5056K, reserved 1048576K
}
Event: 2.158 GC heap after
{Heap after GC invocations=7 (full 0):
 garbage-first heap   total 88064K, used 26432K [0x0000000080000000, 0x0000000100000000)
  region size 1024K, 6 young (6144K), 6 survivors (6144K)
 Metaspace       used 34961K, committed 35840K, reserved 1114112K
  class space    used 4660K, committed 5056K, reserved 1048576K
}
Event: 2.181 GC heap before
{Heap before GC invocations=7 (full 0):
 garbage-first heap   total 88064K, used 28480K [0x0000000080000000, 0x0000000100000000)
  region size 1024K, 9 young (9216K), 6 survivors (6144K)
 Metaspace       used 35292K, committed 36096K, reserved 1114112K
  class space    used 4724K, committed 5120K, reserved 1048576K
}
Event: 2.184 GC heap after
{Heap after GC invocations=8 (full 0):
 garbage-first heap   total 88064K, used 26865K [0x0000000080000000, 0x0000000100000000)
  region size 1024K, 3 young (3072K), 3 survivors (3072K)
 Metaspace       used 35292K, committed 36096K, reserved 1114112K
  class space    used 4724K, committed 5120K, reserved 1048576K
}
Event: 2.581 GC heap before
{Heap before GC invocations=9 (full 0):
 garbage-first heap   total 88064K, used 74993K [0x0000000080000000, 0x0000000100000000)
  region size 1024K, 50 young (51200K), 3 survivors (3072K)
 Metaspace       used 43454K, committed 44672K, reserved 1114112K
  class space    used 5844K, committed 6464K, reserved 1048576K
}
Event: 2.584 GC heap after
{Heap after GC invocations=10 (full 0):
 garbage-first heap   total 88064K, used 30328K [0x0000000080000000, 0x0000000100000000)
  region size 1024K, 7 young (7168K), 7 survivors (7168K)
 Metaspace       used 43454K, committed 44672K, reserved 1114112K
  class space    used 5844K, committed 6464K, reserved 1048576K
}
Event: 2.792 GC heap before
{Heap before GC invocations=10 (full 0):
 garbage-first heap   total 88064K, used 73336K [0x0000000080000000, 0x0000000100000000)
  region size 1024K, 50 young (51200K), 7 survivors (7168K)
 Metaspace       used 46688K, committed 47936K, reserved 1114112K
  class space    used 6237K, committed 6848K, reserved 1048576K
}
Event: 2.796 GC heap after
{Heap after GC invocations=11 (full 0):
 garbage-first heap   total 88064K, used 32560K [0x0000000080000000, 0x0000000100000000)
  region size 1024K, 7 young (7168K), 7 survivors (7168K)
 Metaspace       used 46688K, committed 47936K, reserved 1114112K
  class space    used 6237K, committed 6848K, reserved 1048576K
}
Event: 3.065 GC heap before
{Heap before GC invocations=11 (full 0):
 garbage-first heap   total 88064K, used 74544K [0x0000000080000000, 0x0000000100000000)
  region size 1024K, 48 young (49152K), 7 survivors (7168K)
 Metaspace       used 50238K, committed 51648K, reserved 1114112K
  class space    used 6807K, committed 7488K, reserved 1048576K
}
Event: 3.068 GC heap after
{Heap after GC invocations=12 (full 0):
 garbage-first heap   total 88064K, used 35039K [0x0000000080000000, 0x0000000100000000)
  region size 1024K, 3 young (3072K), 3 survivors (3072K)
 Metaspace       used 50238K, committed 51648K, reserved 1114112K
  class space    used 6807K, committed 7488K, reserved 1048576K
}
Event: 3.380 GC heap before
{Heap before GC invocations=12 (full 0):
 garbage-first heap   total 88064K, used 78047K [0x0000000080000000, 0x0000000100000000)
  region size 1024K, 44 young (45056K), 3 survivors (3072K)
 Metaspace       used 56417K, committed 57856K, reserved 1114112K
  class space    used 7588K, committed 8320K, reserved 1048576K
}
Event: 3.382 GC heap after
{Heap after GC invocations=13 (full 0):
 garbage-first heap   total 106496K, used 36230K [0x0000000080000000, 0x0000000100000000)
  region size 1024K, 5 young (5120K), 5 survivors (5120K)
 Metaspace       used 56417K, committed 57856K, reserved 1114112K
  class space    used 7588K, committed 8320K, reserved 1048576K
}
Event: 3.556 GC heap before
{Heap before GC invocations=13 (full 0):
 garbage-first heap   total 106496K, used 54662K [0x0000000080000000, 0x0000000100000000)
  region size 1024K, 24 young (24576K), 5 survivors (5120K)
 Metaspace       used 58972K, committed 60416K, reserved 1114112K
  class space    used 7963K, committed 8704K, reserved 1048576K
}
Event: 3.558 GC heap after
{Heap after GC invocations=14 (full 0):
 garbage-first heap   total 106496K, used 37256K [0x0000000080000000, 0x0000000100000000)
  region size 1024K, 6 young (6144K), 6 survivors (6144K)
 Metaspace       used 58972K, committed 60416K, reserved 1114112K
  class space    used 7963K, committed 8704K, reserved 1048576K
}
Event: 4.177 GC heap before
{Heap before GC invocations=15 (full 0):
 garbage-first heap   total 106496K, used 90504K [0x0000000080000000, 0x0000000100000000)
  region size 1024K, 59 young (60416K), 6 survivors (6144K)
 Metaspace       used 65247K, committed 66880K, reserved 1114112K
  class space    used 8923K, committed 9728K, reserved 1048576K
}
Event: 4.181 GC heap after
{Heap after GC invocations=16 (full 0):
 garbage-first heap   total 106496K, used 42015K [0x0000000080000000, 0x0000000100000000)
  region size 1024K, 8 young (8192K), 8 survivors (8192K)
 Metaspace       used 65247K, committed 66880K, reserved 1114112K
  class space    used 8923K, committed 9728K, reserved 1048576K
}
Event: 4.389 GC heap before
{Heap before GC invocations=16 (full 0):
 garbage-first heap   total 106496K, used 90143K [0x0000000080000000, 0x0000000100000000)
  region size 1024K, 56 young (57344K), 8 survivors (8192K)
 Metaspace       used 66258K, committed 67904K, reserved 1114112K
  class space    used 9057K, committed 9856K, reserved 1048576K
}
Event: 4.393 GC heap after
{Heap after GC invocations=17 (full 0):
 garbage-first heap   total 106496K, used 45718K [0x0000000080000000, 0x0000000100000000)
  region size 1024K, 5 young (5120K), 5 survivors (5120K)
 Metaspace       used 66258K, committed 67904K, reserved 1114112K
  class space    used 9057K, committed 9856K, reserved 1048576K
}
Event: 4.493 GC heap before
{Heap before GC invocations=17 (full 0):
 garbage-first heap   total 106496K, used 92822K [0x0000000080000000, 0x0000000100000000)
  region size 1024K, 52 young (53248K), 5 survivors (5120K)
 Metaspace       used 66569K, committed 68224K, reserved 1114112K
  class space    used 9057K, committed 9856K, reserved 1048576K
}
Event: 4.496 GC heap after
{Heap after GC invocations=18 (full 0):
 garbage-first heap   total 106496K, used 47104K [0x0000000080000000, 0x0000000100000000)
  region size 1024K, 4 young (4096K), 4 survivors (4096K)
 Metaspace       used 66569K, committed 68224K, reserved 1114112K
  class space    used 9057K, committed 9856K, reserved 1048576K
}

Dll operation events (3 events):
Event: 0.007 Loaded shared library D:\Android studio\jbr\bin\java.dll
Event: 0.011 Loaded shared library D:\Android studio\jbr\bin\zip.dll
Event: 0.362 Loaded shared library D:\Android studio\jbr\bin\verify.dll

Deoptimization events (20 events):
Event: 4.510 Thread 0x0000023bce9491b0 Uncommon trap: trap_request=0xffffffd6 fr.pc=0x0000023bb5719e30 relative=0x0000000000000350
Event: 4.510 Thread 0x0000023bce9491b0 Uncommon trap: reason=array_check action=maybe_recompile pc=0x0000023bb5719e30 method=com.google.common.collect.ImmutableMap$Builder.put(Ljava/lang/Object;Ljava/lang/Object;)Lcom/google/common/collect/ImmutableMap$Builder; @ 32 c2
Event: 4.510 Thread 0x0000023bce9491b0 DEOPT PACKING pc=0x0000023bb5719e30 sp=0x00000056eb2fcc80
Event: 4.510 Thread 0x0000023bce9491b0 DEOPT UNPACKING pc=0x0000023bb4dc46a2 sp=0x00000056eb2fcc30 mode 2
Event: 4.510 Thread 0x0000023bce9491b0 Uncommon trap: trap_request=0xffffffd6 fr.pc=0x0000023bb5719e30 relative=0x0000000000000350
Event: 4.510 Thread 0x0000023bce9491b0 Uncommon trap: reason=array_check action=maybe_recompile pc=0x0000023bb5719e30 method=com.google.common.collect.ImmutableMap$Builder.put(Ljava/lang/Object;Ljava/lang/Object;)Lcom/google/common/collect/ImmutableMap$Builder; @ 32 c2
Event: 4.510 Thread 0x0000023bce9491b0 DEOPT PACKING pc=0x0000023bb5719e30 sp=0x00000056eb2fcc80
Event: 4.510 Thread 0x0000023bce9491b0 DEOPT UNPACKING pc=0x0000023bb4dc46a2 sp=0x00000056eb2fcc30 mode 2
Event: 4.548 Thread 0x0000023bc8bdd360 Uncommon trap: trap_request=0xffffffc6 fr.pc=0x0000023bb571dfd0 relative=0x0000000000000370
Event: 4.548 Thread 0x0000023bc8bdd360 Uncommon trap: reason=bimorphic_or_optimized_type_check action=maybe_recompile pc=0x0000023bb571dfd0 method=com.google.common.cache.LocalCache$Segment.getEntry(Ljava/lang/Object;I)Lcom/google/common/cache/ReferenceEntry; @ 11 c2
Event: 4.548 Thread 0x0000023bc8bdd360 DEOPT PACKING pc=0x0000023bb571dfd0 sp=0x00000056e81f7d80
Event: 4.548 Thread 0x0000023bc8bdd360 DEOPT UNPACKING pc=0x0000023bb4dc46a2 sp=0x00000056e81f7d18 mode 2
Event: 4.554 Thread 0x0000023bc8bdd360 Uncommon trap: trap_request=0xffffff45 fr.pc=0x0000023bb5612e60 relative=0x0000000000005a80
Event: 4.554 Thread 0x0000023bc8bdd360 Uncommon trap: reason=unstable_if action=reinterpret pc=0x0000023bb5612e60 method=java.lang.invoke.InvokerBytecodeGenerator.emitReturnInsn(Ljava/lang/invoke/LambdaForm$BasicType;)V @ 8 c2
Event: 4.554 Thread 0x0000023bc8bdd360 DEOPT PACKING pc=0x0000023bb5612e60 sp=0x00000056e81f8ec0
Event: 4.554 Thread 0x0000023bc8bdd360 DEOPT UNPACKING pc=0x0000023bb4dc46a2 sp=0x00000056e81f8dc0 mode 2
Event: 4.555 Thread 0x0000023bc8bdd360 Uncommon trap: trap_request=0xffffff45 fr.pc=0x0000023bb557b4b8 relative=0x0000000000000098
Event: 4.555 Thread 0x0000023bc8bdd360 Uncommon trap: reason=unstable_if action=reinterpret pc=0x0000023bb557b4b8 method=java.util.Spliterator.getExactSizeIfKnown()J @ 9 c2
Event: 4.555 Thread 0x0000023bc8bdd360 DEOPT PACKING pc=0x0000023bb557b4b8 sp=0x00000056e81fa510
Event: 4.555 Thread 0x0000023bc8bdd360 DEOPT UNPACKING pc=0x0000023bb4dc46a2 sp=0x00000056e81fa498 mode 2

Classes loaded (20 events):
Event: 3.917 Loading class java/lang/System$Logger$Level
Event: 3.917 Loading class java/lang/System$Logger$Level done
Event: 3.917 Loading class jdk/internal/event/DeserializationEvent
Event: 3.917 Loading class jdk/internal/event/DeserializationEvent done
Event: 3.917 Loading class java/io/ObjectInputStream$FieldValues
Event: 3.918 Loading class java/io/ObjectInputStream$GetField
Event: 3.918 Loading class java/io/ObjectInputStream$GetField done
Event: 3.918 Loading class java/io/ObjectInputStream$FieldValues done
Event: 3.920 Loading class sun/reflect/ReflectionFactory
Event: 3.920 Loading class sun/reflect/ReflectionFactory done
Event: 3.920 Loading class sun/reflect/ReflectionFactory$1
Event: 3.920 Loading class sun/reflect/ReflectionFactory$1 done
Event: 4.135 Loading class java/util/Collections$ReverseComparator
Event: 4.135 Loading class java/util/Collections$ReverseComparator done
Event: 4.135 Loading class java/util/Collections$ReverseComparator2
Event: 4.136 Loading class java/util/Collections$ReverseComparator2 done
Event: 4.555 Loading class java/util/stream/SortedOps$RefSortingSink
Event: 4.555 Loading class java/util/stream/SortedOps$RefSortingSink done
Event: 4.561 Loading class java/time/Ser
Event: 4.561 Loading class java/time/Ser done

Classes unloaded (0 events):
No events

Classes redefined (0 events):
No events

Internal exceptions (20 events):
Event: 3.906 Thread 0x0000023bc8bdd360 Exception <a 'java/lang/NoSuchMethodError'{0x00000000840c2b08}: static Lorg/gradle/api/internal/artifacts/dependencies/AbstractVersionConstraint;.<clinit>()V> (0x00000000840c2b08) 
thrown [s\src\hotspot\share\prims\jni.cpp, line 1135]
Event: 3.911 Thread 0x0000023bc8bdd360 Exception <a 'java/lang/NoSuchMethodError'{0x0000000083f73ec8}: static Lorg/gradle/api/internal/catalog/PluginModel;.<clinit>()V> (0x0000000083f73ec8) 
thrown [s\src\hotspot\share\prims\jni.cpp, line 1135]
Event: 3.912 Thread 0x0000023bc8bdd360 Exception <a 'java/lang/NoSuchMethodError'{0x0000000083f8b400}: static Lorg/gradle/api/internal/catalog/VersionModel;.<clinit>()V> (0x0000000083f8b400) 
thrown [s\src\hotspot\share\prims\jni.cpp, line 1135]
Event: 3.913 Thread 0x0000023bc8bdd360 Exception <a 'java/lang/NoSuchMethodError'{0x0000000083fac700}: 'void java.lang.invoke.DirectMethodHandle$Holder.invokeSpecial(java.lang.Object, java.lang.Object, java.lang.Object, int)'> (0x0000000083fac700) 
thrown [s\src\hotspot\share\interpreter\linkResolver.cpp, line 784]
Event: 3.974 Thread 0x0000023bc8bdd360 Exception <a 'java/lang/NoSuchMethodError'{0x0000000083ba17f8}: 'int java.lang.invoke.DirectMethodHandle$Holder.invokeSpecialIFC(java.lang.Object, java.lang.Object, java.lang.Object)'> (0x0000000083ba17f8) 
thrown [s\src\hotspot\share\interpreter\linkResolver.cpp, line 784]
Event: 4.013 Thread 0x0000023bc8bdd360 Exception <a 'java/lang/NoSuchMethodError'{0x000000008373b600}: 'java.lang.Object java.lang.invoke.DirectMethodHandle$Holder.invokeSpecial(java.lang.Object, java.lang.Object, java.lang.Object, java.lang.Object, java.lang.Object, long)'> (0x000000008373b600) 
thrown [s\src\hotspot\share\interpreter\linkResolver.cpp, line 784]
Event: 4.014 Thread 0x0000023bc8bdd360 Exception <a 'java/lang/NoSuchMethodError'{0x000000008375c7b8}: 'void java.lang.invoke.DirectMethodHandle$Holder.invokeStatic(java.lang.Object, java.lang.Object, java.lang.Object, int, java.lang.Object)'> (0x000000008375c7b8) 
thrown [s\src\hotspot\share\interpreter\linkResolver.cpp, line 784]
Event: 4.216 Thread 0x0000023bc8bdd360 Exception <a 'java/lang/NoSuchMethodError'{0x000000008d620c08}: 'java.lang.Object java.lang.invoke.DirectMethodHandle$Holder.newInvokeSpecial(java.lang.Object, java.lang.Object, java.lang.Object, java.lang.Object, int, java.lang.Object)'> (0x000000008d620c08) 
thrown [s\src\hotspot\share\interpreter\linkResolver.cpp, line 784]
Event: 4.216 Thread 0x0000023bc8bdd360 Exception <a 'java/lang/NoSuchMethodError'{0x000000008d629448}: 'java.lang.Object java.lang.invoke.Invokers$Holder.linkToTargetMethod(java.lang.Object, java.lang.Object, java.lang.Object, int, java.lang.Object, java.lang.Object)'> (0x000000008d629448) 
thrown [s\src\hotspot\share\interpreter\linkResolver.cpp, line 784]
Event: 4.351 Thread 0x0000023bc8bdd360 Exception <a 'java/lang/NoSuchMethodError'{0x00000000847c2ea0}: 'java.lang.Object java.lang.invoke.DirectMethodHandle$Holder.invokeSpecialIFC(java.lang.Object, java.lang.Object, java.lang.Object)'> (0x00000000847c2ea0) 
thrown [s\src\hotspot\share\interpreter\linkResolver.cpp, line 784]
Event: 4.553 Thread 0x0000023bc8bdd360 Exception <a 'java/lang/NoSuchMethodError'{0x00000000854ed5c0}: 'void java.lang.invoke.DirectMethodHandle$Holder.invokeInterface(java.lang.Object, java.lang.Object, java.lang.Object, java.lang.Object)'> (0x00000000854ed5c0) 
thrown [s\src\hotspot\share\interpreter\linkResolver.cpp, line 784]
Event: 4.554 Thread 0x0000023bc8bdd360 Exception <a 'java/lang/NoSuchMethodError'{0x00000000853069f0}: 'long java.lang.invoke.DirectMethodHandle$Holder.invokeVirtual(java.lang.Object, java.lang.Object)'> (0x00000000853069f0) 
thrown [s\src\hotspot\share\interpreter\linkResolver.cpp, line 784]
Event: 4.557 Thread 0x0000023bc8e5fb60 Exception <a 'java/lang/NoSuchMethodError'{0x0000000085372368}: static Lorg/gradle/internal/build/event/types/DefaultOperationFinishedProgressEvent;.<clinit>()V> (0x0000000085372368) 
thrown [s\src\hotspot\share\prims\jni.cpp, line 1135]
Event: 4.559 Thread 0x0000023bc8e5fb60 Exception <a 'java/lang/NoSuchMethodError'{0x0000000085399028}: static Lorg/gradle/internal/build/event/types/DefaultProjectConfigurationSuccessResult;.<clinit>()V> (0x0000000085399028) 
thrown [s\src\hotspot\share\prims\jni.cpp, line 1135]
Event: 4.559 Thread 0x0000023bc8e5fb60 Exception <a 'java/lang/NoSuchMethodError'{0x000000008539a328}: static Lorg/gradle/internal/build/event/types/AbstractProjectConfigurationResult;.<clinit>()V> (0x000000008539a328) 
thrown [s\src\hotspot\share\prims\jni.cpp, line 1135]
Event: 4.559 Thread 0x0000023bc8e5fb60 Exception <a 'java/lang/NoSuchMethodError'{0x000000008539b8d0}: static Lorg/gradle/internal/build/event/types/AbstractOperationResult;.<clinit>()V> (0x000000008539b8d0) 
thrown [s\src\hotspot\share\prims\jni.cpp, line 1135]
Event: 4.559 Thread 0x0000023bc8e5fb60 Exception <a 'java/lang/NoSuchMethodError'{0x000000008539cac8}: static Lorg/gradle/internal/build/event/types/AbstractResult;.<clinit>()V> (0x000000008539cac8) 
thrown [s\src\hotspot\share\prims\jni.cpp, line 1135]
Event: 4.560 Thread 0x0000023bc8e5fb60 Exception <a 'java/lang/NoSuchMethodError'{0x00000000853b35c8}: static Lorg/gradle/internal/build/event/types/DefaultPluginApplicationResult;.<clinit>()V> (0x00000000853b35c8) 
thrown [s\src\hotspot\share\prims\jni.cpp, line 1135]
Event: 4.560 Thread 0x0000023bc8e5fb60 Exception <a 'java/lang/NoSuchMethodError'{0x00000000853beca8}: static Lorg/gradle/internal/build/event/types/DefaultBinaryPluginIdentifier;.<clinit>()V> (0x00000000853beca8) 
thrown [s\src\hotspot\share\prims\jni.cpp, line 1135]
Event: 4.562 Thread 0x0000023bc8e5fb60 Exception <a 'java/lang/NoSuchMethodError'{0x00000000853d6690}: static Lorg/gradle/internal/build/event/types/DefaultScriptPluginIdentifier;.<clinit>()V> (0x00000000853d6690) 
thrown [s\src\hotspot\share\prims\jni.cpp, line 1135]

ZGC Phase Switch (0 events):
No events

VM Operations (20 events):
Event: 4.052 Executing VM operation: ICBufferFull
Event: 4.052 Executing VM operation: ICBufferFull done
Event: 4.142 Executing VM operation: ICBufferFull
Event: 4.142 Executing VM operation: ICBufferFull done
Event: 4.146 Executing VM operation: HandshakeAllThreads (Deoptimize)
Event: 4.146 Executing VM operation: HandshakeAllThreads (Deoptimize) done
Event: 4.177 Executing VM operation: G1CollectForAllocation (G1 Evacuation Pause)
Event: 4.181 Executing VM operation: G1CollectForAllocation (G1 Evacuation Pause) done
Event: 4.203 Executing VM operation: HandshakeAllThreads (Deoptimize)
Event: 4.203 Executing VM operation: HandshakeAllThreads (Deoptimize) done
Event: 4.249 Executing VM operation: ICBufferFull
Event: 4.249 Executing VM operation: ICBufferFull done
Event: 4.340 Executing VM operation: ICBufferFull
Event: 4.341 Executing VM operation: ICBufferFull done
Event: 4.389 Executing VM operation: G1CollectForAllocation (G1 Evacuation Pause)
Event: 4.393 Executing VM operation: G1CollectForAllocation (G1 Evacuation Pause) done
Event: 4.486 Executing VM operation: ICBufferFull
Event: 4.487 Executing VM operation: ICBufferFull done
Event: 4.493 Executing VM operation: G1CollectForAllocation (G1 Evacuation Pause)
Event: 4.496 Executing VM operation: G1CollectForAllocation (G1 Evacuation Pause) done

Memory protections (0 events):
No events

Nmethod flushes (20 events):
Event: 3.572 Thread 0x0000023bc2a9cf20 flushing  nmethod 0x0000023bb53df210
Event: 3.572 Thread 0x0000023bc2a9cf20 flushing  nmethod 0x0000023bb5407510
Event: 3.572 Thread 0x0000023bc2a9cf20 flushing  nmethod 0x0000023bb5430710
Event: 3.572 Thread 0x0000023bc2a9cf20 flushing  nmethod 0x0000023bad8cc190
Event: 3.572 Thread 0x0000023bc2a9cf20 flushing  nmethod 0x0000023bad8d4190
Event: 3.572 Thread 0x0000023bc2a9cf20 flushing  nmethod 0x0000023bad8d4590
Event: 3.572 Thread 0x0000023bc2a9cf20 flushing  nmethod 0x0000023bad980c90
Event: 3.572 Thread 0x0000023bc2a9cf20 flushing  nmethod 0x0000023bada18090
Event: 3.572 Thread 0x0000023bc2a9cf20 flushing  nmethod 0x0000023bada18a90
Event: 3.572 Thread 0x0000023bc2a9cf20 flushing  nmethod 0x0000023bada19790
Event: 3.572 Thread 0x0000023bc2a9cf20 flushing  nmethod 0x0000023bada67890
Event: 3.572 Thread 0x0000023bc2a9cf20 flushing  nmethod 0x0000023badb11890
Event: 3.572 Thread 0x0000023bc2a9cf20 flushing  nmethod 0x0000023badb78f10
Event: 3.572 Thread 0x0000023bc2a9cf20 flushing  nmethod 0x0000023badb7c790
Event: 3.572 Thread 0x0000023bc2a9cf20 flushing  nmethod 0x0000023badbb4f90
Event: 3.572 Thread 0x0000023bc2a9cf20 flushing  nmethod 0x0000023badbba490
Event: 3.572 Thread 0x0000023bc2a9cf20 flushing  nmethod 0x0000023badbbc110
Event: 3.572 Thread 0x0000023bc2a9cf20 flushing  nmethod 0x0000023badc20610
Event: 3.572 Thread 0x0000023bc2a9cf20 flushing  nmethod 0x0000023badc20f10
Event: 3.572 Thread 0x0000023bc2a9cf20 flushing  nmethod 0x0000023bade3fa90

Events (20 events):
Event: 4.232 Thread 0x0000023bc8bdd360 Thread added: 0x0000023bcc6c4c20
Event: 4.233 Thread 0x0000023bc8bdd360 Thread added: 0x0000023bcc6c4590
Event: 4.234 Thread 0x0000023bc8bdd360 Thread added: 0x0000023bcc6c52b0
Event: 4.235 Thread 0x0000023bc8bdd360 Thread added: 0x0000023bcc6c5940
Event: 4.236 Thread 0x0000023bc8bdd360 Thread added: 0x0000023bce9456a0
Event: 4.237 Thread 0x0000023bc8bdd360 Thread added: 0x0000023bce945d30
Event: 4.238 Thread 0x0000023bc8bdd360 Thread added: 0x0000023bce946a50
Event: 4.239 Thread 0x0000023bc8bdd360 Thread added: 0x0000023bce9442f0
Event: 4.239 Thread 0x0000023bc8bdd360 Thread added: 0x0000023bce9463c0
Event: 4.351 Thread 0x0000023bc8bdd360 Thread added: 0x0000023bce943c60
Event: 4.352 Thread 0x0000023bc8bdd360 Thread added: 0x0000023bce9435d0
Event: 4.352 Thread 0x0000023bc8bdd360 Thread added: 0x0000023bce9470e0
Event: 4.353 Thread 0x0000023bc8bdd360 Thread added: 0x0000023bce947770
Event: 4.353 Thread 0x0000023bc8bdd360 Thread added: 0x0000023bce947e00
Event: 4.353 Thread 0x0000023bc8bdd360 Thread added: 0x0000023bce944980
Event: 4.354 Thread 0x0000023bc8bdd360 Thread added: 0x0000023bce948490
Event: 4.354 Thread 0x0000023bc8bdd360 Thread added: 0x0000023bce945010
Event: 4.354 Thread 0x0000023bc8bdd360 Thread added: 0x0000023bce9491b0
Event: 4.354 Thread 0x0000023bc8bdd360 Thread added: 0x0000023bce948b20
Event: 4.355 Thread 0x0000023bc8bdd360 Thread added: 0x0000023bce949840


Dynamic libraries:
0x00007ff78f740000 - 0x00007ff78f74a000 	D:\Android studio\jbr\bin\java.exe
0x00007ffcea7a0000 - 0x00007ffceaa06000 	C:\WINDOWS\SYSTEM32\ntdll.dll
0x00007ffce9140000 - 0x00007ffce9209000 	C:\WINDOWS\System32\KERNEL32.DLL
0x00007ffce7bf0000 - 0x00007ffce7fbc000 	C:\WINDOWS\System32\KERNELBASE.dll
0x00007ffce8410000 - 0x00007ffce855b000 	C:\WINDOWS\System32\ucrtbase.dll
0x00007ffcdb5d0000 - 0x00007ffcdb5e8000 	D:\Android studio\jbr\bin\jli.dll
0x00007ffcdb600000 - 0x00007ffcdb61b000 	D:\Android studio\jbr\bin\VCRUNTIME140.dll
0x00007ffce9810000 - 0x00007ffce99da000 	C:\WINDOWS\System32\USER32.dll
0x00007ffce8050000 - 0x00007ffce8077000 	C:\WINDOWS\System32\win32u.dll
0x00007ffcdb9e0000 - 0x00007ffcdbc7a000 	C:\WINDOWS\WinSxS\amd64_microsoft.windows.common-controls_6595b64144ccf1df_6.0.26100.3912_none_3e07963ce335137e\COMCTL32.dll
0x00007ffce8f20000 - 0x00007ffce8f4b000 	C:\WINDOWS\System32\GDI32.dll
0x00007ffcea220000 - 0x00007ffcea2c9000 	C:\WINDOWS\System32\msvcrt.dll
0x00007ffce7930000 - 0x00007ffce7a62000 	C:\WINDOWS\System32\gdi32full.dll
0x00007ffce8120000 - 0x00007ffce81c3000 	C:\WINDOWS\System32\msvcp_win.dll
0x00007ffce9070000 - 0x00007ffce90a0000 	C:\WINDOWS\System32\IMM32.DLL
0x00007ffce4880000 - 0x00007ffce488c000 	D:\Android studio\jbr\bin\vcruntime140_1.dll
0x00007ffc66690000 - 0x00007ffc6671d000 	D:\Android studio\jbr\bin\msvcp140.dll
0x00007ffc31360000 - 0x00007ffc31feb000 	D:\Android studio\jbr\bin\server\jvm.dll
0x00007ffce8de0000 - 0x00007ffce8e92000 	C:\WINDOWS\System32\ADVAPI32.dll
0x00007ffce9760000 - 0x00007ffce9806000 	C:\WINDOWS\System32\sechost.dll
0x00007ffce8f50000 - 0x00007ffce9066000 	C:\WINDOWS\System32\RPCRT4.dll
0x00007ffcea6e0000 - 0x00007ffcea754000 	C:\WINDOWS\System32\WS2_32.dll
0x00007ffce7780000 - 0x00007ffce77de000 	C:\WINDOWS\SYSTEM32\POWRPROF.dll
0x00007ffcd9b60000 - 0x00007ffcd9b96000 	C:\WINDOWS\SYSTEM32\WINMM.dll
0x00007ffcdf100000 - 0x00007ffcdf10b000 	C:\WINDOWS\SYSTEM32\VERSION.dll
0x00007ffce7750000 - 0x00007ffce7764000 	C:\WINDOWS\SYSTEM32\UMPDC.dll
0x00007ffce66b0000 - 0x00007ffce66ca000 	C:\WINDOWS\SYSTEM32\kernel.appcore.dll
0x00007ffcdb5f0000 - 0x00007ffcdb5fa000 	D:\Android studio\jbr\bin\jimage.dll
0x00007ffcde3b0000 - 0x00007ffcde5f1000 	C:\WINDOWS\SYSTEM32\DBGHELP.DLL
0x00007ffcea340000 - 0x00007ffcea6c4000 	C:\WINDOWS\System32\combase.dll
0x00007ffce8b30000 - 0x00007ffce8c10000 	C:\WINDOWS\System32\OLEAUT32.dll
0x00007ffcc0ca0000 - 0x00007ffcc0cd9000 	C:\WINDOWS\SYSTEM32\dbgcore.DLL
0x00007ffce8080000 - 0x00007ffce8119000 	C:\WINDOWS\System32\bcryptPrimitives.dll
0x00007ffcdcce0000 - 0x00007ffcdccee000 	D:\Android studio\jbr\bin\instrument.dll
0x00007ffcd8e50000 - 0x00007ffcd8e70000 	D:\Android studio\jbr\bin\java.dll
0x00007ffcd8e30000 - 0x00007ffcd8e48000 	D:\Android studio\jbr\bin\zip.dll
0x00007ffce99e0000 - 0x00007ffcea10d000 	C:\WINDOWS\System32\SHELL32.dll
0x00007ffce7a70000 - 0x00007ffce7be4000 	C:\WINDOWS\System32\wintypes.dll
0x00007ffce5560000 - 0x00007ffce5db6000 	C:\WINDOWS\SYSTEM32\windows.storage.dll
0x00007ffcea110000 - 0x00007ffcea1ff000 	C:\WINDOWS\System32\SHCORE.dll
0x00007ffce9510000 - 0x00007ffce9579000 	C:\WINDOWS\System32\shlwapi.dll
0x00007ffce7840000 - 0x00007ffce786f000 	C:\WINDOWS\SYSTEM32\profapi.dll
0x00007ffcd6a80000 - 0x00007ffcd6a90000 	D:\Android studio\jbr\bin\net.dll
0x00007ffce1110000 - 0x00007ffce122e000 	C:\WINDOWS\SYSTEM32\WINHTTP.dll
0x00007ffce6c00000 - 0x00007ffce6c6a000 	C:\WINDOWS\system32\mswsock.dll
0x00007ffcd67a0000 - 0x00007ffcd67b6000 	D:\Android studio\jbr\bin\nio.dll
0x00007ffcd5070000 - 0x00007ffcd5080000 	D:\Android studio\jbr\bin\verify.dll
0x00007ffc87090000 - 0x00007ffc870b7000 	C:\Users\cccc6\.gradle\native\c067742578af261105cb4f569cf0c3c89f3d7b1fecec35dd04571415982c5e48\windows-amd64\native-platform.dll
0x00007ffc66540000 - 0x00007ffc66684000 	C:\Users\cccc6\.gradle\native\100fb08df4bc3b14c8652ba06237920a3bd2aa13389f12d3474272988ae205f9\windows-amd64\native-platform-file-events.dll
0x00007ffcd6730000 - 0x00007ffcd6739000 	D:\Android studio\jbr\bin\management.dll
0x00007ffcd6720000 - 0x00007ffcd672b000 	D:\Android studio\jbr\bin\management_ext.dll
0x00007ffcea6d0000 - 0x00007ffcea6d8000 	C:\WINDOWS\System32\PSAPI.DLL
0x00007ffce6fc0000 - 0x00007ffce6fdc000 	C:\WINDOWS\SYSTEM32\CRYPTSP.dll
0x00007ffce6610000 - 0x00007ffce664a000 	C:\WINDOWS\system32\rsaenh.dll
0x00007ffce6ca0000 - 0x00007ffce6ccb000 	C:\WINDOWS\SYSTEM32\USERENV.dll
0x00007ffce7810000 - 0x00007ffce7836000 	C:\WINDOWS\SYSTEM32\bcrypt.dll
0x00007ffce6e30000 - 0x00007ffce6e3c000 	C:\WINDOWS\SYSTEM32\CRYPTBASE.dll
0x00007ffce60d0000 - 0x00007ffce6103000 	C:\WINDOWS\SYSTEM32\IPHLPAPI.DLL
0x00007ffcea210000 - 0x00007ffcea21a000 	C:\WINDOWS\System32\NSI.dll
0x00007ffcd6740000 - 0x00007ffcd6749000 	D:\Android studio\jbr\bin\extnet.dll
0x00007ffccfba0000 - 0x00007ffccfba8000 	C:\WINDOWS\system32\wshunix.dll

dbghelp: loaded successfully - version: 4.0.5 - missing functions: none
symbol engine: initialized successfully - sym options: 0x614 - pdb path: .;D:\Android studio\jbr\bin;C:\WINDOWS\SYSTEM32;C:\WINDOWS\WinSxS\amd64_microsoft.windows.common-controls_6595b64144ccf1df_6.0.26100.3912_none_3e07963ce335137e;D:\Android studio\jbr\bin\server;C:\Users\cccc6\.gradle\native\c067742578af261105cb4f569cf0c3c89f3d7b1fecec35dd04571415982c5e48\windows-amd64;C:\Users\cccc6\.gradle\native\100fb08df4bc3b14c8652ba06237920a3bd2aa13389f12d3474272988ae205f9\windows-amd64

VM Arguments:
jvm_args: --add-opens=java.base/java.lang=ALL-UNNAMED --add-opens=java.base/java.lang.invoke=ALL-UNNAMED --add-opens=java.base/java.util=ALL-UNNAMED --add-opens=java.prefs/java.util.prefs=ALL-UNNAMED --add-exports=jdk.compiler/com.sun.tools.javac.api=ALL-UNNAMED --add-exports=jdk.compiler/com.sun.tools.javac.util=ALL-UNNAMED --add-opens=java.base/java.util=ALL-UNNAMED --add-opens=java.prefs/java.util.prefs=ALL-UNNAMED --add-opens=java.base/java.nio.charset=ALL-UNNAMED --add-opens=java.base/java.net=ALL-UNNAMED --add-opens=java.base/java.util.concurrent.atomic=ALL-UNNAMED --add-opens=java.xml/javax.xml.namespace=ALL-UNNAMED -Xmx2048m -Dfile.encoding=UTF-8 -Duser.country=RU -Duser.language=ru -Duser.variant -javaagent:C:\Users\cccc6\.gradle\wrapper\dists\gradle-8.11.1-bin\bpt9gzteqjrbo1mjrsomdt32c\gradle-8.11.1\lib\agents\gradle-instrumentation-agent-8.11.1.jar 
java_command: org.gradle.launcher.daemon.bootstrap.GradleDaemon 8.11.1
java_class_path (initial): C:\Users\cccc6\.gradle\wrapper\dists\gradle-8.11.1-bin\bpt9gzteqjrbo1mjrsomdt32c\gradle-8.11.1\lib\gradle-daemon-main-8.11.1.jar
Launcher Type: SUN_STANDARD

[Global flags]
     intx CICompilerCount                          = 4                                         {product} {ergonomic}
     uint ConcGCThreads                            = 3                                         {product} {ergonomic}
     uint G1ConcRefinementThreads                  = 10                                        {product} {ergonomic}
   size_t G1HeapRegionSize                         = 1048576                                   {product} {ergonomic}
    uintx GCDrainStackTargetSize                   = 64                                        {product} {ergonomic}
   size_t InitialHeapSize                          = 255852544                                 {product} {ergonomic}
   size_t MarkStackSize                            = 4194304                                   {product} {ergonomic}
   size_t MaxHeapSize                              = 2147483648                                {product} {command line}
   size_t MaxNewSize                               = 1287651328                                {product} {ergonomic}
   size_t MinHeapDeltaBytes                        = 1048576                                   {product} {ergonomic}
   size_t MinHeapSize                              = 8388608                                   {product} {ergonomic}
    uintx NonNMethodCodeHeapSize                   = 5839372                                {pd product} {ergonomic}
    uintx NonProfiledCodeHeapSize                  = 122909434                              {pd product} {ergonomic}
    uintx ProfiledCodeHeapSize                     = 122909434                              {pd product} {ergonomic}
    uintx ReservedCodeCacheSize                    = 251658240                              {pd product} {ergonomic}
     bool SegmentedCodeCache                       = true                                      {product} {ergonomic}
   size_t SoftMaxHeapSize                          = 2147483648                             {manageable} {ergonomic}
     bool UseCompressedOops                        = true                           {product lp64_product} {ergonomic}
     bool UseG1GC                                  = true                                      {product} {ergonomic}
     bool UseLargePagesIndividualAllocation        = false                                  {pd product} {ergonomic}

Logging:
Log output configuration:
 #0: stdout all=warning uptime,level,tags foldmultilines=false
 #1: stderr all=off uptime,level,tags foldmultilines=false

Environment Variables:
JAVA_HOME=C:\Program Files\Eclipse Adoptium\jdk-17.0.14.7-hotspot\
PATH=C:\Program Files\Eclipse Adoptium\jdk-17.0.14.7-hotspot\bin;C:\Program Files\Common Files\Oracle\Java\javapath;C:\Program Files (x86)\Common Files\Oracle\Java\javapath;C:\WINDOWS\system32;C:\WINDOWS;C:\WINDOWS\System32\Wbem;C:\WINDOWS\System32\WindowsPowerShell\v1.0\;C:\WINDOWS\System32\OpenSSH\;C:\Program Files (x86)\NVIDIA Corporation\PhysX\Common;C:\Program Files\dotnet\;C:\Program Files\NVIDIA Corporation\NVIDIA app\NvDLISR;D:\programs\Git\cmd;C:\Users\cccc6\AppData\Local\Programs\Python\Python313\Scripts\;C:\Users\cccc6\AppData\Local\Programs\Python\Python313\;D:\OSPanel\bin;C:\Users\cccc6\AppData\Local\Microsoft\WindowsApps;D:\programs\Microsoft VS Code\bin;D:\programs\heroku\bin;D:\programs\PyCharm 2024.3.5\bin;
USERNAME=nastysha
OS=Windows_NT
PROCESSOR_IDENTIFIER=AMD64 Family 25 Model 68 Stepping 1, AuthenticAMD
TMP=C:\Users\cccc6\AppData\Local\Temp
TEMP=C:\Users\cccc6\AppData\Local\Temp




Periodic native trim disabled

JNI global refs:
JNI global refs: 29, weak refs: 0

JNI global refs memory usage: 835, weak refs: 201

Process memory usage:
Resident Set Size: 341932K (2% of 15930392K total physical memory with 2184384K free physical memory)

OOME stack traces (most recent first):
Classloader memory used:
Loader org.gradle.internal.classloader.VisitableURLClassLoader                         : 33555K
Loader bootstrap                                                                       : 22791K
Loader org.gradle.initialization.MixInLegacyTypesClassLoader                           : 9484K
Loader jdk.internal.loader.ClassLoaders$PlatformClassLoader                            : 528K
Loader jdk.internal.loader.ClassLoaders$AppClassLoader                                 : 234K
Loader jdk.internal.reflect.DelegatingClassLoader                                      : 130K
Loader org.gradle.internal.classloader.VisitableURLClassLoader                         : 118K

Classes loaded by more than one classloader:
Class Program                                                                         : loaded 4 times (x 70B)
Class org.gradle.internal.classloader.ClassLoaderHierarchy                            : loaded 2 times (x 66B)
Class org.gradle.api.internal.classpath.ManifestUtil                                  : loaded 2 times (x 67B)
Class org.gradle.internal.classloader.DefaultClassLoaderFactory                       : loaded 2 times (x 78B)
Class org.gradle.internal.classloader.ClassLoaderVisitor                              : loaded 2 times (x 72B)
Class org.gradle.api.internal.classpath.EffectiveClassPath                            : loaded 2 times (x 86B)
Class org.gradle.api.internal.DefaultClassPathProvider                                : loaded 2 times (x 72B)
Class [Lorg.gradle.api.internal.ClassPathProvider;                                    : loaded 2 times (x 65B)
Class org.gradle.api.internal.ClassPathProvider                                       : loaded 2 times (x 66B)
Class org.gradle.internal.service.UnknownServiceException                             : loaded 2 times (x 79B)
Class org.gradle.internal.classpath.TransformedClassPath                              : loaded 2 times (x 92B)
Class org.gradle.internal.classloader.InstrumentingClassLoader                        : loaded 2 times (x 66B)
Class org.gradle.internal.service.ServiceLocator                                      : loaded 2 times (x 66B)
Class org.gradle.kotlin.dsl.VersionCatalogAccessorsKt                                 : loaded 2 times (x 67B)
Class org.gradle.internal.InternalTransformer                                         : loaded 2 times (x 66B)
Class org.gradle.internal.classloader.ClasspathUtil$1                                 : loaded 2 times (x 72B)
Class org.gradle.api.internal.classpath.DefaultModuleRegistry$DefaultModule           : loaded 2 times (x 82B)
Class org.gradle.api.internal.classpath.Module                                        : loaded 2 times (x 66B)
Class org.gradle.api.internal.classpath.UnknownModuleException                        : loaded 2 times (x 78B)
Class org.gradle.api.internal.DefaultClassPathRegistry                                : loaded 2 times (x 72B)
Class org.gradle.api.internal.ClassPathRegistry                                       : loaded 2 times (x 66B)
Class org.gradle.internal.classpath.DefaultClassPath$ImmutableUniqueList              : loaded 2 times (x 195B)
Class org.gradle.internal.classloader.FilteringClassLoader                            : loaded 2 times (x 101B)
Class Settings_gradle$1                                                               : loaded 2 times (x 70B)
Class org.gradle.internal.classpath.ClassPath                                         : loaded 2 times (x 66B)
Class org.gradle.api.UncheckedIOException                                             : loaded 2 times (x 78B)
Class org.gradle.internal.installation.GradleInstallation$1                           : loaded 2 times (x 71B)
Class org.gradle.api.internal.classpath.ModuleRegistry                                : loaded 2 times (x 66B)
Class org.gradle.api.internal.classpath.DefaultModuleRegistry                         : loaded 2 times (x 82B)
Class org.gradle.internal.service.ServiceLookupException                              : loaded 2 times (x 78B)
Class org.gradle.internal.classloader.ClassLoaderFactory                              : loaded 2 times (x 66B)
Class org.gradle.internal.service.CachingServiceLocator                               : loaded 2 times (x 78B)
Class org.gradle.internal.classloader.ClasspathUtil                                   : loaded 2 times (x 67B)
Class org.gradle.api.specs.Spec                                                       : loaded 2 times (x 66B)
Class Build_gradle$1                                                                  : loaded 2 times (x 74B)
Class org.gradle.internal.classloader.VisitableURLClassLoader$InstrumentingVisitableURLClassLoader: loaded 2 times (x 119B)
Class org.gradle.internal.classloader.VisitableURLClassLoader$Spec                    : loaded 2 times (x 70B)
Class org.gradle.internal.classpath.DefaultClassPath                                  : loaded 2 times (x 86B)
Class org.gradle.internal.classloader.ClassLoaderSpec                                 : loaded 2 times (x 67B)
Class Settings_gradle$1$1                                                             : loaded 2 times (x 70B)
Class org.gradle.internal.classloader.VisitableURLClassLoader                         : loaded 2 times (x 113B)
Class Settings_gradle                                                                 : loaded 2 times (x 124B)
Class org.gradle.internal.Cast                                                        : loaded 2 times (x 67B)
Class org.gradle.api.Action                                                           : loaded 2 times (x 66B)
Class org.gradle.internal.classpath.DefaultClassPath$ImmutableUniqueList$Builder      : loaded 2 times (x 71B)
Class org.gradle.api.GradleException                                                  : loaded 2 times (x 78B)
Class org.gradle.internal.IoActions                                                   : loaded 2 times (x 67B)
Class org.gradle.internal.classloader.SystemClassLoaderSpec                           : loaded 2 times (x 67B)
Class org.gradle.api.internal.classpath.GlobalCacheRootsProvider                      : loaded 2 times (x 66B)
Class Build_gradle                                                                    : loaded 2 times (x 68B)
Class org.gradle.internal.installation.CurrentGradleInstallationLocator               : loaded 2 times (x 67B)
Class org.gradle.internal.service.DefaultServiceLocator                               : loaded 2 times (x 79B)
Class org.gradle.internal.installation.CurrentGradleInstallation                      : loaded 2 times (x 69B)
Class org.gradle.util.internal.GUtil                                                  : loaded 2 times (x 67B)
Class org.gradle.internal.installation.GradleInstallation                             : loaded 2 times (x 71B)

---------------  S Y S T E M  ---------------

OS:
 Windows 11 , 64 bit Build 26100 (10.0.26100.3912)
OS uptime: 2 days 19:09 hours
Hyper-V role detected

CPU: total 12 (initial active 12) (12 cores per cpu, 2 threads per core) family 25 model 68 stepping 1 microcode 0xa404102, cx8, cmov, fxsr, ht, mmx, 3dnowpref, sse, sse2, sse3, ssse3, sse4a, sse4.1, sse4.2, popcnt, lzcnt, tsc, tscinvbit, avx, avx2, aes, erms, clmul, bmi1, bmi2, adx, sha, fma, vzeroupper, clflush, clflushopt, hv, rdtscp, rdpid, fsrm, f16c, cet_ss
Processor Information for the first 12 processors :
  Max Mhz: 3301, Current Mhz: 3301, Mhz Limit: 3301

Memory: 4k page, system-wide physical 15557M (2132M free)
TotalPageFile size 30493M (AvailPageFile size 11M)
current process WorkingSet (physical memory assigned to process): 333M, peak: 335M
current process commit charge ("private bytes"): 372M, peak: 377M

vm_info: OpenJDK 64-Bit Server VM (21.0.6+-13355223-b631.42) for windows-amd64 JRE (21.0.6+-13355223-b631.42), built on 2025-04-14T18:21:23Z by "builder" with MS VC++ 16.10 / 16.11 (VS2019)

END.
