#
# There is insufficient memory for the Java Runtime Environment to continue.
# Native memory allocation (malloc) failed to allocate 1081936 bytes. Error detail: Chunk::new
# Possible reasons:
#   The system is out of physical RAM or swap space
#   This process is running with CompressedOops enabled, and the Java Heap may be blocking the growth of the native heap
# Possible solutions:
#   Reduce memory load on the system
#   Increase physical memory or swap space
#   Check if swap backing store is full
#   Decrease Java heap size (-Xmx/-Xms)
#   Decrease number of Java threads
#   Decrease Java thread stack sizes (-Xss)
#   Set larger code cache with -XX:ReservedCodeCacheSize=
#   JVM is running with Unscaled Compressed Oops mode in which the Java heap is
#     placed in the first 4GB address space. The Java Heap base address is the
#     maximum limit for the native heap growth. Please use -XX:HeapBaseMinAddress
#     to set the Java Heap base and to place the Java Heap above 4GB virtual address.
# This output file may be truncated or incomplete.
#
#  Out of Memory Error (arena.cpp:168), pid=16228, tid=6988
#
# JRE version: OpenJDK Runtime Environment (21.0.6) (build 21.0.6+-13355223-b631.42)
# Java VM: OpenJDK 64-Bit Server VM (21.0.6+-13355223-b631.42, mixed mode, tiered, compressed oops, compressed class ptrs, g1 gc, windows-amd64)
# No core dump will be written. Minidumps are not enabled by default on client versions of Windows
#

---------------  S U M M A R Y ------------

Command Line: --add-opens=java.base/java.lang=ALL-UNNAMED --add-opens=java.base/java.lang.invoke=ALL-UNNAMED --add-opens=java.base/java.util=ALL-UNNAMED --add-opens=java.prefs/java.util.prefs=ALL-UNNAMED --add-exports=jdk.compiler/com.sun.tools.javac.api=ALL-UNNAMED --add-exports=jdk.compiler/com.sun.tools.javac.util=ALL-UNNAMED --add-opens=java.base/java.util=ALL-UNNAMED --add-opens=java.prefs/java.util.prefs=ALL-UNNAMED --add-opens=java.base/java.nio.charset=ALL-UNNAMED --add-opens=java.base/java.net=ALL-UNNAMED --add-opens=java.base/java.util.concurrent.atomic=ALL-UNNAMED --add-opens=java.xml/javax.xml.namespace=ALL-UNNAMED -Xmx2048m -Dfile.encoding=UTF-8 -Duser.country=RU -Duser.language=ru -Duser.variant -javaagent:C:\Users\cccc6\.gradle\wrapper\dists\gradle-8.11.1-bin\bpt9gzteqjrbo1mjrsomdt32c\gradle-8.11.1\lib\agents\gradle-instrumentation-agent-8.11.1.jar org.gradle.launcher.daemon.bootstrap.GradleDaemon 8.11.1

Host: AMD Ryzen 5 6600H with Radeon Graphics         , 12 cores, 15G,  Windows 11 , 64 bit Build 26100 (10.0.26100.3912)
Time: Thu May 15 18:36:10 2025  Windows 11 , 64 bit Build 26100 (10.0.26100.3912) elapsed time: 6.875113 seconds (0d 0h 0m 6s)

---------------  T H R E A D  ---------------

Current thread (0x00000221532bc640):  JavaThread "C2 CompilerThread1" daemon [_thread_in_native, id=6988, stack(0x0000009cfae00000,0x0000009cfaf00000) (1024K)]


Current CompileTask:
C2:6875 7031   !   4       java.nio.file.FileTreeWalker::next (144 bytes)

Stack: [0x0000009cfae00000,0x0000009cfaf00000]
Native frames: (J=compiled Java code, j=interpreted, Vv=VM code, C=native code)
V  [jvm.dll+0x6d05a9]
V  [jvm.dll+0x85ea73]
V  [jvm.dll+0x860fce]
V  [jvm.dll+0x8616b3]
V  [jvm.dll+0x27e6e6]
V  [jvm.dll+0xbff6d]
V  [jvm.dll+0xc04a3]
V  [jvm.dll+0x3b6131]
V  [jvm.dll+0x382097]
V  [jvm.dll+0x38150a]
V  [jvm.dll+0x247c82]
V  [jvm.dll+0x247251]
V  [jvm.dll+0x1c5f04]
V  [jvm.dll+0x2569ac]
V  [jvm.dll+0x254ef6]
V  [jvm.dll+0x3f0e56]
V  [jvm.dll+0x806e48]
V  [jvm.dll+0x6cee7d]
C  [ucrtbase.dll+0x37b0]
C  [KERNEL32.DLL+0x2e8d7]
C  [ntdll.dll+0x9c5dc]


---------------  P R O C E S S  ---------------

Threads class SMR info:
_java_thread_list=0x00000221554b5a70, length=67, elements={
0x0000022134f305b0, 0x000002214cb93cf0, 0x000002214cb94840, 0x000002214cb9c240,
0x000002214cb7f300, 0x000002214cb808c0, 0x000002214cb95a10, 0x000002214cb98a90,
0x000002214cbbaac0, 0x000002214cc90050, 0x000002214ce8e860, 0x0000022152c3c4d0,
0x0000022152d9fa30, 0x0000022152d811f0, 0x0000022152ba90b0, 0x0000022152bba560,
0x0000022152cdbe80, 0x0000022152cdc4e0, 0x0000022152b6c140, 0x0000022152b5a320,
0x0000022152b5a9b0, 0x0000022152b5b6d0, 0x0000022152b5ca80, 0x0000022152b5d110,
0x00000221532bc640, 0x000002215306e6a0, 0x0000022152b5b040, 0x0000022152b5bd60,
0x0000022152b5c3f0, 0x0000022152b5d7a0, 0x00000221536b4d80, 0x00000221536b5410,
0x00000221536b74e0, 0x00000221536b46f0, 0x000002215550fe20, 0x000002215550d6c0,
0x000002215550f790, 0x000002215550dd50, 0x000002215550e3e0, 0x00000221555104b0,
0x000002215550f100, 0x000002215550d030, 0x00000221545e33f0, 0x00000221545e26d0,
0x00000221545e5b50, 0x00000221545e54c0, 0x00000221545e61e0, 0x00000221545e47a0,
0x00000221545e4e30, 0x00000221545e2d60, 0x00000221545e4110, 0x00000221545e6870,
0x00000221545e6f00, 0x00000221545e3a80, 0x00000221545e9cf0, 0x00000221545e82b0,
0x00000221545e7590, 0x00000221545e7c20, 0x00000221545e8940, 0x00000221545e8fd0,
0x00000221545e9660, 0x00000221536b6e50, 0x0000022157229860, 0x00000221572284b0,
0x000002215722b930, 0x0000022157229ef0, 0x000002215722a580
}

Java Threads: ( => current thread )
  0x0000022134f305b0 JavaThread "main"                              [_thread_blocked, id=16596, stack(0x0000009cf8400000,0x0000009cf8500000) (1024K)]
  0x000002214cb93cf0 JavaThread "Reference Handler"          daemon [_thread_blocked, id=30412, stack(0x0000009cf8c00000,0x0000009cf8d00000) (1024K)]
  0x000002214cb94840 JavaThread "Finalizer"                  daemon [_thread_blocked, id=25848, stack(0x0000009cf8d00000,0x0000009cf8e00000) (1024K)]
  0x000002214cb9c240 JavaThread "Signal Dispatcher"          daemon [_thread_blocked, id=18428, stack(0x0000009cf8e00000,0x0000009cf8f00000) (1024K)]
  0x000002214cb7f300 JavaThread "Attach Listener"            daemon [_thread_blocked, id=16708, stack(0x0000009cf8f00000,0x0000009cf9000000) (1024K)]
  0x000002214cb808c0 JavaThread "Service Thread"             daemon [_thread_blocked, id=8084, stack(0x0000009cf9000000,0x0000009cf9100000) (1024K)]
  0x000002214cb95a10 JavaThread "Monitor Deflation Thread"   daemon [_thread_blocked, id=26884, stack(0x0000009cf9100000,0x0000009cf9200000) (1024K)]
  0x000002214cb98a90 JavaThread "C2 CompilerThread0"         daemon [_thread_in_native, id=27520, stack(0x0000009cf9200000,0x0000009cf9300000) (1024K)]
  0x000002214cbbaac0 JavaThread "C1 CompilerThread0"         daemon [_thread_in_native, id=14600, stack(0x0000009cf9300000,0x0000009cf9400000) (1024K)]
  0x000002214cc90050 JavaThread "Common-Cleaner"             daemon [_thread_blocked, id=19556, stack(0x0000009cf9400000,0x0000009cf9500000) (1024K)]
  0x000002214ce8e860 JavaThread "Notification Thread"        daemon [_thread_blocked, id=31476, stack(0x0000009cf9500000,0x0000009cf9600000) (1024K)]
  0x0000022152c3c4d0 JavaThread "Daemon health stats"               [_thread_blocked, id=12324, stack(0x0000009cf9d00000,0x0000009cf9e00000) (1024K)]
  0x0000022152d9fa30 JavaThread "Incoming local TCP Connector on port 55896"        [_thread_in_native, id=21140, stack(0x0000009cf9e00000,0x0000009cf9f00000) (1024K)]
  0x0000022152d811f0 JavaThread "Daemon periodic checks"            [_thread_blocked, id=20460, stack(0x0000009cf9f00000,0x0000009cfa000000) (1024K)]
  0x0000022152ba90b0 JavaThread "Daemon"                            [_thread_blocked, id=18688, stack(0x0000009cfa000000,0x0000009cfa100000) (1024K)]
  0x0000022152bba560 JavaThread "Handler for socket connection from /127.0.0.1:55896 to /127.0.0.1:55897"        [_thread_in_native, id=23024, stack(0x0000009cfa100000,0x0000009cfa200000) (1024K)]
  0x0000022152cdbe80 JavaThread "Cancel handler"                    [_thread_blocked, id=14196, stack(0x0000009cfa200000,0x0000009cfa300000) (1024K)]
  0x0000022152cdc4e0 JavaThread "Daemon worker"                     [_thread_in_Java, id=7844, stack(0x0000009cfa300000,0x0000009cfa400000) (1024K)]
  0x0000022152b6c140 JavaThread "Asynchronous log dispatcher for DefaultDaemonConnection: socket connection from /127.0.0.1:55896 to /127.0.0.1:55897"        [_thread_blocked, id=8892, stack(0x0000009cfa400000,0x0000009cfa500000) (1024K)]
  0x0000022152b5a320 JavaThread "Stdin handler"                     [_thread_blocked, id=14984, stack(0x0000009cfa500000,0x0000009cfa600000) (1024K)]
  0x0000022152b5a9b0 JavaThread "Daemon client event forwarder"        [_thread_blocked, id=4572, stack(0x0000009cfa600000,0x0000009cfa700000) (1024K)]
  0x0000022152b5b6d0 JavaThread "Cache worker for journal cache (C:\Users\cccc6\.gradle\caches\journal-1)"        [_thread_blocked, id=7040, stack(0x0000009cf9600000,0x0000009cf9700000) (1024K)]
  0x0000022152b5ca80 JavaThread "File lock request listener"        [_thread_in_native, id=9448, stack(0x0000009cfac00000,0x0000009cfad00000) (1024K)]
  0x0000022152b5d110 JavaThread "Cache worker for file hash cache (C:\Users\cccc6\.gradle\caches\8.11.1\fileHashes)"        [_thread_in_Java, id=18168, stack(0x0000009cfad00000,0x0000009cfae00000) (1024K)] _threads_hazard_ptr=0x00000221554b5a70
=>0x00000221532bc640 JavaThread "C2 CompilerThread1"         daemon [_thread_in_native, id=6988, stack(0x0000009cfae00000,0x0000009cfaf00000) (1024K)]
  0x000002215306e6a0 JavaThread "C2 CompilerThread2"         daemon [_thread_in_native, id=28256, stack(0x0000009cfaf00000,0x0000009cfb000000) (1024K)]
  0x0000022152b5b040 JavaThread "Cache worker for file content cache (C:\Users\cccc6\.gradle\caches\8.11.1\fileContent)"        [_thread_blocked, id=23200, stack(0x0000009cfb000000,0x0000009cfb100000) (1024K)]
  0x0000022152b5bd60 JavaThread "Cache worker for file hash cache (D:\Calculatorapp\.gradle\8.11.1\fileHashes)"        [_thread_blocked, id=6676, stack(0x0000009cfb100000,0x0000009cfb200000) (1024K)]
  0x0000022152b5c3f0 JavaThread "Cache worker for Build Output Cleanup Cache (D:\Calculatorapp\.gradle\buildOutputCleanup)"        [_thread_blocked, id=18320, stack(0x0000009cfb200000,0x0000009cfb300000) (1024K)]
  0x0000022152b5d7a0 JavaThread "File watcher server"        daemon [_thread_in_native, id=20712, stack(0x0000009cfb300000,0x0000009cfb400000) (1024K)]
  0x00000221536b4d80 JavaThread "File watcher consumer"      daemon [_thread_blocked, id=26316, stack(0x0000009cfb400000,0x0000009cfb500000) (1024K)]
  0x00000221536b5410 JavaThread "Cache worker for checksums cache (D:\Calculatorapp\.gradle\8.11.1\checksums)"        [_thread_blocked, id=21496, stack(0x0000009cfb500000,0x0000009cfb600000) (1024K)]
  0x00000221536b74e0 JavaThread "Cache worker for cache directory md-rule (C:\Users\cccc6\.gradle\caches\8.11.1\md-rule)"        [_thread_blocked, id=20836, stack(0x0000009cfb600000,0x0000009cfb700000) (1024K)]
  0x00000221536b46f0 JavaThread "Cache worker for cache directory md-supplier (C:\Users\cccc6\.gradle\caches\8.11.1\md-supplier)"        [_thread_blocked, id=3376, stack(0x0000009cfb700000,0x0000009cfb800000) (1024K)]
  0x000002215550fe20 JavaThread "Unconstrained build operations"        [_thread_blocked, id=31548, stack(0x0000009cfb800000,0x0000009cfb900000) (1024K)]
  0x000002215550d6c0 JavaThread "Unconstrained build operations Thread 2"        [_thread_blocked, id=22312, stack(0x0000009cfb900000,0x0000009cfba00000) (1024K)]
  0x000002215550f790 JavaThread "Unconstrained build operations Thread 3"        [_thread_blocked, id=25800, stack(0x0000009cfba00000,0x0000009cfbb00000) (1024K)]
  0x000002215550dd50 JavaThread "Unconstrained build operations Thread 4"        [_thread_blocked, id=6336, stack(0x0000009cfbb00000,0x0000009cfbc00000) (1024K)]
  0x000002215550e3e0 JavaThread "Unconstrained build operations Thread 5"        [_thread_blocked, id=4176, stack(0x0000009cfbc00000,0x0000009cfbd00000) (1024K)]
  0x00000221555104b0 JavaThread "Unconstrained build operations Thread 6"        [_thread_blocked, id=19888, stack(0x0000009cfbd00000,0x0000009cfbe00000) (1024K)]
  0x000002215550f100 JavaThread "Unconstrained build operations Thread 7"        [_thread_blocked, id=28604, stack(0x0000009cfbe00000,0x0000009cfbf00000) (1024K)]
  0x000002215550d030 JavaThread "Unconstrained build operations Thread 8"        [_thread_blocked, id=23224, stack(0x0000009cfbf00000,0x0000009cfc000000) (1024K)]
  0x00000221545e33f0 JavaThread "Unconstrained build operations Thread 9"        [_thread_blocked, id=14352, stack(0x0000009cfc000000,0x0000009cfc100000) (1024K)]
  0x00000221545e26d0 JavaThread "Unconstrained build operations Thread 10"        [_thread_blocked, id=20472, stack(0x0000009cfc100000,0x0000009cfc200000) (1024K)]
  0x00000221545e5b50 JavaThread "Unconstrained build operations Thread 11"        [_thread_blocked, id=28160, stack(0x0000009cfc200000,0x0000009cfc300000) (1024K)]
  0x00000221545e54c0 JavaThread "Unconstrained build operations Thread 12"        [_thread_blocked, id=26072, stack(0x0000009cfc300000,0x0000009cfc400000) (1024K)]
  0x00000221545e61e0 JavaThread "Unconstrained build operations Thread 13"        [_thread_blocked, id=6632, stack(0x0000009cfc400000,0x0000009cfc500000) (1024K)]
  0x00000221545e47a0 JavaThread "Unconstrained build operations Thread 14"        [_thread_blocked, id=16760, stack(0x0000009cfc500000,0x0000009cfc600000) (1024K)]
  0x00000221545e4e30 JavaThread "Unconstrained build operations Thread 15"        [_thread_blocked, id=29448, stack(0x0000009cfc600000,0x0000009cfc700000) (1024K)]
  0x00000221545e2d60 JavaThread "Unconstrained build operations Thread 16"        [_thread_blocked, id=22284, stack(0x0000009cfc700000,0x0000009cfc800000) (1024K)]
  0x00000221545e4110 JavaThread "Unconstrained build operations Thread 17"        [_thread_blocked, id=10544, stack(0x0000009cfc800000,0x0000009cfc900000) (1024K)]
  0x00000221545e6870 JavaThread "Unconstrained build operations Thread 18"        [_thread_blocked, id=19012, stack(0x0000009cfc900000,0x0000009cfca00000) (1024K)]
  0x00000221545e6f00 JavaThread "Unconstrained build operations Thread 19"        [_thread_blocked, id=9676, stack(0x0000009cfca00000,0x0000009cfcb00000) (1024K)]
  0x00000221545e3a80 JavaThread "Unconstrained build operations Thread 20"        [_thread_blocked, id=8916, stack(0x0000009cfcb00000,0x0000009cfcc00000) (1024K)]
  0x00000221545e9cf0 JavaThread "Unconstrained build operations Thread 21"        [_thread_blocked, id=6148, stack(0x0000009cfcc00000,0x0000009cfcd00000) (1024K)]
  0x00000221545e82b0 JavaThread "Unconstrained build operations Thread 22"        [_thread_blocked, id=14652, stack(0x0000009cfcd00000,0x0000009cfce00000) (1024K)]
  0x00000221545e7590 JavaThread "Unconstrained build operations Thread 23"        [_thread_in_native, id=20044, stack(0x0000009cfce00000,0x0000009cfcf00000) (1024K)]
  0x00000221545e7c20 JavaThread "Unconstrained build operations Thread 24"        [_thread_blocked, id=21224, stack(0x0000009cfcf00000,0x0000009cfd000000) (1024K)]
  0x00000221545e8940 JavaThread "Unconstrained build operations Thread 25"        [_thread_in_native, id=12836, stack(0x0000009cfd000000,0x0000009cfd100000) (1024K)]
  0x00000221545e8fd0 JavaThread "Unconstrained build operations Thread 26"        [_thread_in_Java, id=7956, stack(0x0000009cfd100000,0x0000009cfd200000) (1024K)]
  0x00000221545e9660 JavaThread "Unconstrained build operations Thread 27"        [_thread_blocked, id=29628, stack(0x0000009cfd200000,0x0000009cfd300000) (1024K)]
  0x00000221536b6e50 JavaThread "Unconstrained build operations Thread 28"        [_thread_blocked, id=9756, stack(0x0000009cfd300000,0x0000009cfd400000) (1024K)]
  0x0000022157229860 JavaThread "Unconstrained build operations Thread 29"        [_thread_in_native, id=29108, stack(0x0000009cfd400000,0x0000009cfd500000) (1024K)]
  0x00000221572284b0 JavaThread "Unconstrained build operations Thread 30"        [_thread_blocked, id=5376, stack(0x0000009cfd500000,0x0000009cfd600000) (1024K)]
  0x000002215722b930 JavaThread "Unconstrained build operations Thread 31"        [_thread_blocked, id=14936, stack(0x0000009cfd600000,0x0000009cfd700000) (1024K)]
  0x0000022157229ef0 JavaThread "Unconstrained build operations Thread 32"        [_thread_blocked, id=29688, stack(0x0000009cfd700000,0x0000009cfd800000) (1024K)]
  0x000002215722a580 JavaThread "Unconstrained build operations Thread 33"        [_thread_blocked, id=8936, stack(0x0000009cfd800000,0x0000009cfd900000) (1024K)]
Total: 67

Other Threads:
  0x000002214ca6fa80 VMThread "VM Thread"                           [id=5000, stack(0x0000009cf8b00000,0x0000009cf8c00000) (1024K)]
  0x000002214cb119e0 WatcherThread "VM Periodic Task Thread"        [id=20692, stack(0x0000009cf8a00000,0x0000009cf8b00000) (1024K)]
  0x0000022134f87090 WorkerThread "GC Thread#0"                     [id=11696, stack(0x0000009cf8500000,0x0000009cf8600000) (1024K)]
  0x00000221514424f0 WorkerThread "GC Thread#1"                     [id=19360, stack(0x0000009cf9800000,0x0000009cf9900000) (1024K)]
  0x0000022151636c80 WorkerThread "GC Thread#2"                     [id=19208, stack(0x0000009cf9900000,0x0000009cf9a00000) (1024K)]
  0x0000022151442db0 WorkerThread "GC Thread#3"                     [id=17980, stack(0x0000009cf9a00000,0x0000009cf9b00000) (1024K)]
  0x0000022151443150 WorkerThread "GC Thread#4"                     [id=23904, stack(0x0000009cf9b00000,0x0000009cf9c00000) (1024K)]
  0x0000022152a58540 WorkerThread "GC Thread#5"                     [id=28052, stack(0x0000009cf9700000,0x0000009cf9800000) (1024K)]
  0x00000221529dedb0 WorkerThread "GC Thread#6"                     [id=13844, stack(0x0000009cf9c00000,0x0000009cf9d00000) (1024K)]
  0x0000022152cf23c0 WorkerThread "GC Thread#7"                     [id=17436, stack(0x0000009cfa700000,0x0000009cfa800000) (1024K)]
  0x0000022152cf2ea0 WorkerThread "GC Thread#8"                     [id=6976, stack(0x0000009cfa800000,0x0000009cfa900000) (1024K)]
  0x0000022152cf3240 WorkerThread "GC Thread#9"                     [id=10680, stack(0x0000009cfa900000,0x0000009cfaa00000) (1024K)]
  0x0000022134f97f80 ConcurrentGCThread "G1 Main Marker"            [id=9108, stack(0x0000009cf8600000,0x0000009cf8700000) (1024K)]
  0x0000022134f997d0 WorkerThread "G1 Conc#0"                       [id=22352, stack(0x0000009cf8700000,0x0000009cf8800000) (1024K)]
  0x0000022152cf35e0 WorkerThread "G1 Conc#1"                       [id=18368, stack(0x0000009cfaa00000,0x0000009cfab00000) (1024K)]
  0x0000022152cf2760 WorkerThread "G1 Conc#2"                       [id=30404, stack(0x0000009cfab00000,0x0000009cfac00000) (1024K)]
  0x000002214c9626b0 ConcurrentGCThread "G1 Refine#0"               [id=27524, stack(0x0000009cf8800000,0x0000009cf8900000) (1024K)]
  0x000002214c963130 ConcurrentGCThread "G1 Service"                [id=16612, stack(0x0000009cf8900000,0x0000009cf8a00000) (1024K)]
Total: 18

Threads with active compile tasks:
C2 CompilerThread0  6893 7267   !   4       java.util.concurrent.ConcurrentHashMap::putVal (432 bytes)
C1 CompilerThread0  6893 7313       3       java.nio.HeapByteBuffer::compact (85 bytes)
C2 CompilerThread1  6893 7031   !   4       java.nio.file.FileTreeWalker::next (144 bytes)
C2 CompilerThread2  6893 7283       4       java.io.File::<init> (111 bytes)
Total: 4

VM state: not at safepoint (normal execution)

VM Mutex/Monitor currently owned by a thread:  ([mutex/lock_event])
[0x00007ffc31f0ce20] MethodCompileQueue_lock - owner thread: 0x000002214cbbaac0

Heap address: 0x0000000080000000, size: 2048 MB, Compressed Oops mode: 32-bit

CDS archive(s) not mapped
Compressed class space mapped at: 0x0000000100000000-0x0000000140000000, reserved size: 1073741824
Narrow klass base: 0x0000000000000000, Narrow klass shift: 3, Narrow klass range: 0x140000000

GC Precious Log:
 CardTable entry size: 512
 Card Set container configuration: InlinePtr #cards 5 size 8 Array Of Cards #cards 12 size 40 Howl #buckets 4 coarsen threshold 1843 Howl Bitmap #cards 512 size 80 coarsen threshold 460 Card regions per heap region 1 cards per card region 2048
 CPUs: 12 total, 12 available
 Memory: 15557M
 Large Page Support: Disabled
 NUMA Support: Disabled
 Compressed Oops: Enabled (32-bit)
 Heap Region Size: 1M
 Heap Min Capacity: 8M
 Heap Initial Capacity: 244M
 Heap Max Capacity: 2G
 Pre-touch: Disabled
 Parallel Workers: 10
 Concurrent Workers: 3
 Concurrent Refinement Workers: 10
 Periodic GC: Disabled

Heap:
 garbage-first heap   total 106496K, used 69037K [0x0000000080000000, 0x0000000100000000)
  region size 1024K, 30 young (30720K), 5 survivors (5120K)
 Metaspace       used 66454K, committed 68160K, reserved 1114112K
  class space    used 9050K, committed 9920K, reserved 1048576K

Heap Regions: E=young(eden), S=young(survivor), O=old, HS=humongous(starts), HC=humongous(continues), CS=collection set, F=free, TAMS=top-at-mark-start, PB=parsable bottom
|   0|0x0000000080000000, 0x0000000080100000, 0x0000000080100000|100%| O|  |TAMS 0x0000000080000000| PB 0x0000000080000000| Untracked 
|   1|0x0000000080100000, 0x0000000080200000, 0x0000000080200000|100%|HS|  |TAMS 0x0000000080100000| PB 0x0000000080100000| Complete 
|   2|0x0000000080200000, 0x0000000080300000, 0x0000000080300000|100%|HC|  |TAMS 0x0000000080200000| PB 0x0000000080200000| Complete 
|   3|0x0000000080300000, 0x0000000080400000, 0x0000000080400000|100%|HC|  |TAMS 0x0000000080300000| PB 0x0000000080300000| Complete 
|   4|0x0000000080400000, 0x0000000080500000, 0x0000000080500000|100%| O|  |TAMS 0x0000000080400000| PB 0x0000000080400000| Untracked 
|   5|0x0000000080500000, 0x0000000080600000, 0x0000000080600000|100%| O|  |TAMS 0x0000000080500000| PB 0x0000000080500000| Untracked 
|   6|0x0000000080600000, 0x0000000080700000, 0x0000000080700000|100%| O|  |TAMS 0x0000000080600000| PB 0x0000000080600000| Untracked 
|   7|0x0000000080700000, 0x0000000080800000, 0x0000000080800000|100%|HS|  |TAMS 0x0000000080700000| PB 0x0000000080700000| Complete 
|   8|0x0000000080800000, 0x0000000080900000, 0x0000000080900000|100%| O|  |TAMS 0x0000000080800000| PB 0x0000000080800000| Untracked 
|   9|0x0000000080900000, 0x0000000080a00000, 0x0000000080a00000|100%| O|  |TAMS 0x0000000080900000| PB 0x0000000080900000| Untracked 
|  10|0x0000000080a00000, 0x0000000080b00000, 0x0000000080b00000|100%| O|  |TAMS 0x0000000080a00000| PB 0x0000000080a00000| Untracked 
|  11|0x0000000080b00000, 0x0000000080c00000, 0x0000000080c00000|100%| O|  |TAMS 0x0000000080b00000| PB 0x0000000080b00000| Untracked 
|  12|0x0000000080c00000, 0x0000000080d00000, 0x0000000080d00000|100%| O|  |TAMS 0x0000000080c00000| PB 0x0000000080c00000| Untracked 
|  13|0x0000000080d00000, 0x0000000080e00000, 0x0000000080e00000|100%| O|  |TAMS 0x0000000080d00000| PB 0x0000000080d00000| Untracked 
|  14|0x0000000080e00000, 0x0000000080f00000, 0x0000000080f00000|100%| O|  |TAMS 0x0000000080e00000| PB 0x0000000080e00000| Untracked 
|  15|0x0000000080f00000, 0x0000000081000000, 0x0000000081000000|100%| O|  |TAMS 0x0000000080f00000| PB 0x0000000080f00000| Untracked 
|  16|0x0000000081000000, 0x0000000081100000, 0x0000000081100000|100%| O|  |TAMS 0x0000000081000000| PB 0x0000000081000000| Untracked 
|  17|0x0000000081100000, 0x0000000081200000, 0x0000000081200000|100%| O|  |TAMS 0x0000000081100000| PB 0x0000000081100000| Untracked 
|  18|0x0000000081200000, 0x0000000081300000, 0x0000000081300000|100%| O|  |TAMS 0x0000000081200000| PB 0x0000000081200000| Untracked 
|  19|0x0000000081300000, 0x0000000081400000, 0x0000000081400000|100%| O|  |TAMS 0x0000000081300000| PB 0x0000000081300000| Untracked 
|  20|0x0000000081400000, 0x0000000081500000, 0x0000000081500000|100%| O|  |TAMS 0x0000000081400000| PB 0x0000000081400000| Untracked 
|  21|0x0000000081500000, 0x0000000081600000, 0x0000000081600000|100%| O|  |TAMS 0x0000000081500000| PB 0x0000000081500000| Untracked 
|  22|0x0000000081600000, 0x0000000081600000, 0x0000000081700000|  0%| F|  |TAMS 0x0000000081600000| PB 0x0000000081600000| Untracked 
|  23|0x0000000081700000, 0x0000000081800000, 0x0000000081800000|100%| O|  |TAMS 0x0000000081700000| PB 0x0000000081700000| Untracked 
|  24|0x0000000081800000, 0x0000000081900000, 0x0000000081900000|100%| O|  |TAMS 0x0000000081800000| PB 0x0000000081800000| Untracked 
|  25|0x0000000081900000, 0x0000000081a00000, 0x0000000081a00000|100%| O|  |TAMS 0x0000000081900000| PB 0x0000000081900000| Untracked 
|  26|0x0000000081a00000, 0x0000000081b00000, 0x0000000081b00000|100%| O|  |TAMS 0x0000000081a00000| PB 0x0000000081a00000| Untracked 
|  27|0x0000000081b00000, 0x0000000081c00000, 0x0000000081c00000|100%| O|  |TAMS 0x0000000081b00000| PB 0x0000000081b00000| Untracked 
|  28|0x0000000081c00000, 0x0000000081d00000, 0x0000000081d00000|100%| O|  |TAMS 0x0000000081c00000| PB 0x0000000081c00000| Untracked 
|  29|0x0000000081d00000, 0x0000000081e00000, 0x0000000081e00000|100%| O|  |TAMS 0x0000000081d00000| PB 0x0000000081d00000| Untracked 
|  30|0x0000000081e00000, 0x0000000081f00000, 0x0000000081f00000|100%| O|  |TAMS 0x0000000081e00000| PB 0x0000000081e00000| Untracked 
|  31|0x0000000081f00000, 0x0000000082000000, 0x0000000082000000|100%| O|  |TAMS 0x0000000081f00000| PB 0x0000000081f00000| Untracked 
|  32|0x0000000082000000, 0x0000000082100000, 0x0000000082100000|100%| O|  |TAMS 0x0000000082000000| PB 0x0000000082000000| Untracked 
|  33|0x0000000082100000, 0x0000000082200000, 0x0000000082200000|100%| O|  |TAMS 0x0000000082100000| PB 0x0000000082100000| Untracked 
|  34|0x0000000082200000, 0x0000000082300000, 0x0000000082300000|100%| O|  |TAMS 0x0000000082200000| PB 0x0000000082200000| Untracked 
|  35|0x0000000082300000, 0x0000000082300000, 0x0000000082400000|  0%| F|  |TAMS 0x0000000082300000| PB 0x0000000082300000| Untracked 
|  36|0x0000000082400000, 0x0000000082400000, 0x0000000082500000|  0%| F|  |TAMS 0x0000000082400000| PB 0x0000000082400000| Untracked 
|  37|0x0000000082500000, 0x0000000082500000, 0x0000000082600000|  0%| F|  |TAMS 0x0000000082500000| PB 0x0000000082500000| Untracked 
|  38|0x0000000082600000, 0x0000000082600000, 0x0000000082700000|  0%| F|  |TAMS 0x0000000082600000| PB 0x0000000082600000| Untracked 
|  39|0x0000000082700000, 0x0000000082700000, 0x0000000082800000|  0%| F|  |TAMS 0x0000000082700000| PB 0x0000000082700000| Untracked 
|  40|0x0000000082800000, 0x0000000082800000, 0x0000000082900000|  0%| F|  |TAMS 0x0000000082800000| PB 0x0000000082800000| Untracked 
|  41|0x0000000082900000, 0x0000000082900000, 0x0000000082a00000|  0%| F|  |TAMS 0x0000000082900000| PB 0x0000000082900000| Untracked 
|  42|0x0000000082a00000, 0x0000000082a00000, 0x0000000082b00000|  0%| F|  |TAMS 0x0000000082a00000| PB 0x0000000082a00000| Untracked 
|  43|0x0000000082b00000, 0x0000000082c00000, 0x0000000082c00000|100%| O|  |TAMS 0x0000000082b00000| PB 0x0000000082b00000| Untracked 
|  44|0x0000000082c00000, 0x0000000082d00000, 0x0000000082d00000|100%| O|  |TAMS 0x0000000082c00000| PB 0x0000000082c00000| Untracked 
|  45|0x0000000082d00000, 0x0000000082e00000, 0x0000000082e00000|100%| O|  |TAMS 0x0000000082d00000| PB 0x0000000082d00000| Untracked 
|  46|0x0000000082e00000, 0x0000000082f00000, 0x0000000082f00000|100%| O|  |TAMS 0x0000000082e00000| PB 0x0000000082e00000| Untracked 
|  47|0x0000000082f00000, 0x0000000083000000, 0x0000000083000000|100%| O|  |TAMS 0x0000000082f00000| PB 0x0000000082f00000| Untracked 
|  48|0x0000000083000000, 0x0000000083100000, 0x0000000083100000|100%| O|  |TAMS 0x0000000083000000| PB 0x0000000083000000| Untracked 
|  49|0x0000000083100000, 0x0000000083110b80, 0x0000000083200000|  6%| O|  |TAMS 0x0000000083100000| PB 0x0000000083100000| Untracked 
|  50|0x0000000083200000, 0x0000000083200000, 0x0000000083300000|  0%| F|  |TAMS 0x0000000083200000| PB 0x0000000083200000| Untracked 
|  51|0x0000000083300000, 0x0000000083300000, 0x0000000083400000|  0%| F|  |TAMS 0x0000000083300000| PB 0x0000000083300000| Untracked 
|  52|0x0000000083400000, 0x000000008345ab40, 0x0000000083500000| 35%| S|CS|TAMS 0x0000000083400000| PB 0x0000000083400000| Complete 
|  53|0x0000000083500000, 0x0000000083600000, 0x0000000083600000|100%| S|CS|TAMS 0x0000000083500000| PB 0x0000000083500000| Complete 
|  54|0x0000000083600000, 0x0000000083700000, 0x0000000083700000|100%| S|CS|TAMS 0x0000000083600000| PB 0x0000000083600000| Complete 
|  55|0x0000000083700000, 0x0000000083800000, 0x0000000083800000|100%| S|CS|TAMS 0x0000000083700000| PB 0x0000000083700000| Complete 
|  56|0x0000000083800000, 0x0000000083900000, 0x0000000083900000|100%| S|CS|TAMS 0x0000000083800000| PB 0x0000000083800000| Complete 
|  57|0x0000000083900000, 0x0000000083900000, 0x0000000083a00000|  0%| F|  |TAMS 0x0000000083900000| PB 0x0000000083900000| Untracked 
|  58|0x0000000083a00000, 0x0000000083a00000, 0x0000000083b00000|  0%| F|  |TAMS 0x0000000083a00000| PB 0x0000000083a00000| Untracked 
|  59|0x0000000083b00000, 0x0000000083b00000, 0x0000000083c00000|  0%| F|  |TAMS 0x0000000083b00000| PB 0x0000000083b00000| Untracked 
|  60|0x0000000083c00000, 0x0000000083c00000, 0x0000000083d00000|  0%| F|  |TAMS 0x0000000083c00000| PB 0x0000000083c00000| Untracked 
|  61|0x0000000083d00000, 0x0000000083d00000, 0x0000000083e00000|  0%| F|  |TAMS 0x0000000083d00000| PB 0x0000000083d00000| Untracked 
|  62|0x0000000083e00000, 0x0000000083e00000, 0x0000000083f00000|  0%| F|  |TAMS 0x0000000083e00000| PB 0x0000000083e00000| Untracked 
|  63|0x0000000083f00000, 0x0000000083f00000, 0x0000000084000000|  0%| F|  |TAMS 0x0000000083f00000| PB 0x0000000083f00000| Untracked 
|  64|0x0000000084000000, 0x0000000084000000, 0x0000000084100000|  0%| F|  |TAMS 0x0000000084000000| PB 0x0000000084000000| Untracked 
|  65|0x0000000084100000, 0x0000000084100000, 0x0000000084200000|  0%| F|  |TAMS 0x0000000084100000| PB 0x0000000084100000| Untracked 
|  66|0x0000000084200000, 0x0000000084200000, 0x0000000084300000|  0%| F|  |TAMS 0x0000000084200000| PB 0x0000000084200000| Untracked 
|  67|0x0000000084300000, 0x0000000084300000, 0x0000000084400000|  0%| F|  |TAMS 0x0000000084300000| PB 0x0000000084300000| Untracked 
|  68|0x0000000084400000, 0x0000000084400000, 0x0000000084500000|  0%| F|  |TAMS 0x0000000084400000| PB 0x0000000084400000| Untracked 
|  69|0x0000000084500000, 0x0000000084500000, 0x0000000084600000|  0%| F|  |TAMS 0x0000000084500000| PB 0x0000000084500000| Untracked 
|  70|0x0000000084600000, 0x0000000084600000, 0x0000000084700000|  0%| F|  |TAMS 0x0000000084600000| PB 0x0000000084600000| Untracked 
|  71|0x0000000084700000, 0x0000000084700000, 0x0000000084800000|  0%| F|  |TAMS 0x0000000084700000| PB 0x0000000084700000| Untracked 
|  72|0x0000000084800000, 0x0000000084800000, 0x0000000084900000|  0%| F|  |TAMS 0x0000000084800000| PB 0x0000000084800000| Untracked 
|  73|0x0000000084900000, 0x0000000084900000, 0x0000000084a00000|  0%| F|  |TAMS 0x0000000084900000| PB 0x0000000084900000| Untracked 
|  74|0x0000000084a00000, 0x0000000084a00000, 0x0000000084b00000|  0%| F|  |TAMS 0x0000000084a00000| PB 0x0000000084a00000| Untracked 
|  75|0x0000000084b00000, 0x0000000084b00000, 0x0000000084c00000|  0%| F|  |TAMS 0x0000000084b00000| PB 0x0000000084b00000| Untracked 
|  76|0x0000000084c00000, 0x0000000084c00000, 0x0000000084d00000|  0%| F|  |TAMS 0x0000000084c00000| PB 0x0000000084c00000| Untracked 
|  77|0x0000000084d00000, 0x0000000084d00000, 0x0000000084e00000|  0%| F|  |TAMS 0x0000000084d00000| PB 0x0000000084d00000| Untracked 
|  78|0x0000000084e00000, 0x0000000084e4c0a0, 0x0000000084f00000| 29%| E|  |TAMS 0x0000000084e00000| PB 0x0000000084e00000| Complete 
|  79|0x0000000084f00000, 0x0000000085000000, 0x0000000085000000|100%| E|CS|TAMS 0x0000000084f00000| PB 0x0000000084f00000| Complete 
|  80|0x0000000085000000, 0x0000000085100000, 0x0000000085100000|100%| E|CS|TAMS 0x0000000085000000| PB 0x0000000085000000| Complete 
|  81|0x0000000085100000, 0x0000000085200000, 0x0000000085200000|100%| E|CS|TAMS 0x0000000085100000| PB 0x0000000085100000| Complete 
|  82|0x0000000085200000, 0x0000000085300000, 0x0000000085300000|100%| E|CS|TAMS 0x0000000085200000| PB 0x0000000085200000| Complete 
|  83|0x0000000085300000, 0x0000000085400000, 0x0000000085400000|100%| E|CS|TAMS 0x0000000085300000| PB 0x0000000085300000| Complete 
|  84|0x0000000085400000, 0x0000000085500000, 0x0000000085500000|100%| E|  |TAMS 0x0000000085400000| PB 0x0000000085400000| Complete 
|  85|0x0000000085500000, 0x0000000085600000, 0x0000000085600000|100%| E|CS|TAMS 0x0000000085500000| PB 0x0000000085500000| Complete 
|  86|0x0000000085600000, 0x0000000085700000, 0x0000000085700000|100%| E|CS|TAMS 0x0000000085600000| PB 0x0000000085600000| Complete 
|  87|0x0000000085700000, 0x0000000085800000, 0x0000000085800000|100%| E|CS|TAMS 0x0000000085700000| PB 0x0000000085700000| Complete 
|  88|0x0000000085800000, 0x0000000085900000, 0x0000000085900000|100%| E|CS|TAMS 0x0000000085800000| PB 0x0000000085800000| Complete 
|  89|0x0000000085900000, 0x0000000085a00000, 0x0000000085a00000|100%| E|CS|TAMS 0x0000000085900000| PB 0x0000000085900000| Complete 
|  90|0x0000000085a00000, 0x0000000085b00000, 0x0000000085b00000|100%| E|CS|TAMS 0x0000000085a00000| PB 0x0000000085a00000| Complete 
|  91|0x0000000085b00000, 0x0000000085c00000, 0x0000000085c00000|100%| E|CS|TAMS 0x0000000085b00000| PB 0x0000000085b00000| Complete 
|  92|0x0000000085c00000, 0x0000000085d00000, 0x0000000085d00000|100%| E|CS|TAMS 0x0000000085c00000| PB 0x0000000085c00000| Complete 
| 210|0x000000008d200000, 0x000000008d300000, 0x000000008d300000|100%| E|CS|TAMS 0x000000008d200000| PB 0x000000008d200000| Complete 
| 211|0x000000008d300000, 0x000000008d400000, 0x000000008d400000|100%| E|CS|TAMS 0x000000008d300000| PB 0x000000008d300000| Complete 
| 212|0x000000008d400000, 0x000000008d500000, 0x000000008d500000|100%| E|CS|TAMS 0x000000008d400000| PB 0x000000008d400000| Complete 
| 213|0x000000008d500000, 0x000000008d600000, 0x000000008d600000|100%| E|CS|TAMS 0x000000008d500000| PB 0x000000008d500000| Complete 
| 214|0x000000008d600000, 0x000000008d700000, 0x000000008d700000|100%| E|CS|TAMS 0x000000008d600000| PB 0x000000008d600000| Complete 
| 215|0x000000008d700000, 0x000000008d800000, 0x000000008d800000|100%| E|CS|TAMS 0x000000008d700000| PB 0x000000008d700000| Complete 
| 216|0x000000008d800000, 0x000000008d900000, 0x000000008d900000|100%| E|CS|TAMS 0x000000008d800000| PB 0x000000008d800000| Complete 
| 217|0x000000008d900000, 0x000000008da00000, 0x000000008da00000|100%| E|CS|TAMS 0x000000008d900000| PB 0x000000008d900000| Complete 
| 218|0x000000008da00000, 0x000000008db00000, 0x000000008db00000|100%| E|CS|TAMS 0x000000008da00000| PB 0x000000008da00000| Complete 
| 242|0x000000008f200000, 0x000000008f300000, 0x000000008f300000|100%| E|CS|TAMS 0x000000008f200000| PB 0x000000008f200000| Complete 
| 243|0x000000008f300000, 0x000000008f400000, 0x000000008f400000|100%| E|CS|TAMS 0x000000008f300000| PB 0x000000008f300000| Complete 

Card table byte_map: [0x00000221479d0000,0x0000022147dd0000] _byte_map_base: 0x00000221475d0000

Marking Bits: (CMBitMap*) 0x0000022134f876a0
 Bits: [0x0000022147dd0000, 0x0000022149dd0000)

Polling page: 0x0000022132c70000

Metaspace:

Usage:
  Non-class:     56.06 MB used.
      Class:      8.84 MB used.
       Both:     64.90 MB used.

Virtual space:
  Non-class space:       64.00 MB reserved,      56.88 MB ( 89%) committed,  1 nodes.
      Class space:        1.00 GB reserved,       9.69 MB ( <1%) committed,  1 nodes.
             Both:        1.06 GB reserved,      66.56 MB (  6%) committed. 

Chunk freelists:
   Non-Class:  6.72 MB
       Class:  6.36 MB
        Both:  13.08 MB

MaxMetaspaceSize: unlimited
CompressedClassSpaceSize: 1.00 GB
Initial GC threshold: 21.00 MB
Current GC threshold: 98.25 MB
CDS: off
 - commit_granule_bytes: 65536.
 - commit_granule_words: 8192.
 - virtual_space_node_default_size: 8388608.
 - enlarge_chunks_in_place: 1.
 - use_allocation_guard: 0.


Internal statistics:

num_allocs_failed_limit: 9.
num_arena_births: 3098.
num_arena_deaths: 0.
num_vsnodes_births: 2.
num_vsnodes_deaths: 0.
num_space_committed: 1065.
num_space_uncommitted: 0.
num_chunks_returned_to_freelist: 9.
num_chunks_taken_from_freelist: 5857.
num_chunk_merges: 9.
num_chunk_splits: 3760.
num_chunks_enlarged: 2309.
num_inconsistent_stats: 0.

CodeHeap 'non-profiled nmethods': size=120000Kb used=4197Kb max_used=4197Kb free=115802Kb
 bounds [0x000002213fb50000, 0x000002213ff70000, 0x0000022147080000]
CodeHeap 'profiled nmethods': size=120000Kb used=12229Kb max_used=12229Kb free=107770Kb
 bounds [0x0000022138080000, 0x0000022138c80000, 0x000002213f5b0000]
CodeHeap 'non-nmethods': size=5760Kb used=1989Kb max_used=2036Kb free=3770Kb
 bounds [0x000002213f5b0000, 0x000002213f820000, 0x000002213fb50000]
 total_blobs=7482 nmethods=6720 adapters=664
 compilation: enabled
              stopped_count=0, restarted_count=0
 full_count=0

Compilation events (20 events):
Event: 5.867 Thread 0x000002214cbbaac0 nmethod 7268 0x0000022138c59590 code [0x0000022138c59740, 0x0000022138c59910]
Event: 5.867 Thread 0x000002214cbbaac0 7275       3       com.google.common.collect.ImmutableMapEntrySet::contains (51 bytes)
Event: 5.868 Thread 0x000002214cbbaac0 nmethod 7275 0x0000022138c59a10 code [0x0000022138c59c40, 0x0000022138c5a3f8]
Event: 5.868 Thread 0x000002214cbbaac0 7271       3       org.gradle.internal.buildoption.Option$Value::<init> (5 bytes)
Event: 5.868 Thread 0x000002214cbbaac0 nmethod 7271 0x0000022138c5a590 code [0x0000022138c5a740, 0x0000022138c5a8a8]
Event: 5.868 Thread 0x000002214cbbaac0 7277       3       org.gradle.internal.buildoption.Option$Value$1::<init> (10 bytes)
Event: 5.868 Thread 0x000002214cbbaac0 nmethod 7277 0x0000022138c5a990 code [0x0000022138c5ab40, 0x0000022138c5ad60]
Event: 5.868 Thread 0x000002214cbbaac0 7276       3       org.gradle.internal.buildoption.Option$Value::defaultValue (9 bytes)
Event: 5.868 Thread 0x000002214cbbaac0 nmethod 7276 0x0000022138c5ae90 code [0x0000022138c5b040, 0x0000022138c5b2f0]
Event: 5.868 Thread 0x000002214cbbaac0 7278       3       org.gradle.internal.execution.steps.ExecutionRequestContext::getNonIncrementalReason (8 bytes)
Event: 5.868 Thread 0x000002215306e6a0 nmethod 7255 0x000002213ff67410 code [0x000002213ff67600, 0x000002213ff67b80]
Event: 5.868 Thread 0x000002215306e6a0 7273       4       java.io.OutputStream::<init> (5 bytes)
Event: 5.868 Thread 0x000002214cbbaac0 nmethod 7278 0x0000022138c5b410 code [0x0000022138c5b5e0, 0x0000022138c5b908]
Event: 5.868 Thread 0x000002214cbbaac0 7274  s!   3       java.io.FileDescriptor::closeAll (163 bytes)
Event: 5.868 Thread 0x000002215306e6a0 nmethod 7273 0x000002213ff68090 code [0x000002213ff68220, 0x000002213ff682a8]
Event: 5.868 Thread 0x000002215306e6a0 7283       4       java.io.File::<init> (111 bytes)
Event: 5.869 Thread 0x000002214cbbaac0 nmethod 7274 0x0000022138c5ba10 code [0x0000022138c5bca0, 0x0000022138c5ca88]
Event: 5.869 Thread 0x000002214cbbaac0 7279       3       org.gradle.api.internal.provider.Providers::of (21 bytes)
Event: 5.869 Thread 0x000002214cbbaac0 nmethod 7279 0x0000022138c5d110 code [0x0000022138c5d2e0, 0x0000022138c5d6d8]
Event: 5.869 Thread 0x000002214cbbaac0 7280       3       org.gradle.internal.execution.steps.IdentifyStep::createIdentityContextInternal (78 bytes)

GC Heap History (20 events):
Event: 3.003 GC heap before
{Heap before GC invocations=5 (full 0):
 garbage-first heap   total 75776K, used 73295K [0x0000000080000000, 0x0000000100000000)
  region size 1024K, 61 young (62464K), 9 survivors (9216K)
 Metaspace       used 29646K, committed 30272K, reserved 1114112K
  class space    used 3797K, committed 4096K, reserved 1048576K
}
Event: 3.007 GC heap after
{Heap after GC invocations=6 (full 0):
 garbage-first heap   total 88064K, used 23808K [0x0000000080000000, 0x0000000100000000)
  region size 1024K, 12 young (12288K), 12 survivors (12288K)
 Metaspace       used 29646K, committed 30272K, reserved 1114112K
  class space    used 3797K, committed 4096K, reserved 1048576K
}
Event: 3.415 GC heap before
{Heap before GC invocations=6 (full 0):
 garbage-first heap   total 88064K, used 62720K [0x0000000080000000, 0x0000000100000000)
  region size 1024K, 51 young (52224K), 12 survivors (12288K)
 Metaspace       used 34949K, committed 35840K, reserved 1114112K
  class space    used 4662K, committed 5120K, reserved 1048576K
}
Event: 3.419 GC heap after
{Heap after GC invocations=7 (full 0):
 garbage-first heap   total 88064K, used 26470K [0x0000000080000000, 0x0000000100000000)
  region size 1024K, 7 young (7168K), 7 survivors (7168K)
 Metaspace       used 34949K, committed 35840K, reserved 1114112K
  class space    used 4662K, committed 5120K, reserved 1048576K
}
Event: 3.432 GC heap before
{Heap before GC invocations=7 (full 0):
 garbage-first heap   total 88064K, used 27494K [0x0000000080000000, 0x0000000100000000)
  region size 1024K, 9 young (9216K), 7 survivors (7168K)
 Metaspace       used 35112K, committed 35968K, reserved 1114112K
  class space    used 4691K, committed 5120K, reserved 1048576K
}
Event: 3.434 GC heap after
{Heap after GC invocations=8 (full 0):
 garbage-first heap   total 88064K, used 26532K [0x0000000080000000, 0x0000000100000000)
  region size 1024K, 3 young (3072K), 3 survivors (3072K)
 Metaspace       used 35112K, committed 35968K, reserved 1114112K
  class space    used 4691K, committed 5120K, reserved 1048576K
}
Event: 3.847 GC heap before
{Heap before GC invocations=9 (full 0):
 garbage-first heap   total 88064K, used 73636K [0x0000000080000000, 0x0000000100000000)
  region size 1024K, 49 young (50176K), 3 survivors (3072K)
 Metaspace       used 42014K, committed 43264K, reserved 1114112K
  class space    used 5699K, committed 6336K, reserved 1048576K
}
Event: 3.850 GC heap after
{Heap after GC invocations=10 (full 0):
 garbage-first heap   total 88064K, used 29427K [0x0000000080000000, 0x0000000100000000)
  region size 1024K, 6 young (6144K), 6 survivors (6144K)
 Metaspace       used 42014K, committed 43264K, reserved 1114112K
  class space    used 5699K, committed 6336K, reserved 1048576K
}
Event: 4.117 GC heap before
{Heap before GC invocations=10 (full 0):
 garbage-first heap   total 88064K, used 73459K [0x0000000080000000, 0x0000000100000000)
  region size 1024K, 50 young (51200K), 6 survivors (6144K)
 Metaspace       used 46723K, committed 48000K, reserved 1114112K
  class space    used 6248K, committed 6848K, reserved 1048576K
}
Event: 4.121 GC heap after
{Heap after GC invocations=11 (full 0):
 garbage-first heap   total 88064K, used 33105K [0x0000000080000000, 0x0000000100000000)
  region size 1024K, 7 young (7168K), 7 survivors (7168K)
 Metaspace       used 46723K, committed 48000K, reserved 1114112K
  class space    used 6248K, committed 6848K, reserved 1048576K
}
Event: 4.408 GC heap before
{Heap before GC invocations=11 (full 0):
 garbage-first heap   total 88064K, used 75089K [0x0000000080000000, 0x0000000100000000)
  region size 1024K, 48 young (49152K), 7 survivors (7168K)
 Metaspace       used 50106K, committed 51584K, reserved 1114112K
  class space    used 6791K, committed 7552K, reserved 1048576K
}
Event: 4.411 GC heap after
{Heap after GC invocations=12 (full 0):
 garbage-first heap   total 88064K, used 35379K [0x0000000080000000, 0x0000000100000000)
  region size 1024K, 3 young (3072K), 3 survivors (3072K)
 Metaspace       used 50106K, committed 51584K, reserved 1114112K
  class space    used 6791K, committed 7552K, reserved 1048576K
}
Event: 4.770 GC heap before
{Heap before GC invocations=12 (full 0):
 garbage-first heap   total 88064K, used 78387K [0x0000000080000000, 0x0000000100000000)
  region size 1024K, 43 young (44032K), 3 survivors (3072K)
 Metaspace       used 56205K, committed 57728K, reserved 1114112K
  class space    used 7572K, committed 8320K, reserved 1048576K
}
Event: 4.772 GC heap after
{Heap after GC invocations=13 (full 0):
 garbage-first heap   total 106496K, used 36690K [0x0000000080000000, 0x0000000100000000)
  region size 1024K, 5 young (5120K), 5 survivors (5120K)
 Metaspace       used 56205K, committed 57728K, reserved 1114112K
  class space    used 7572K, committed 8320K, reserved 1048576K
}
Event: 4.947 GC heap before
{Heap before GC invocations=13 (full 0):
 garbage-first heap   total 106496K, used 54098K [0x0000000080000000, 0x0000000100000000)
  region size 1024K, 23 young (23552K), 5 survivors (5120K)
 Metaspace       used 58599K, committed 60160K, reserved 1114112K
  class space    used 7914K, committed 8704K, reserved 1048576K
}
Event: 4.950 GC heap after
{Heap after GC invocations=14 (full 0):
 garbage-first heap   total 106496K, used 37574K [0x0000000080000000, 0x0000000100000000)
  region size 1024K, 5 young (5120K), 5 survivors (5120K)
 Metaspace       used 58599K, committed 60160K, reserved 1114112K
  class space    used 7914K, committed 8704K, reserved 1048576K
}
Event: 5.623 GC heap before
{Heap before GC invocations=15 (full 0):
 garbage-first heap   total 106496K, used 93894K [0x0000000080000000, 0x0000000100000000)
  region size 1024K, 61 young (62464K), 5 survivors (5120K)
 Metaspace       used 65299K, committed 67008K, reserved 1114112K
  class space    used 8934K, committed 9792K, reserved 1048576K
}
Event: 5.627 GC heap after
{Heap after GC invocations=16 (full 0):
 garbage-first heap   total 106496K, used 42315K [0x0000000080000000, 0x0000000100000000)
  region size 1024K, 8 young (8192K), 8 survivors (8192K)
 Metaspace       used 65299K, committed 67008K, reserved 1114112K
  class space    used 8934K, committed 9792K, reserved 1048576K
}
Event: 5.837 GC heap before
{Heap before GC invocations=16 (full 0):
 garbage-first heap   total 106496K, used 89419K [0x0000000080000000, 0x0000000100000000)
  region size 1024K, 55 young (56320K), 8 survivors (8192K)
 Metaspace       used 66266K, committed 68032K, reserved 1114112K
  class space    used 9050K, committed 9920K, reserved 1048576K
}
Event: 5.841 GC heap after
{Heap after GC invocations=17 (full 0):
 garbage-first heap   total 106496K, used 45485K [0x0000000080000000, 0x0000000100000000)
  region size 1024K, 5 young (5120K), 5 survivors (5120K)
 Metaspace       used 66266K, committed 68032K, reserved 1114112K
  class space    used 9050K, committed 9920K, reserved 1048576K
}

Dll operation events (3 events):
Event: 0.006 Loaded shared library D:\Android studio\jbr\bin\java.dll
Event: 0.010 Loaded shared library D:\Android studio\jbr\bin\zip.dll
Event: 0.377 Loaded shared library D:\Android studio\jbr\bin\verify.dll

Deoptimization events (20 events):
Event: 5.714 Thread 0x0000022152b5b6d0 DEOPT PACKING pc=0x00000221387fdf5b sp=0x0000009cf96fead0
Event: 5.714 Thread 0x0000022152b5b6d0 DEOPT UNPACKING pc=0x000002213f604e42 sp=0x0000009cf96fdf58 mode 0
Event: 5.725 Thread 0x0000022152cdc4e0 Uncommon trap: trap_request=0xffffff45 fr.pc=0x000002213fc8c2b8 relative=0x0000000000000278
Event: 5.725 Thread 0x0000022152cdc4e0 Uncommon trap: reason=unstable_if action=reinterpret pc=0x000002213fc8c2b8 method=java.util.concurrent.ConcurrentHashMap.get(Ljava/lang/Object;)Ljava/lang/Object; @ 86 c2
Event: 5.725 Thread 0x0000022152cdc4e0 DEOPT PACKING pc=0x000002213fc8c2b8 sp=0x0000009cfa3f5710
Event: 5.725 Thread 0x0000022152cdc4e0 DEOPT UNPACKING pc=0x000002213f6046a2 sp=0x0000009cfa3f5688 mode 2
Event: 5.726 Thread 0x00000221545e82b0 Uncommon trap: trap_request=0xffffff45 fr.pc=0x000002213ff0d464 relative=0x0000000000000f64
Event: 5.726 Thread 0x00000221545e82b0 Uncommon trap: reason=unstable_if action=reinterpret pc=0x000002213ff0d464 method=java.util.concurrent.ConcurrentHashMap.computeIfAbsent(Ljava/lang/Object;Ljava/util/function/Function;)Ljava/lang/Object; @ 279 c2
Event: 5.726 Thread 0x00000221545e82b0 DEOPT PACKING pc=0x000002213ff0d464 sp=0x0000009cfcdfe550
Event: 5.726 Thread 0x00000221545e82b0 DEOPT UNPACKING pc=0x000002213f6046a2 sp=0x0000009cfcdfe4c8 mode 2
Event: 5.727 Thread 0x0000022152b5d110 DEOPT PACKING pc=0x00000221387fdf5b sp=0x0000009cfadfe210
Event: 5.727 Thread 0x0000022152b5d110 DEOPT UNPACKING pc=0x000002213f604e42 sp=0x0000009cfadfd698 mode 0
Event: 5.731 Thread 0x00000221545e4e30 DEOPT PACKING pc=0x000002213851d5a1 sp=0x0000009cfc6fd500
Event: 5.731 Thread 0x00000221545e4e30 DEOPT UNPACKING pc=0x000002213f604e42 sp=0x0000009cfc6fca00 mode 0
Event: 5.772 Thread 0x0000022152b5d110 DEOPT PACKING pc=0x0000022138b0b336 sp=0x0000009cfadfdcb0
Event: 5.772 Thread 0x0000022152b5d110 DEOPT UNPACKING pc=0x000002213f604e42 sp=0x0000009cfadfd220 mode 0
Event: 5.804 Thread 0x0000022152b5d110 DEOPT PACKING pc=0x0000022138b0b336 sp=0x0000009cfadfdcb0
Event: 5.804 Thread 0x0000022152b5d110 DEOPT UNPACKING pc=0x000002213f604e42 sp=0x0000009cfadfd220 mode 0
Event: 5.820 Thread 0x0000022152b5d110 DEOPT PACKING pc=0x0000022138b0b336 sp=0x0000009cfadfdca0
Event: 5.820 Thread 0x0000022152b5d110 DEOPT UNPACKING pc=0x000002213f604e42 sp=0x0000009cfadfd210 mode 0

Classes loaded (20 events):
Event: 5.377 Loading class java/io/ObjectInputFilter$Config$BuiltinFilterFactory
Event: 5.377 Loading class java/io/ObjectInputFilter$Config$BuiltinFilterFactory done
Event: 5.377 Loading class jdk/internal/access/JavaObjectInputFilterAccess
Event: 5.377 Loading class jdk/internal/access/JavaObjectInputFilterAccess done
Event: 5.377 Loading class java/lang/System$Logger$Level
Event: 5.377 Loading class java/lang/System$Logger$Level done
Event: 5.377 Loading class jdk/internal/event/DeserializationEvent
Event: 5.377 Loading class jdk/internal/event/DeserializationEvent done
Event: 5.378 Loading class java/io/ObjectInputStream$FieldValues
Event: 5.378 Loading class java/io/ObjectInputStream$GetField
Event: 5.378 Loading class java/io/ObjectInputStream$GetField done
Event: 5.378 Loading class java/io/ObjectInputStream$FieldValues done
Event: 5.382 Loading class sun/reflect/ReflectionFactory
Event: 5.382 Loading class sun/reflect/ReflectionFactory done
Event: 5.382 Loading class sun/reflect/ReflectionFactory$1
Event: 5.382 Loading class sun/reflect/ReflectionFactory$1 done
Event: 5.586 Loading class java/util/Collections$ReverseComparator
Event: 5.586 Loading class java/util/Collections$ReverseComparator done
Event: 5.586 Loading class java/util/Collections$ReverseComparator2
Event: 5.586 Loading class java/util/Collections$ReverseComparator2 done

Classes unloaded (0 events):
No events

Classes redefined (0 events):
No events

Internal exceptions (20 events):
Event: 5.222 Thread 0x0000022152cdc4e0 Exception <a 'java/lang/NoSuchMethodError'{0x0000000084a4d260}: 'long java.lang.invoke.DirectMethodHandle$Holder.invokeStatic(java.lang.Object, long)'> (0x0000000084a4d260) 
thrown [s\src\hotspot\share\interpreter\linkResolver.cpp, line 784]
Event: 5.234 Thread 0x0000022152cdc4e0 Implicit null exception at 0x000002213fdca843 to 0x000002213fdcab7c
Event: 5.249 Thread 0x0000022152cdc4e0 Exception <a 'java/lang/NoSuchMethodError'{0x00000000848ea3f0}: 'java.lang.Object java.lang.invoke.DirectMethodHandle$Holder.invokeInterface(java.lang.Object, java.lang.Object, int)'> (0x00000000848ea3f0) 
thrown [s\src\hotspot\share\interpreter\linkResolver.cpp, line 784]
Event: 5.303 Thread 0x0000022152cdc4e0 Exception <a 'java/lang/NoSuchMethodError'{0x0000000084360fe8}: 'java.lang.Object java.lang.invoke.DirectMethodHandle$Holder.invokeVirtual(java.lang.Object, java.lang.Object, java.lang.Object, java.lang.Object, java.lang.Object, java.lang.Object, java.lang.Object, java.lang.Object, java.lang.Object, java.lang.Object, java.lang.Object, java.lang.Object, java.lang.Object, java.lang.Object, java.lang.Object, java.lang.Object, java.lang.Object)'> (0x0000000084360fe8) 
thrown [s\src\hotspot\share\interpreter\li
Event: 5.303 Thread 0x0000022152cdc4e0 Exception <a 'java/lang/NoSuchMethodError'{0x0000000084366ff0}: 'java.lang.Object java.lang.invoke.DirectMethodHandle$Holder.invokeSpecial(java.lang.Object, java.lang.Object, java.lang.Object, java.lang.Object, java.lang.Object, java.lang.Object, java.lang.Object, java.lang.Object, java.lang.Object, java.lang.Object, java.lang.Object, java.lang.Object, java.lang.Object, java.lang.Object, java.lang.Object, java.lang.Object, java.lang.Object, java.lang.Object)'> (0x0000000084366ff0) 
thrown [s\src\hotspot\sh
Event: 5.303 Thread 0x0000022152cdc4e0 Exception <a 'java/lang/NoSuchMethodError'{0x000000008436c548}: 'java.lang.Object java.lang.invoke.DelegatingMethodHandle$Holder.reinvoke_L(java.lang.Object, java.lang.Object, java.lang.Object, java.lang.Object, java.lang.Object, java.lang.Object, java.lang.Object, java.lang.Object, java.lang.Object, java.lang.Object, java.lang.Object, java.lang.Object, java.lang.Object, java.lang.Object, java.lang.Object, java.lang.Object, java.lang.Object)'> (0x000000008436c548) 
thrown [s\src\hotspot\share\interpreter\l
Event: 5.361 Thread 0x0000022152cdc4e0 Exception <a 'java/lang/NoSuchMethodError'{0x0000000083f41260}: static Lorg/gradle/api/internal/catalog/DefaultVersionCatalog;.<clinit>()V> (0x0000000083f41260) 
thrown [s\src\hotspot\share\prims\jni.cpp, line 1135]
Event: 5.365 Thread 0x0000022152cdc4e0 Exception <a 'java/lang/NoSuchMethodError'{0x0000000083f922b0}: static [Ljava/lang/Object;.<clinit>()V> (0x0000000083f922b0) 
thrown [s\src\hotspot\share\prims\jni.cpp, line 1135]
Event: 5.366 Thread 0x0000022152cdc4e0 Exception <a 'java/lang/NoSuchMethodError'{0x0000000083fb96d8}: static Lorg/gradle/api/internal/catalog/DependencyModel;.<clinit>()V> (0x0000000083fb96d8) 
thrown [s\src\hotspot\share\prims\jni.cpp, line 1135]
Event: 5.366 Thread 0x0000022152cdc4e0 Exception <a 'java/lang/NoSuchMethodError'{0x0000000083fbd3c0}: static Lorg/gradle/api/internal/catalog/AbstractContextAwareModel;.<clinit>()V> (0x0000000083fbd3c0) 
thrown [s\src\hotspot\share\prims\jni.cpp, line 1135]
Event: 5.367 Thread 0x0000022152cdc4e0 Exception <a 'java/lang/NoSuchMethodError'{0x0000000083fd6b20}: static Lorg/gradle/api/internal/artifacts/dependencies/AbstractVersionConstraint;.<clinit>()V> (0x0000000083fd6b20) 
thrown [s\src\hotspot\share\prims\jni.cpp, line 1135]
Event: 5.372 Thread 0x0000022152cdc4e0 Exception <a 'java/lang/NoSuchMethodError'{0x0000000083e883b8}: static Lorg/gradle/api/internal/catalog/PluginModel;.<clinit>()V> (0x0000000083e883b8) 
thrown [s\src\hotspot\share\prims\jni.cpp, line 1135]
Event: 5.373 Thread 0x0000022152cdc4e0 Exception <a 'java/lang/NoSuchMethodError'{0x0000000083e9f670}: static Lorg/gradle/api/internal/catalog/VersionModel;.<clinit>()V> (0x0000000083e9f670) 
thrown [s\src\hotspot\share\prims\jni.cpp, line 1135]
Event: 5.374 Thread 0x0000022152cdc4e0 Exception <a 'java/lang/NoSuchMethodError'{0x0000000083ec0970}: 'void java.lang.invoke.DirectMethodHandle$Holder.invokeSpecial(java.lang.Object, java.lang.Object, java.lang.Object, int)'> (0x0000000083ec0970) 
thrown [s\src\hotspot\share\interpreter\linkResolver.cpp, line 784]
Event: 5.429 Thread 0x0000022152cdc4e0 Exception <a 'java/lang/NoSuchMethodError'{0x0000000083aa66a8}: 'int java.lang.invoke.DirectMethodHandle$Holder.invokeSpecialIFC(java.lang.Object, java.lang.Object, java.lang.Object)'> (0x0000000083aa66a8) 
thrown [s\src\hotspot\share\interpreter\linkResolver.cpp, line 784]
Event: 5.461 Thread 0x0000022152cdc4e0 Exception <a 'java/lang/NoSuchMethodError'{0x00000000836309e0}: 'java.lang.Object java.lang.invoke.DirectMethodHandle$Holder.invokeSpecial(java.lang.Object, java.lang.Object, java.lang.Object, java.lang.Object, java.lang.Object, long)'> (0x00000000836309e0) 
thrown [s\src\hotspot\share\interpreter\linkResolver.cpp, line 784]
Event: 5.462 Thread 0x0000022152cdc4e0 Exception <a 'java/lang/NoSuchMethodError'{0x0000000083651738}: 'void java.lang.invoke.DirectMethodHandle$Holder.invokeStatic(java.lang.Object, java.lang.Object, java.lang.Object, int, java.lang.Object)'> (0x0000000083651738) 
thrown [s\src\hotspot\share\interpreter\linkResolver.cpp, line 784]
Event: 5.661 Thread 0x0000022152cdc4e0 Exception <a 'java/lang/NoSuchMethodError'{0x000000008d7eef18}: 'java.lang.Object java.lang.invoke.DirectMethodHandle$Holder.newInvokeSpecial(java.lang.Object, java.lang.Object, java.lang.Object, java.lang.Object, int, java.lang.Object)'> (0x000000008d7eef18) 
thrown [s\src\hotspot\share\interpreter\linkResolver.cpp, line 784]
Event: 5.662 Thread 0x0000022152cdc4e0 Exception <a 'java/lang/NoSuchMethodError'{0x000000008d7f77c8}: 'java.lang.Object java.lang.invoke.Invokers$Holder.linkToTargetMethod(java.lang.Object, java.lang.Object, java.lang.Object, int, java.lang.Object, java.lang.Object)'> (0x000000008d7f77c8) 
thrown [s\src\hotspot\share\interpreter\linkResolver.cpp, line 784]
Event: 5.795 Thread 0x0000022152cdc4e0 Exception <a 'java/lang/NoSuchMethodError'{0x0000000084770240}: 'java.lang.Object java.lang.invoke.DirectMethodHandle$Holder.invokeSpecialIFC(java.lang.Object, java.lang.Object, java.lang.Object)'> (0x0000000084770240) 
thrown [s\src\hotspot\share\interpreter\linkResolver.cpp, line 784]

ZGC Phase Switch (0 events):
No events

VM Operations (20 events):
Event: 5.149 Executing VM operation: ICBufferFull done
Event: 5.362 Executing VM operation: HandshakeAllThreads (Deoptimize)
Event: 5.362 Executing VM operation: HandshakeAllThreads (Deoptimize) done
Event: 5.502 Executing VM operation: ICBufferFull
Event: 5.502 Executing VM operation: ICBufferFull done
Event: 5.592 Executing VM operation: ICBufferFull
Event: 5.592 Executing VM operation: ICBufferFull done
Event: 5.595 Executing VM operation: HandshakeAllThreads (Deoptimize)
Event: 5.595 Executing VM operation: HandshakeAllThreads (Deoptimize) done
Event: 5.623 Executing VM operation: G1CollectForAllocation (G1 Evacuation Pause)
Event: 5.627 Executing VM operation: G1CollectForAllocation (G1 Evacuation Pause) done
Event: 5.648 Executing VM operation: HandshakeAllThreads (Deoptimize)
Event: 5.648 Executing VM operation: HandshakeAllThreads (Deoptimize) done
Event: 5.722 Executing VM operation: ICBufferFull
Event: 5.722 Executing VM operation: ICBufferFull done
Event: 5.812 Executing VM operation: ICBufferFull
Event: 5.812 Executing VM operation: ICBufferFull done
Event: 5.837 Executing VM operation: G1CollectForAllocation (G1 Evacuation Pause)
Event: 5.841 Executing VM operation: G1CollectForAllocation (G1 Evacuation Pause) done
Event: 6.841 Executing VM operation: Cleanup

Memory protections (0 events):
No events

Nmethod flushes (20 events):
Event: 4.964 Thread 0x000002214ca6fa80 flushing  nmethod 0x0000022138673b10
Event: 4.964 Thread 0x000002214ca6fa80 flushing  nmethod 0x000002213fc17510
Event: 4.964 Thread 0x000002214ca6fa80 flushing  nmethod 0x000002213fc68d10
Event: 4.964 Thread 0x000002214ca6fa80 flushing  nmethod 0x000002213fc69610
Event: 4.964 Thread 0x000002214ca6fa80 flushing  nmethod 0x000002213fc6af90
Event: 4.964 Thread 0x000002214ca6fa80 flushing  nmethod 0x00000221380c6f90
Event: 4.964 Thread 0x000002214ca6fa80 flushing  nmethod 0x00000221380c8f10
Event: 4.964 Thread 0x000002214ca6fa80 flushing  nmethod 0x000002213812f410
Event: 4.964 Thread 0x000002214ca6fa80 flushing  nmethod 0x000002213818c910
Event: 4.964 Thread 0x000002214ca6fa80 flushing  nmethod 0x0000022138196910
Event: 4.964 Thread 0x000002214ca6fa80 flushing  nmethod 0x0000022138260890
Event: 4.964 Thread 0x000002214ca6fa80 flushing  nmethod 0x0000022138261290
Event: 4.964 Thread 0x000002214ca6fa80 flushing  nmethod 0x00000221383b4e90
Event: 4.964 Thread 0x000002214ca6fa80 flushing  nmethod 0x00000221383b6090
Event: 4.964 Thread 0x000002214ca6fa80 flushing  nmethod 0x0000022138407010
Event: 4.964 Thread 0x000002214ca6fa80 flushing  nmethod 0x0000022138407790
Event: 4.964 Thread 0x000002214ca6fa80 flushing  nmethod 0x000002213840c990
Event: 4.964 Thread 0x000002214ca6fa80 flushing  nmethod 0x000002213840f990
Event: 4.964 Thread 0x000002214ca6fa80 flushing  nmethod 0x000002213840ff10
Event: 4.964 Thread 0x000002214ca6fa80 flushing  nmethod 0x00000221384d4110

Events (20 events):
Event: 5.683 Thread 0x0000022152cdc4e0 Thread added: 0x00000221545e47a0
Event: 5.684 Thread 0x0000022152cdc4e0 Thread added: 0x00000221545e4e30
Event: 5.685 Thread 0x0000022152cdc4e0 Thread added: 0x00000221545e2d60
Event: 5.687 Thread 0x0000022152cdc4e0 Thread added: 0x00000221545e4110
Event: 5.689 Thread 0x0000022152cdc4e0 Thread added: 0x00000221545e6870
Event: 5.691 Thread 0x0000022152cdc4e0 Thread added: 0x00000221545e6f00
Event: 5.693 Thread 0x0000022152cdc4e0 Thread added: 0x00000221545e3a80
Event: 5.694 Thread 0x0000022152cdc4e0 Thread added: 0x00000221545e9cf0
Event: 5.696 Thread 0x0000022152cdc4e0 Thread added: 0x00000221545e82b0
Event: 5.796 Thread 0x0000022152cdc4e0 Thread added: 0x00000221545e7590
Event: 5.796 Thread 0x0000022152cdc4e0 Thread added: 0x00000221545e7c20
Event: 5.796 Thread 0x0000022152cdc4e0 Thread added: 0x00000221545e8940
Event: 5.796 Thread 0x0000022152cdc4e0 Thread added: 0x00000221545e8fd0
Event: 5.797 Thread 0x0000022152cdc4e0 Thread added: 0x00000221545e9660
Event: 5.797 Thread 0x0000022152cdc4e0 Thread added: 0x00000221536b6e50
Event: 5.797 Thread 0x0000022152cdc4e0 Thread added: 0x0000022157229860
Event: 5.797 Thread 0x0000022152cdc4e0 Thread added: 0x00000221572284b0
Event: 5.798 Thread 0x0000022152cdc4e0 Thread added: 0x000002215722b930
Event: 5.798 Thread 0x0000022152cdc4e0 Thread added: 0x0000022157229ef0
Event: 5.798 Thread 0x0000022152cdc4e0 Thread added: 0x000002215722a580


Dynamic libraries:
0x00007ff78f740000 - 0x00007ff78f74a000 	D:\Android studio\jbr\bin\java.exe
0x00007ffcea7a0000 - 0x00007ffceaa06000 	C:\WINDOWS\SYSTEM32\ntdll.dll
0x00007ffce9140000 - 0x00007ffce9209000 	C:\WINDOWS\System32\KERNEL32.DLL
0x00007ffce7bf0000 - 0x00007ffce7fbc000 	C:\WINDOWS\System32\KERNELBASE.dll
0x00007ffce8410000 - 0x00007ffce855b000 	C:\WINDOWS\System32\ucrtbase.dll
0x00007ffcdb600000 - 0x00007ffcdb61b000 	D:\Android studio\jbr\bin\VCRUNTIME140.dll
0x00007ffcdb5d0000 - 0x00007ffcdb5e8000 	D:\Android studio\jbr\bin\jli.dll
0x00007ffce9810000 - 0x00007ffce99da000 	C:\WINDOWS\System32\USER32.dll
0x00007ffcdb9e0000 - 0x00007ffcdbc7a000 	C:\WINDOWS\WinSxS\amd64_microsoft.windows.common-controls_6595b64144ccf1df_6.0.26100.3912_none_3e07963ce335137e\COMCTL32.dll
0x00007ffce8050000 - 0x00007ffce8077000 	C:\WINDOWS\System32\win32u.dll
0x00007ffcea220000 - 0x00007ffcea2c9000 	C:\WINDOWS\System32\msvcrt.dll
0x00007ffce8f20000 - 0x00007ffce8f4b000 	C:\WINDOWS\System32\GDI32.dll
0x00007ffce7930000 - 0x00007ffce7a62000 	C:\WINDOWS\System32\gdi32full.dll
0x00007ffce8120000 - 0x00007ffce81c3000 	C:\WINDOWS\System32\msvcp_win.dll
0x00007ffce9070000 - 0x00007ffce90a0000 	C:\WINDOWS\System32\IMM32.DLL
0x00007ffce4880000 - 0x00007ffce488c000 	D:\Android studio\jbr\bin\vcruntime140_1.dll
0x00007ffc66690000 - 0x00007ffc6671d000 	D:\Android studio\jbr\bin\msvcp140.dll
0x00007ffc31360000 - 0x00007ffc31feb000 	D:\Android studio\jbr\bin\server\jvm.dll
0x00007ffce8de0000 - 0x00007ffce8e92000 	C:\WINDOWS\System32\ADVAPI32.dll
0x00007ffce9760000 - 0x00007ffce9806000 	C:\WINDOWS\System32\sechost.dll
0x00007ffce8f50000 - 0x00007ffce9066000 	C:\WINDOWS\System32\RPCRT4.dll
0x00007ffcea6e0000 - 0x00007ffcea754000 	C:\WINDOWS\System32\WS2_32.dll
0x00007ffce7780000 - 0x00007ffce77de000 	C:\WINDOWS\SYSTEM32\POWRPROF.dll
0x00007ffcdf100000 - 0x00007ffcdf10b000 	C:\WINDOWS\SYSTEM32\VERSION.dll
0x00007ffcd9b60000 - 0x00007ffcd9b96000 	C:\WINDOWS\SYSTEM32\WINMM.dll
0x00007ffce7750000 - 0x00007ffce7764000 	C:\WINDOWS\SYSTEM32\UMPDC.dll
0x00007ffce66b0000 - 0x00007ffce66ca000 	C:\WINDOWS\SYSTEM32\kernel.appcore.dll
0x00007ffcdb5f0000 - 0x00007ffcdb5fa000 	D:\Android studio\jbr\bin\jimage.dll
0x00007ffcde3b0000 - 0x00007ffcde5f1000 	C:\WINDOWS\SYSTEM32\DBGHELP.DLL
0x00007ffcea340000 - 0x00007ffcea6c4000 	C:\WINDOWS\System32\combase.dll
0x00007ffce8b30000 - 0x00007ffce8c10000 	C:\WINDOWS\System32\OLEAUT32.dll
0x00007ffcc0ca0000 - 0x00007ffcc0cd9000 	C:\WINDOWS\SYSTEM32\dbgcore.DLL
0x00007ffce8080000 - 0x00007ffce8119000 	C:\WINDOWS\System32\bcryptPrimitives.dll
0x00007ffcdcce0000 - 0x00007ffcdccee000 	D:\Android studio\jbr\bin\instrument.dll
0x00007ffcd8e50000 - 0x00007ffcd8e70000 	D:\Android studio\jbr\bin\java.dll
0x00007ffcd8e30000 - 0x00007ffcd8e48000 	D:\Android studio\jbr\bin\zip.dll
0x00007ffce99e0000 - 0x00007ffcea10d000 	C:\WINDOWS\System32\SHELL32.dll
0x00007ffce7a70000 - 0x00007ffce7be4000 	C:\WINDOWS\System32\wintypes.dll
0x00007ffce5560000 - 0x00007ffce5db6000 	C:\WINDOWS\SYSTEM32\windows.storage.dll
0x00007ffcea110000 - 0x00007ffcea1ff000 	C:\WINDOWS\System32\SHCORE.dll
0x00007ffce9510000 - 0x00007ffce9579000 	C:\WINDOWS\System32\shlwapi.dll
0x00007ffce7840000 - 0x00007ffce786f000 	C:\WINDOWS\SYSTEM32\profapi.dll
0x00007ffcd6a80000 - 0x00007ffcd6a90000 	D:\Android studio\jbr\bin\net.dll
0x00007ffce1110000 - 0x00007ffce122e000 	C:\WINDOWS\SYSTEM32\WINHTTP.dll
0x00007ffce6c00000 - 0x00007ffce6c6a000 	C:\WINDOWS\system32\mswsock.dll
0x00007ffcd67a0000 - 0x00007ffcd67b6000 	D:\Android studio\jbr\bin\nio.dll
0x00007ffcd5070000 - 0x00007ffcd5080000 	D:\Android studio\jbr\bin\verify.dll
0x00007ffc87090000 - 0x00007ffc870b7000 	C:\Users\cccc6\.gradle\native\c067742578af261105cb4f569cf0c3c89f3d7b1fecec35dd04571415982c5e48\windows-amd64\native-platform.dll
0x00007ffc406d0000 - 0x00007ffc40814000 	C:\Users\cccc6\.gradle\native\100fb08df4bc3b14c8652ba06237920a3bd2aa13389f12d3474272988ae205f9\windows-amd64\native-platform-file-events.dll
0x00007ffcd6730000 - 0x00007ffcd6739000 	D:\Android studio\jbr\bin\management.dll
0x00007ffcd6720000 - 0x00007ffcd672b000 	D:\Android studio\jbr\bin\management_ext.dll
0x00007ffcea6d0000 - 0x00007ffcea6d8000 	C:\WINDOWS\System32\PSAPI.DLL
0x00007ffce6fc0000 - 0x00007ffce6fdc000 	C:\WINDOWS\SYSTEM32\CRYPTSP.dll
0x00007ffce6610000 - 0x00007ffce664a000 	C:\WINDOWS\system32\rsaenh.dll
0x00007ffce6ca0000 - 0x00007ffce6ccb000 	C:\WINDOWS\SYSTEM32\USERENV.dll
0x00007ffce7810000 - 0x00007ffce7836000 	C:\WINDOWS\SYSTEM32\bcrypt.dll
0x00007ffce6e30000 - 0x00007ffce6e3c000 	C:\WINDOWS\SYSTEM32\CRYPTBASE.dll
0x00007ffce60d0000 - 0x00007ffce6103000 	C:\WINDOWS\SYSTEM32\IPHLPAPI.DLL
0x00007ffcea210000 - 0x00007ffcea21a000 	C:\WINDOWS\System32\NSI.dll
0x00007ffcd6740000 - 0x00007ffcd6749000 	D:\Android studio\jbr\bin\extnet.dll
0x00007ffccfba0000 - 0x00007ffccfba8000 	C:\WINDOWS\system32\wshunix.dll

dbghelp: loaded successfully - version: 4.0.5 - missing functions: none
symbol engine: initialized successfully - sym options: 0x614 - pdb path: .;D:\Android studio\jbr\bin;C:\WINDOWS\SYSTEM32;C:\WINDOWS\WinSxS\amd64_microsoft.windows.common-controls_6595b64144ccf1df_6.0.26100.3912_none_3e07963ce335137e;D:\Android studio\jbr\bin\server;C:\Users\cccc6\.gradle\native\c067742578af261105cb4f569cf0c3c89f3d7b1fecec35dd04571415982c5e48\windows-amd64;C:\Users\cccc6\.gradle\native\100fb08df4bc3b14c8652ba06237920a3bd2aa13389f12d3474272988ae205f9\windows-amd64

VM Arguments:
jvm_args: --add-opens=java.base/java.lang=ALL-UNNAMED --add-opens=java.base/java.lang.invoke=ALL-UNNAMED --add-opens=java.base/java.util=ALL-UNNAMED --add-opens=java.prefs/java.util.prefs=ALL-UNNAMED --add-exports=jdk.compiler/com.sun.tools.javac.api=ALL-UNNAMED --add-exports=jdk.compiler/com.sun.tools.javac.util=ALL-UNNAMED --add-opens=java.base/java.util=ALL-UNNAMED --add-opens=java.prefs/java.util.prefs=ALL-UNNAMED --add-opens=java.base/java.nio.charset=ALL-UNNAMED --add-opens=java.base/java.net=ALL-UNNAMED --add-opens=java.base/java.util.concurrent.atomic=ALL-UNNAMED --add-opens=java.xml/javax.xml.namespace=ALL-UNNAMED -Xmx2048m -Dfile.encoding=UTF-8 -Duser.country=RU -Duser.language=ru -Duser.variant -javaagent:C:\Users\cccc6\.gradle\wrapper\dists\gradle-8.11.1-bin\bpt9gzteqjrbo1mjrsomdt32c\gradle-8.11.1\lib\agents\gradle-instrumentation-agent-8.11.1.jar 
java_command: org.gradle.launcher.daemon.bootstrap.GradleDaemon 8.11.1
java_class_path (initial): C:\Users\cccc6\.gradle\wrapper\dists\gradle-8.11.1-bin\bpt9gzteqjrbo1mjrsomdt32c\gradle-8.11.1\lib\gradle-daemon-main-8.11.1.jar
Launcher Type: SUN_STANDARD

[Global flags]
     intx CICompilerCount                          = 4                                         {product} {ergonomic}
     uint ConcGCThreads                            = 3                                         {product} {ergonomic}
     uint G1ConcRefinementThreads                  = 10                                        {product} {ergonomic}
   size_t G1HeapRegionSize                         = 1048576                                   {product} {ergonomic}
    uintx GCDrainStackTargetSize                   = 64                                        {product} {ergonomic}
   size_t InitialHeapSize                          = 255852544                                 {product} {ergonomic}
   size_t MarkStackSize                            = 4194304                                   {product} {ergonomic}
   size_t MaxHeapSize                              = 2147483648                                {product} {command line}
   size_t MaxNewSize                               = 1287651328                                {product} {ergonomic}
   size_t MinHeapDeltaBytes                        = 1048576                                   {product} {ergonomic}
   size_t MinHeapSize                              = 8388608                                   {product} {ergonomic}
    uintx NonNMethodCodeHeapSize                   = 5839372                                {pd product} {ergonomic}
    uintx NonProfiledCodeHeapSize                  = 122909434                              {pd product} {ergonomic}
    uintx ProfiledCodeHeapSize                     = 122909434                              {pd product} {ergonomic}
    uintx ReservedCodeCacheSize                    = 251658240                              {pd product} {ergonomic}
     bool SegmentedCodeCache                       = true                                      {product} {ergonomic}
   size_t SoftMaxHeapSize                          = 2147483648                             {manageable} {ergonomic}
     bool UseCompressedOops                        = true                           {product lp64_product} {ergonomic}
     bool UseG1GC                                  = true                                      {product} {ergonomic}
     bool UseLargePagesIndividualAllocation        = false                                  {pd product} {ergonomic}

Logging:
Log output configuration:
 #0: stdout all=warning uptime,level,tags foldmultilines=false
 #1: stderr all=off uptime,level,tags foldmultilines=false

Environment Variables:
JAVA_HOME=C:\Program Files\Eclipse Adoptium\jdk-17.0.14.7-hotspot\
PATH=C:\Program Files\Eclipse Adoptium\jdk-17.0.14.7-hotspot\bin;C:\Program Files\Common Files\Oracle\Java\javapath;C:\Program Files (x86)\Common Files\Oracle\Java\javapath;C:\WINDOWS\system32;C:\WINDOWS;C:\WINDOWS\System32\Wbem;C:\WINDOWS\System32\WindowsPowerShell\v1.0\;C:\WINDOWS\System32\OpenSSH\;C:\Program Files (x86)\NVIDIA Corporation\PhysX\Common;C:\Program Files\dotnet\;C:\Program Files\NVIDIA Corporation\NVIDIA app\NvDLISR;D:\programs\Git\cmd;C:\Users\cccc6\AppData\Local\Programs\Python\Python313\Scripts\;C:\Users\cccc6\AppData\Local\Programs\Python\Python313\;D:\OSPanel\bin;C:\Users\cccc6\AppData\Local\Microsoft\WindowsApps;D:\programs\Microsoft VS Code\bin;D:\programs\heroku\bin;D:\programs\PyCharm 2024.3.5\bin;
USERNAME=nastysha
OS=Windows_NT
PROCESSOR_IDENTIFIER=AMD64 Family 25 Model 68 Stepping 1, AuthenticAMD
TMP=C:\Users\cccc6\AppData\Local\Temp
TEMP=C:\Users\cccc6\AppData\Local\Temp




Periodic native trim disabled

JNI global refs:
JNI global refs: 29, weak refs: 17

JNI global refs memory usage: 835, weak refs: 833

Process memory usage:
Resident Set Size: 337744K (2% of 15930392K total physical memory with 2194564K free physical memory)

OOME stack traces (most recent first):
Classloader memory used:
Loader org.gradle.internal.classloader.VisitableURLClassLoader                         : 33367K
Loader bootstrap                                                                       : 22725K
Loader org.gradle.initialization.MixInLegacyTypesClassLoader                           : 9411K
Loader jdk.internal.loader.ClassLoaders$PlatformClassLoader                            : 532K
Loader jdk.internal.loader.ClassLoaders$AppClassLoader                                 : 234K
Loader org.gradle.internal.classloader.VisitableURLClassLoader                         : 106K
Loader jdk.internal.reflect.DelegatingClassLoader                                      : 96216B

Classes loaded by more than one classloader:
Class Program                                                                         : loaded 3 times (x 68B)
Class org.gradle.internal.classloader.ClassLoaderHierarchy                            : loaded 2 times (x 66B)
Class org.gradle.api.internal.classpath.ManifestUtil                                  : loaded 2 times (x 67B)
Class org.gradle.internal.classloader.DefaultClassLoaderFactory                       : loaded 2 times (x 78B)
Class org.gradle.internal.classloader.ClassLoaderVisitor                              : loaded 2 times (x 72B)
Class org.gradle.api.internal.classpath.EffectiveClassPath                            : loaded 2 times (x 86B)
Class org.gradle.api.internal.DefaultClassPathProvider                                : loaded 2 times (x 72B)
Class [Lorg.gradle.api.internal.ClassPathProvider;                                    : loaded 2 times (x 65B)
Class org.gradle.api.internal.ClassPathProvider                                       : loaded 2 times (x 66B)
Class org.gradle.internal.service.UnknownServiceException                             : loaded 2 times (x 79B)
Class org.gradle.internal.classpath.TransformedClassPath                              : loaded 2 times (x 92B)
Class org.gradle.internal.classloader.InstrumentingClassLoader                        : loaded 2 times (x 66B)
Class org.gradle.internal.service.ServiceLocator                                      : loaded 2 times (x 66B)
Class org.gradle.internal.InternalTransformer                                         : loaded 2 times (x 66B)
Class org.gradle.internal.classloader.ClasspathUtil$1                                 : loaded 2 times (x 72B)
Class org.gradle.api.internal.classpath.DefaultModuleRegistry$DefaultModule           : loaded 2 times (x 82B)
Class org.gradle.api.internal.classpath.Module                                        : loaded 2 times (x 66B)
Class org.gradle.api.internal.classpath.UnknownModuleException                        : loaded 2 times (x 78B)
Class org.gradle.api.internal.DefaultClassPathRegistry                                : loaded 2 times (x 72B)
Class org.gradle.api.internal.ClassPathRegistry                                       : loaded 2 times (x 66B)
Class org.gradle.internal.classpath.DefaultClassPath$ImmutableUniqueList              : loaded 2 times (x 195B)
Class org.gradle.internal.classloader.FilteringClassLoader                            : loaded 2 times (x 101B)
Class Settings_gradle$1                                                               : loaded 2 times (x 70B)
Class org.gradle.internal.classpath.ClassPath                                         : loaded 2 times (x 66B)
Class org.gradle.api.UncheckedIOException                                             : loaded 2 times (x 78B)
Class org.gradle.internal.installation.GradleInstallation$1                           : loaded 2 times (x 71B)
Class org.gradle.api.internal.classpath.ModuleRegistry                                : loaded 2 times (x 66B)
Class org.gradle.api.internal.classpath.DefaultModuleRegistry                         : loaded 2 times (x 82B)
Class org.gradle.internal.service.ServiceLookupException                              : loaded 2 times (x 78B)
Class org.gradle.internal.classloader.ClassLoaderFactory                              : loaded 2 times (x 66B)
Class org.gradle.internal.service.CachingServiceLocator                               : loaded 2 times (x 78B)
Class org.gradle.internal.classloader.ClasspathUtil                                   : loaded 2 times (x 67B)
Class org.gradle.api.specs.Spec                                                       : loaded 2 times (x 66B)
Class org.gradle.internal.classloader.VisitableURLClassLoader$InstrumentingVisitableURLClassLoader: loaded 2 times (x 119B)
Class org.gradle.internal.classloader.VisitableURLClassLoader$Spec                    : loaded 2 times (x 70B)
Class org.gradle.internal.classpath.DefaultClassPath                                  : loaded 2 times (x 86B)
Class org.gradle.internal.classloader.ClassLoaderSpec                                 : loaded 2 times (x 67B)
Class Settings_gradle$1$1                                                             : loaded 2 times (x 70B)
Class org.gradle.internal.classloader.VisitableURLClassLoader                         : loaded 2 times (x 113B)
Class Settings_gradle                                                                 : loaded 2 times (x 124B)
Class org.gradle.internal.Cast                                                        : loaded 2 times (x 67B)
Class org.gradle.api.Action                                                           : loaded 2 times (x 66B)
Class org.gradle.internal.classpath.DefaultClassPath$ImmutableUniqueList$Builder      : loaded 2 times (x 71B)
Class org.gradle.api.GradleException                                                  : loaded 2 times (x 78B)
Class org.gradle.internal.IoActions                                                   : loaded 2 times (x 67B)
Class org.gradle.internal.classloader.SystemClassLoaderSpec                           : loaded 2 times (x 67B)
Class org.gradle.api.internal.classpath.GlobalCacheRootsProvider                      : loaded 2 times (x 66B)
Class org.gradle.internal.installation.CurrentGradleInstallationLocator               : loaded 2 times (x 67B)
Class org.gradle.internal.service.DefaultServiceLocator                               : loaded 2 times (x 79B)
Class org.gradle.internal.installation.CurrentGradleInstallation                      : loaded 2 times (x 69B)
Class org.gradle.util.internal.GUtil                                                  : loaded 2 times (x 67B)
Class org.gradle.internal.installation.GradleInstallation                             : loaded 2 times (x 71B)

---------------  S Y S T E M  ---------------

OS:
 Windows 11 , 64 bit Build 26100 (10.0.26100.3912)
OS uptime: 2 days 19:09 hours
Hyper-V role detected

CPU: total 12 (initial active 12) (12 cores per cpu, 2 threads per core) family 25 model 68 stepping 1 microcode 0xa404102, cx8, cmov, fxsr, ht, mmx, 3dnowpref, sse, sse2, sse3, ssse3, sse4a, sse4.1, sse4.2, popcnt, lzcnt, tsc, tscinvbit, avx, avx2, aes, erms, clmul, bmi1, bmi2, adx, sha, fma, vzeroupper, clflush, clflushopt, hv, rdtscp, rdpid, fsrm, f16c, cet_ss
Processor Information for the first 12 processors :
  Max Mhz: 3301, Current Mhz: 3301, Mhz Limit: 3301

Memory: 4k page, system-wide physical 15557M (2140M free)
TotalPageFile size 30493M (AvailPageFile size 7M)
current process WorkingSet (physical memory assigned to process): 331M, peak: 331M
current process commit charge ("private bytes"): 369M, peak: 378M

vm_info: OpenJDK 64-Bit Server VM (21.0.6+-13355223-b631.42) for windows-amd64 JRE (21.0.6+-13355223-b631.42), built on 2025-04-14T18:21:23Z by "builder" with MS VC++ 16.10 / 16.11 (VS2019)

END.
