#
# There is insufficient memory for the Java Runtime Environment to continue.
# Native memory allocation (malloc) failed to allocate 1436016 bytes. Error detail: Chunk::new
# Possible reasons:
#   The system is out of physical RAM or swap space
#   This process is running with CompressedOops enabled, and the Java Heap may be blocking the growth of the native heap
# Possible solutions:
#   Reduce memory load on the system
#   Increase physical memory or swap space
#   Check if swap backing store is full
#   Decrease Java heap size (-Xmx/-Xms)
#   Decrease number of Java threads
#   Decrease Java thread stack sizes (-Xss)
#   Set larger code cache with -XX:ReservedCodeCacheSize=
#   JVM is running with Unscaled Compressed Oops mode in which the Java heap is
#     placed in the first 4GB address space. The Java Heap base address is the
#     maximum limit for the native heap growth. Please use -XX:HeapBaseMinAddress
#     to set the Java Heap base and to place the Java Heap above 4GB virtual address.
# This output file may be truncated or incomplete.
#
#  Out of Memory Error (arena.cpp:168), pid=748, tid=4168
#
# JRE version: OpenJDK Runtime Environment (21.0.6) (build 21.0.6+-13355223-b631.42)
# Java VM: OpenJDK 64-Bit Server VM (21.0.6+-13355223-b631.42, mixed mode, tiered, compressed oops, compressed class ptrs, g1 gc, windows-amd64)
# No core dump will be written. Minidumps are not enabled by default on client versions of Windows
#

---------------  S U M M A R Y ------------

Command Line: --add-opens=java.base/java.lang=ALL-UNNAMED --add-opens=java.base/java.lang.invoke=ALL-UNNAMED --add-opens=java.base/java.util=ALL-UNNAMED --add-opens=java.prefs/java.util.prefs=ALL-UNNAMED --add-exports=jdk.compiler/com.sun.tools.javac.api=ALL-UNNAMED --add-exports=jdk.compiler/com.sun.tools.javac.util=ALL-UNNAMED --add-opens=java.base/java.util=ALL-UNNAMED --add-opens=java.prefs/java.util.prefs=ALL-UNNAMED --add-opens=java.base/java.nio.charset=ALL-UNNAMED --add-opens=java.base/java.net=ALL-UNNAMED --add-opens=java.base/java.util.concurrent.atomic=ALL-UNNAMED --add-opens=java.xml/javax.xml.namespace=ALL-UNNAMED -Xmx2048m -Dfile.encoding=UTF-8 -Duser.country=RU -Duser.language=ru -Duser.variant -javaagent:C:\Users\cccc6\.gradle\wrapper\dists\gradle-8.11.1-bin\bpt9gzteqjrbo1mjrsomdt32c\gradle-8.11.1\lib\agents\gradle-instrumentation-agent-8.11.1.jar org.gradle.launcher.daemon.bootstrap.GradleDaemon 8.11.1

Host: AMD Ryzen 5 6600H with Radeon Graphics         , 12 cores, 15G,  Windows 11 , 64 bit Build 26100 (10.0.26100.3912)
Time: Thu May 15 18:35:33 2025  Windows 11 , 64 bit Build 26100 (10.0.26100.3912) elapsed time: 5.258558 seconds (0d 0h 0m 5s)

---------------  T H R E A D  ---------------

Current thread (0x00000226ba1c3b20):  JavaThread "C2 CompilerThread2" daemon [_thread_in_native, id=4168, stack(0x000000a3e4300000,0x000000a3e4400000) (1024K)]


Current CompileTask:
C2:5258 7709   !   4       java.net.URLClassLoader::findClass (47 bytes)

Stack: [0x000000a3e4300000,0x000000a3e4400000]
Native frames: (J=compiled Java code, j=interpreted, Vv=VM code, C=native code)
V  [jvm.dll+0x6d05a9]
V  [jvm.dll+0x85ea73]
V  [jvm.dll+0x860fce]
V  [jvm.dll+0x8616b3]
V  [jvm.dll+0x27e6e6]
V  [jvm.dll+0xbff6d]
V  [jvm.dll+0xc04a3]
V  [jvm.dll+0x3b6131]
V  [jvm.dll+0x1de684]
V  [jvm.dll+0x247dd4]
V  [jvm.dll+0x247251]
V  [jvm.dll+0x1c5f04]
V  [jvm.dll+0x2569ac]
V  [jvm.dll+0x254ef6]
V  [jvm.dll+0x3f0e56]
V  [jvm.dll+0x806e48]
V  [jvm.dll+0x6cee7d]
C  [ucrtbase.dll+0x37b0]
C  [KERNEL32.DLL+0x2e8d7]
C  [ntdll.dll+0x9c5dc]


---------------  P R O C E S S  ---------------

Threads class SMR info:
_java_thread_list=0x00000226bbc9ecc0, length=67, elements={
0x000002269d87d8c0, 0x00000226b54dc220, 0x00000226b54dd3f0, 0x00000226b54f6190,
0x00000226b54f67f0, 0x00000226b54bf4b0, 0x00000226b5503f10, 0x00000226b54ca7a0,
0x00000226b550b8b0, 0x00000226b5674a70, 0x00000226b5675100, 0x00000226ba15e430,
0x00000226ba1c3b20, 0x00000226b56736c0, 0x00000226b56729a0, 0x00000226b5675790,
0x00000226b5673030, 0x00000226b5673d50, 0x00000226b5675e20, 0x00000226b56743e0,
0x00000226bbd5dc90, 0x00000226bbd5f040, 0x00000226bbd5f6d0, 0x00000226bbd5e320,
0x00000226bbd603f0, 0x00000226bbd5e9b0, 0x00000226bbd60a80, 0x00000226bbd5d600,
0x00000226bbd624c0, 0x00000226bbd5fd60, 0x00000226bbd61110, 0x00000226bbd64590,
0x00000226bbd64c20, 0x00000226bbd617a0, 0x00000226bbd63870, 0x00000226bf35ec00,
0x00000226bf3619f0, 0x00000226bf360cd0, 0x00000226bf35e570, 0x00000226bf362080,
0x00000226bf362710, 0x00000226bf35f290, 0x00000226bf361360, 0x00000226bf362da0,
0x00000226bf35f920, 0x00000226bf363430, 0x00000226bf35ffb0, 0x00000226bf363ac0,
0x00000226bf360640, 0x00000226bf364150, 0x00000226bf365500, 0x00000226bf3647e0,
0x00000226bf364e70, 0x00000226bf365b90, 0x00000226bf456030, 0x00000226bf453f60,
0x00000226bf452bb0, 0x00000226bf453240, 0x00000226bf455310, 0x00000226bf4545f0,
0x00000226bf4538d0, 0x00000226bf454c80, 0x00000226bf4559a0, 0x00000226bfe4c0a0,
0x00000226bfe4d450, 0x00000226bfe4f520, 0x00000226bfe4cdc0
}

Java Threads: ( => current thread )
  0x000002269d87d8c0 JavaThread "main"                              [_thread_blocked, id=27440, stack(0x000000a3e3000000,0x000000a3e3100000) (1024K)]
  0x00000226b54dc220 JavaThread "Reference Handler"          daemon [_thread_blocked, id=22572, stack(0x000000a3e3800000,0x000000a3e3900000) (1024K)]
  0x00000226b54dd3f0 JavaThread "Finalizer"                  daemon [_thread_blocked, id=24608, stack(0x000000a3e3900000,0x000000a3e3a00000) (1024K)]
  0x00000226b54f6190 JavaThread "Signal Dispatcher"          daemon [_thread_blocked, id=29236, stack(0x000000a3e3a00000,0x000000a3e3b00000) (1024K)]
  0x00000226b54f67f0 JavaThread "Attach Listener"            daemon [_thread_blocked, id=9976, stack(0x000000a3e3b00000,0x000000a3e3c00000) (1024K)]
  0x00000226b54bf4b0 JavaThread "Service Thread"             daemon [_thread_blocked, id=30132, stack(0x000000a3e3c00000,0x000000a3e3d00000) (1024K)]
  0x00000226b5503f10 JavaThread "Monitor Deflation Thread"   daemon [_thread_blocked, id=7084, stack(0x000000a3e3d00000,0x000000a3e3e00000) (1024K)]
  0x00000226b54ca7a0 JavaThread "C2 CompilerThread0"         daemon [_thread_in_native, id=28784, stack(0x000000a3e3e00000,0x000000a3e3f00000) (1024K)]
  0x00000226b550b8b0 JavaThread "C1 CompilerThread0"         daemon [_thread_in_native, id=22800, stack(0x000000a3e3f00000,0x000000a3e4000000) (1024K)]
  0x00000226b5674a70 JavaThread "Common-Cleaner"             daemon [_thread_blocked, id=6844, stack(0x000000a3e4000000,0x000000a3e4100000) (1024K)]
  0x00000226b5675100 JavaThread "Notification Thread"        daemon [_thread_blocked, id=25544, stack(0x000000a3e4100000,0x000000a3e4200000) (1024K)]
  0x00000226ba15e430 JavaThread "C2 CompilerThread1"         daemon [_thread_in_native, id=21576, stack(0x000000a3e4200000,0x000000a3e4300000) (1024K)]
=>0x00000226ba1c3b20 JavaThread "C2 CompilerThread2"         daemon [_thread_in_native, id=4168, stack(0x000000a3e4300000,0x000000a3e4400000) (1024K)]
  0x00000226b56736c0 JavaThread "Daemon health stats"               [_thread_blocked, id=26588, stack(0x000000a3e4a00000,0x000000a3e4b00000) (1024K)]
  0x00000226b56729a0 JavaThread "Incoming local TCP Connector on port 55806"        [_thread_in_native, id=16236, stack(0x000000a3e4b00000,0x000000a3e4c00000) (1024K)]
  0x00000226b5675790 JavaThread "Daemon periodic checks"            [_thread_blocked, id=21084, stack(0x000000a3e4c00000,0x000000a3e4d00000) (1024K)]
  0x00000226b5673030 JavaThread "Daemon"                            [_thread_blocked, id=28204, stack(0x000000a3e4d00000,0x000000a3e4e00000) (1024K)]
  0x00000226b5673d50 JavaThread "Handler for socket connection from /127.0.0.1:55806 to /127.0.0.1:55807"        [_thread_in_native, id=11360, stack(0x000000a3e4e00000,0x000000a3e4f00000) (1024K)]
  0x00000226b5675e20 JavaThread "Cancel handler"                    [_thread_blocked, id=18240, stack(0x000000a3e4f00000,0x000000a3e5000000) (1024K)]
  0x00000226b56743e0 JavaThread "Daemon worker"                     [_thread_in_native, id=6672, stack(0x000000a3e5000000,0x000000a3e5100000) (1024K)]
  0x00000226bbd5dc90 JavaThread "Asynchronous log dispatcher for DefaultDaemonConnection: socket connection from /127.0.0.1:55806 to /127.0.0.1:55807"        [_thread_blocked, id=18372, stack(0x000000a3e5100000,0x000000a3e5200000) (1024K)]
  0x00000226bbd5f040 JavaThread "Stdin handler"                     [_thread_blocked, id=3136, stack(0x000000a3e5200000,0x000000a3e5300000) (1024K)]
  0x00000226bbd5f6d0 JavaThread "Daemon client event forwarder"        [_thread_blocked, id=2648, stack(0x000000a3e5300000,0x000000a3e5400000) (1024K)]
  0x00000226bbd5e320 JavaThread "Cache worker for journal cache (C:\Users\cccc6\.gradle\caches\journal-1)"        [_thread_blocked, id=13688, stack(0x000000a3e5900000,0x000000a3e5a00000) (1024K)]
  0x00000226bbd603f0 JavaThread "File lock request listener"        [_thread_in_native, id=9628, stack(0x000000a3e5a00000,0x000000a3e5b00000) (1024K)]
  0x00000226bbd5e9b0 JavaThread "Cache worker for file hash cache (C:\Users\cccc6\.gradle\caches\8.11.1\fileHashes)"        [_thread_blocked, id=27628, stack(0x000000a3e5b00000,0x000000a3e5c00000) (1024K)]
  0x00000226bbd60a80 JavaThread "Cache worker for file content cache (C:\Users\cccc6\.gradle\caches\8.11.1\fileContent)"        [_thread_blocked, id=23740, stack(0x000000a3e5c00000,0x000000a3e5d00000) (1024K)]
  0x00000226bbd5d600 JavaThread "Cache worker for file hash cache (D:\Calculatorapp\.gradle\8.11.1\fileHashes)"        [_thread_blocked, id=11604, stack(0x000000a3e5d00000,0x000000a3e5e00000) (1024K)]
  0x00000226bbd624c0 JavaThread "Cache worker for Build Output Cleanup Cache (D:\Calculatorapp\.gradle\buildOutputCleanup)"        [_thread_blocked, id=17312, stack(0x000000a3e5e00000,0x000000a3e5f00000) (1024K)]
  0x00000226bbd5fd60 JavaThread "File watcher server"        daemon [_thread_in_native, id=26256, stack(0x000000a3e5f00000,0x000000a3e6000000) (1024K)]
  0x00000226bbd61110 JavaThread "File watcher consumer"      daemon [_thread_blocked, id=8200, stack(0x000000a3e6000000,0x000000a3e6100000) (1024K)]
  0x00000226bbd64590 JavaThread "Cache worker for checksums cache (D:\Calculatorapp\.gradle\8.11.1\checksums)"        [_thread_blocked, id=23128, stack(0x000000a3e6100000,0x000000a3e6200000) (1024K)]
  0x00000226bbd64c20 JavaThread "Cache worker for cache directory md-rule (C:\Users\cccc6\.gradle\caches\8.11.1\md-rule)"        [_thread_blocked, id=27612, stack(0x000000a3e6200000,0x000000a3e6300000) (1024K)]
  0x00000226bbd617a0 JavaThread "Cache worker for cache directory md-supplier (C:\Users\cccc6\.gradle\caches\8.11.1\md-supplier)"        [_thread_blocked, id=25552, stack(0x000000a3e6300000,0x000000a3e6400000) (1024K)]
  0x00000226bbd63870 JavaThread "Unconstrained build operations"        [_thread_blocked, id=13492, stack(0x000000a3e6400000,0x000000a3e6500000) (1024K)]
  0x00000226bf35ec00 JavaThread "Unconstrained build operations Thread 2"        [_thread_blocked, id=30356, stack(0x000000a3e6500000,0x000000a3e6600000) (1024K)]
  0x00000226bf3619f0 JavaThread "Unconstrained build operations Thread 3"        [_thread_blocked, id=8204, stack(0x000000a3e6600000,0x000000a3e6700000) (1024K)]
  0x00000226bf360cd0 JavaThread "Unconstrained build operations Thread 4"        [_thread_blocked, id=27840, stack(0x000000a3e6700000,0x000000a3e6800000) (1024K)]
  0x00000226bf35e570 JavaThread "Unconstrained build operations Thread 5"        [_thread_blocked, id=10356, stack(0x000000a3e6800000,0x000000a3e6900000) (1024K)]
  0x00000226bf362080 JavaThread "Unconstrained build operations Thread 6"        [_thread_blocked, id=31572, stack(0x000000a3e6900000,0x000000a3e6a00000) (1024K)]
  0x00000226bf362710 JavaThread "Unconstrained build operations Thread 7"        [_thread_blocked, id=28668, stack(0x000000a3e6a00000,0x000000a3e6b00000) (1024K)]
  0x00000226bf35f290 JavaThread "Unconstrained build operations Thread 8"        [_thread_blocked, id=1432, stack(0x000000a3e6b00000,0x000000a3e6c00000) (1024K)]
  0x00000226bf361360 JavaThread "Unconstrained build operations Thread 9"        [_thread_blocked, id=13000, stack(0x000000a3e6c00000,0x000000a3e6d00000) (1024K)]
  0x00000226bf362da0 JavaThread "Unconstrained build operations Thread 10"        [_thread_blocked, id=8604, stack(0x000000a3e6d00000,0x000000a3e6e00000) (1024K)]
  0x00000226bf35f920 JavaThread "Unconstrained build operations Thread 11"        [_thread_blocked, id=29344, stack(0x000000a3e6e00000,0x000000a3e6f00000) (1024K)]
  0x00000226bf363430 JavaThread "Unconstrained build operations Thread 12"        [_thread_blocked, id=31096, stack(0x000000a3e6f00000,0x000000a3e7000000) (1024K)]
  0x00000226bf35ffb0 JavaThread "Unconstrained build operations Thread 13"        [_thread_blocked, id=26444, stack(0x000000a3e7000000,0x000000a3e7100000) (1024K)]
  0x00000226bf363ac0 JavaThread "Unconstrained build operations Thread 14"        [_thread_blocked, id=7108, stack(0x000000a3e7100000,0x000000a3e7200000) (1024K)]
  0x00000226bf360640 JavaThread "Unconstrained build operations Thread 15"        [_thread_blocked, id=1072, stack(0x000000a3e7200000,0x000000a3e7300000) (1024K)]
  0x00000226bf364150 JavaThread "Unconstrained build operations Thread 16"        [_thread_blocked, id=29772, stack(0x000000a3e7300000,0x000000a3e7400000) (1024K)]
  0x00000226bf365500 JavaThread "Unconstrained build operations Thread 17"        [_thread_blocked, id=20244, stack(0x000000a3e7400000,0x000000a3e7500000) (1024K)]
  0x00000226bf3647e0 JavaThread "Unconstrained build operations Thread 18"        [_thread_blocked, id=14524, stack(0x000000a3e7500000,0x000000a3e7600000) (1024K)]
  0x00000226bf364e70 JavaThread "Unconstrained build operations Thread 19"        [_thread_blocked, id=9520, stack(0x000000a3e7600000,0x000000a3e7700000) (1024K)]
  0x00000226bf365b90 JavaThread "Unconstrained build operations Thread 20"        [_thread_blocked, id=13360, stack(0x000000a3e7700000,0x000000a3e7800000) (1024K)]
  0x00000226bf456030 JavaThread "Unconstrained build operations Thread 21"        [_thread_blocked, id=4504, stack(0x000000a3e7800000,0x000000a3e7900000) (1024K)]
  0x00000226bf453f60 JavaThread "Unconstrained build operations Thread 22"        [_thread_blocked, id=5912, stack(0x000000a3e7900000,0x000000a3e7a00000) (1024K)]
  0x00000226bf452bb0 JavaThread "Unconstrained build operations Thread 23"        [_thread_blocked, id=15972, stack(0x000000a3e7a00000,0x000000a3e7b00000) (1024K)]
  0x00000226bf453240 JavaThread "Unconstrained build operations Thread 24"        [_thread_blocked, id=22280, stack(0x000000a3e7b00000,0x000000a3e7c00000) (1024K)]
  0x00000226bf455310 JavaThread "Unconstrained build operations Thread 25"        [_thread_blocked, id=7928, stack(0x000000a3e7c00000,0x000000a3e7d00000) (1024K)]
  0x00000226bf4545f0 JavaThread "Unconstrained build operations Thread 26"        [_thread_blocked, id=22028, stack(0x000000a3e7d00000,0x000000a3e7e00000) (1024K)]
  0x00000226bf4538d0 JavaThread "Unconstrained build operations Thread 27"        [_thread_blocked, id=10400, stack(0x000000a3e7e00000,0x000000a3e7f00000) (1024K)]
  0x00000226bf454c80 JavaThread "Unconstrained build operations Thread 28"        [_thread_blocked, id=13184, stack(0x000000a3e7f00000,0x000000a3e8000000) (1024K)]
  0x00000226bf4559a0 JavaThread "Unconstrained build operations Thread 29"        [_thread_blocked, id=25368, stack(0x000000a3e8000000,0x000000a3e8100000) (1024K)]
  0x00000226bfe4c0a0 JavaThread "Unconstrained build operations Thread 30"        [_thread_blocked, id=27868, stack(0x000000a3e8100000,0x000000a3e8200000) (1024K)]
  0x00000226bfe4d450 JavaThread "Unconstrained build operations Thread 31"        [_thread_blocked, id=14392, stack(0x000000a3e8200000,0x000000a3e8300000) (1024K)]
  0x00000226bfe4f520 JavaThread "Unconstrained build operations Thread 32"        [_thread_blocked, id=15352, stack(0x000000a3e8300000,0x000000a3e8400000) (1024K)]
  0x00000226bfe4cdc0 JavaThread "Unconstrained build operations Thread 33"        [_thread_blocked, id=11244, stack(0x000000a3e8400000,0x000000a3e8500000) (1024K)]
Total: 67

Other Threads:
  0x00000226b53cd910 VMThread "VM Thread"                           [id=22900, stack(0x000000a3e3700000,0x000000a3e3800000) (1024K)]
  0x00000226b54519e0 WatcherThread "VM Periodic Task Thread"        [id=20640, stack(0x000000a3e3600000,0x000000a3e3700000) (1024K)]
  0x000002269d8d6630 WorkerThread "GC Thread#0"                     [id=16588, stack(0x000000a3e3100000,0x000000a3e3200000) (1024K)]
  0x00000226ba4c0760 WorkerThread "GC Thread#1"                     [id=24048, stack(0x000000a3e4400000,0x000000a3e4500000) (1024K)]
  0x00000226ba2a5bc0 WorkerThread "GC Thread#2"                     [id=22960, stack(0x000000a3e4500000,0x000000a3e4600000) (1024K)]
  0x00000226ba2a5f60 WorkerThread "GC Thread#3"                     [id=18848, stack(0x000000a3e4600000,0x000000a3e4700000) (1024K)]
  0x00000226ba236fd0 WorkerThread "GC Thread#4"                     [id=17404, stack(0x000000a3e4700000,0x000000a3e4800000) (1024K)]
  0x00000226bb873ca0 WorkerThread "GC Thread#5"                     [id=14072, stack(0x000000a3e4800000,0x000000a3e4900000) (1024K)]
  0x00000226bafd8c60 WorkerThread "GC Thread#6"                     [id=28312, stack(0x000000a3e4900000,0x000000a3e4a00000) (1024K)]
  0x00000226bbf7fed0 WorkerThread "GC Thread#7"                     [id=1380, stack(0x000000a3e5400000,0x000000a3e5500000) (1024K)]
  0x00000226bbd3f0d0 WorkerThread "GC Thread#8"                     [id=13676, stack(0x000000a3e5500000,0x000000a3e5600000) (1024K)]
  0x00000226bbf7ce70 WorkerThread "GC Thread#9"                     [id=30448, stack(0x000000a3e5600000,0x000000a3e5700000) (1024K)]
  0x000002269d8e8530 ConcurrentGCThread "G1 Main Marker"            [id=9616, stack(0x000000a3e3200000,0x000000a3e3300000) (1024K)]
  0x000002269d8eac30 WorkerThread "G1 Conc#0"                       [id=6724, stack(0x000000a3e3300000,0x000000a3e3400000) (1024K)]
  0x00000226bbf1af80 WorkerThread "G1 Conc#1"                       [id=17292, stack(0x000000a3e5700000,0x000000a3e5800000) (1024K)]
  0x00000226bbf1b320 WorkerThread "G1 Conc#2"                       [id=14488, stack(0x000000a3e5800000,0x000000a3e5900000) (1024K)]
  0x00000226b52a8300 ConcurrentGCThread "G1 Refine#0"               [id=16460, stack(0x000000a3e3400000,0x000000a3e3500000) (1024K)]
  0x00000226b52a8830 ConcurrentGCThread "G1 Service"                [id=20788, stack(0x000000a3e3500000,0x000000a3e3600000) (1024K)]
Total: 18

Threads with active compile tasks:
C2 CompilerThread0  5276 7705   !   4       java.net.URLClassLoader$1::run (81 bytes)
C2 CompilerThread1  5276 7699       4       java.net.URLClassLoader$1::run (5 bytes)
C2 CompilerThread2  5277 7709   !   4       java.net.URLClassLoader::findClass (47 bytes)
Total: 3

VM state: not at safepoint (normal execution)

VM Mutex/Monitor currently owned by a thread: None

Heap address: 0x0000000080000000, size: 2048 MB, Compressed Oops mode: 32-bit

CDS archive(s) not mapped
Compressed class space mapped at: 0x0000000100000000-0x0000000140000000, reserved size: 1073741824
Narrow klass base: 0x0000000000000000, Narrow klass shift: 3, Narrow klass range: 0x140000000

GC Precious Log:
 CardTable entry size: 512
 Card Set container configuration: InlinePtr #cards 5 size 8 Array Of Cards #cards 12 size 40 Howl #buckets 4 coarsen threshold 1843 Howl Bitmap #cards 512 size 80 coarsen threshold 460 Card regions per heap region 1 cards per card region 2048
 CPUs: 12 total, 12 available
 Memory: 15557M
 Large Page Support: Disabled
 NUMA Support: Disabled
 Compressed Oops: Enabled (32-bit)
 Heap Region Size: 1M
 Heap Min Capacity: 8M
 Heap Initial Capacity: 244M
 Heap Max Capacity: 2G
 Pre-touch: Disabled
 Parallel Workers: 10
 Concurrent Workers: 3
 Concurrent Refinement Workers: 10
 Periodic GC: Disabled

Heap:
 garbage-first heap   total 96256K, used 79157K [0x0000000080000000, 0x0000000100000000)
  region size 1024K, 30 young (30720K), 4 survivors (4096K)
 Metaspace       used 67659K, committed 69376K, reserved 1114112K
  class space    used 9249K, committed 10048K, reserved 1048576K

Heap Regions: E=young(eden), S=young(survivor), O=old, HS=humongous(starts), HC=humongous(continues), CS=collection set, F=free, TAMS=top-at-mark-start, PB=parsable bottom
|   0|0x0000000080000000, 0x00000000800ffff8, 0x0000000080100000| 99%| O|  |TAMS 0x0000000080000000| PB 0x0000000080000000| Untracked 
|   1|0x0000000080100000, 0x0000000080200000, 0x0000000080200000|100%|HS|  |TAMS 0x0000000080100000| PB 0x0000000080100000| Complete 
|   2|0x0000000080200000, 0x0000000080300000, 0x0000000080300000|100%|HC|  |TAMS 0x0000000080200000| PB 0x0000000080200000| Complete 
|   3|0x0000000080300000, 0x0000000080400000, 0x0000000080400000|100%|HC|  |TAMS 0x0000000080300000| PB 0x0000000080300000| Complete 
|   4|0x0000000080400000, 0x0000000080500000, 0x0000000080500000|100%| O|  |TAMS 0x0000000080400000| PB 0x0000000080400000| Untracked 
|   5|0x0000000080500000, 0x0000000080600000, 0x0000000080600000|100%| O|  |TAMS 0x0000000080500000| PB 0x0000000080500000| Untracked 
|   6|0x0000000080600000, 0x0000000080700000, 0x0000000080700000|100%| O|  |TAMS 0x0000000080600000| PB 0x0000000080600000| Untracked 
|   7|0x0000000080700000, 0x0000000080800000, 0x0000000080800000|100%|HS|  |TAMS 0x0000000080700000| PB 0x0000000080700000| Complete 
|   8|0x0000000080800000, 0x0000000080900000, 0x0000000080900000|100%| O|  |TAMS 0x0000000080800000| PB 0x0000000080800000| Untracked 
|   9|0x0000000080900000, 0x0000000080a00000, 0x0000000080a00000|100%| O|  |TAMS 0x0000000080900000| PB 0x0000000080900000| Untracked 
|  10|0x0000000080a00000, 0x0000000080b00000, 0x0000000080b00000|100%| O|  |TAMS 0x0000000080a00000| PB 0x0000000080a00000| Untracked 
|  11|0x0000000080b00000, 0x0000000080c00000, 0x0000000080c00000|100%| O|  |TAMS 0x0000000080b00000| PB 0x0000000080b00000| Untracked 
|  12|0x0000000080c00000, 0x0000000080d00000, 0x0000000080d00000|100%| O|  |TAMS 0x0000000080c00000| PB 0x0000000080c00000| Untracked 
|  13|0x0000000080d00000, 0x0000000080e00000, 0x0000000080e00000|100%| O|  |TAMS 0x0000000080d00000| PB 0x0000000080d00000| Untracked 
|  14|0x0000000080e00000, 0x0000000080f00000, 0x0000000080f00000|100%| O|  |TAMS 0x0000000080e00000| PB 0x0000000080e00000| Untracked 
|  15|0x0000000080f00000, 0x0000000081000000, 0x0000000081000000|100%| O|  |TAMS 0x0000000080f00000| PB 0x0000000080f00000| Untracked 
|  16|0x0000000081000000, 0x0000000081100000, 0x0000000081100000|100%| O|  |TAMS 0x0000000081000000| PB 0x0000000081000000| Untracked 
|  17|0x0000000081100000, 0x0000000081200000, 0x0000000081200000|100%| O|  |TAMS 0x0000000081100000| PB 0x0000000081100000| Untracked 
|  18|0x0000000081200000, 0x0000000081300000, 0x0000000081300000|100%| O|  |TAMS 0x0000000081200000| PB 0x0000000081200000| Untracked 
|  19|0x0000000081300000, 0x0000000081400000, 0x0000000081400000|100%| O|  |TAMS 0x0000000081300000| PB 0x0000000081300000| Untracked 
|  20|0x0000000081400000, 0x0000000081500000, 0x0000000081500000|100%| O|  |TAMS 0x0000000081400000| PB 0x0000000081400000| Untracked 
|  21|0x0000000081500000, 0x0000000081600000, 0x0000000081600000|100%| O|  |TAMS 0x0000000081500000| PB 0x0000000081500000| Untracked 
|  22|0x0000000081600000, 0x0000000081700000, 0x0000000081700000|100%| O|  |TAMS 0x0000000081600000| PB 0x0000000081600000| Untracked 
|  23|0x0000000081700000, 0x0000000081800000, 0x0000000081800000|100%| O|  |TAMS 0x0000000081700000| PB 0x0000000081700000| Untracked 
|  24|0x0000000081800000, 0x0000000081900000, 0x0000000081900000|100%| O|  |TAMS 0x0000000081800000| PB 0x0000000081800000| Untracked 
|  25|0x0000000081900000, 0x0000000081a00000, 0x0000000081a00000|100%| O|  |TAMS 0x0000000081900000| PB 0x0000000081900000| Untracked 
|  26|0x0000000081a00000, 0x0000000081b00000, 0x0000000081b00000|100%| O|  |TAMS 0x0000000081a00000| PB 0x0000000081a00000| Untracked 
|  27|0x0000000081b00000, 0x0000000081c00000, 0x0000000081c00000|100%| O|  |TAMS 0x0000000081b00000| PB 0x0000000081b00000| Untracked 
|  28|0x0000000081c00000, 0x0000000081d00000, 0x0000000081d00000|100%| O|  |TAMS 0x0000000081c00000| PB 0x0000000081c00000| Untracked 
|  29|0x0000000081d00000, 0x0000000081e00000, 0x0000000081e00000|100%| O|  |TAMS 0x0000000081d00000| PB 0x0000000081d00000| Untracked 
|  30|0x0000000081e00000, 0x0000000081f00000, 0x0000000081f00000|100%| O|  |TAMS 0x0000000081e00000| PB 0x0000000081e00000| Untracked 
|  31|0x0000000081f00000, 0x0000000082000000, 0x0000000082000000|100%| O|  |TAMS 0x0000000081f00000| PB 0x0000000081f00000| Untracked 
|  32|0x0000000082000000, 0x0000000082100000, 0x0000000082100000|100%| O|  |TAMS 0x0000000082000000| PB 0x0000000082000000| Untracked 
|  33|0x0000000082100000, 0x0000000082200000, 0x0000000082200000|100%| O|  |TAMS 0x0000000082100000| PB 0x0000000082100000| Untracked 
|  34|0x0000000082200000, 0x0000000082300000, 0x0000000082300000|100%| O|Cm|TAMS 0x0000000082200000| PB 0x0000000082200000| Complete 
|  35|0x0000000082300000, 0x0000000082400000, 0x0000000082400000|100%| O|  |TAMS 0x0000000082300000| PB 0x0000000082300000| Untracked 
|  36|0x0000000082400000, 0x0000000082500000, 0x0000000082500000|100%| O|  |TAMS 0x0000000082400000| PB 0x0000000082400000| Untracked 
|  37|0x0000000082500000, 0x0000000082600000, 0x0000000082600000|100%| O|  |TAMS 0x0000000082500000| PB 0x0000000082500000| Untracked 
|  38|0x0000000082600000, 0x0000000082700000, 0x0000000082700000|100%| O|  |TAMS 0x0000000082600000| PB 0x0000000082600000| Untracked 
|  39|0x0000000082700000, 0x0000000082800000, 0x0000000082800000|100%| O|  |TAMS 0x0000000082700000| PB 0x0000000082700000| Untracked 
|  40|0x0000000082800000, 0x0000000082900000, 0x0000000082900000|100%| O|  |TAMS 0x0000000082800000| PB 0x0000000082800000| Untracked 
|  41|0x0000000082900000, 0x0000000082a00000, 0x0000000082a00000|100%| O|Cm|TAMS 0x0000000082900000| PB 0x0000000082900000| Complete 
|  42|0x0000000082a00000, 0x0000000082b00000, 0x0000000082b00000|100%| O|  |TAMS 0x0000000082a00000| PB 0x0000000082a00000| Untracked 
|  43|0x0000000082b00000, 0x0000000082bc5e20, 0x0000000082c00000| 77%| O|  |TAMS 0x0000000082b00000| PB 0x0000000082b00000| Untracked 
|  44|0x0000000082c00000, 0x0000000082d00000, 0x0000000082d00000|100%|HS|  |TAMS 0x0000000082c00000| PB 0x0000000082c00000| Complete 
|  45|0x0000000082d00000, 0x0000000082e00000, 0x0000000082e00000|100%|HS|  |TAMS 0x0000000082d00000| PB 0x0000000082d00000| Complete 
|  46|0x0000000082e00000, 0x0000000082f00000, 0x0000000082f00000|100%|HS|  |TAMS 0x0000000082e00000| PB 0x0000000082e00000| Complete 
|  47|0x0000000082f00000, 0x0000000083000000, 0x0000000083000000|100%|HS|  |TAMS 0x0000000082f00000| PB 0x0000000082f00000| Complete 
|  48|0x0000000083000000, 0x0000000083100000, 0x0000000083100000|100%|HS|  |TAMS 0x0000000083000000| PB 0x0000000083000000| Complete 
|  49|0x0000000083100000, 0x0000000083187760, 0x0000000083200000| 52%| S|CS|TAMS 0x0000000083100000| PB 0x0000000083100000| Complete 
|  50|0x0000000083200000, 0x0000000083300000, 0x0000000083300000|100%| S|CS|TAMS 0x0000000083200000| PB 0x0000000083200000| Complete 
|  51|0x0000000083300000, 0x0000000083400000, 0x0000000083400000|100%| S|CS|TAMS 0x0000000083300000| PB 0x0000000083300000| Complete 
|  52|0x0000000083400000, 0x0000000083500000, 0x0000000083500000|100%|HS|  |TAMS 0x0000000083400000| PB 0x0000000083400000| Complete 
|  53|0x0000000083500000, 0x0000000083500000, 0x0000000083600000|  0%| F|  |TAMS 0x0000000083500000| PB 0x0000000083500000| Untracked 
|  54|0x0000000083600000, 0x0000000083600000, 0x0000000083700000|  0%| F|  |TAMS 0x0000000083600000| PB 0x0000000083600000| Untracked 
|  55|0x0000000083700000, 0x0000000083700000, 0x0000000083800000|  0%| F|  |TAMS 0x0000000083700000| PB 0x0000000083700000| Untracked 
|  56|0x0000000083800000, 0x0000000083900000, 0x0000000083900000|100%| S|CS|TAMS 0x0000000083800000| PB 0x0000000083800000| Complete 
|  57|0x0000000083900000, 0x0000000083900000, 0x0000000083a00000|  0%| F|  |TAMS 0x0000000083900000| PB 0x0000000083900000| Untracked 
|  58|0x0000000083a00000, 0x0000000083a00000, 0x0000000083b00000|  0%| F|  |TAMS 0x0000000083a00000| PB 0x0000000083a00000| Untracked 
|  59|0x0000000083b00000, 0x0000000083b00000, 0x0000000083c00000|  0%| F|  |TAMS 0x0000000083b00000| PB 0x0000000083b00000| Untracked 
|  60|0x0000000083c00000, 0x0000000083c00000, 0x0000000083d00000|  0%| F|  |TAMS 0x0000000083c00000| PB 0x0000000083c00000| Untracked 
|  61|0x0000000083d00000, 0x0000000083d00000, 0x0000000083e00000|  0%| F|  |TAMS 0x0000000083d00000| PB 0x0000000083d00000| Untracked 
|  62|0x0000000083e00000, 0x0000000083e00000, 0x0000000083f00000|  0%| F|  |TAMS 0x0000000083e00000| PB 0x0000000083e00000| Untracked 
|  63|0x0000000083f00000, 0x0000000083f00000, 0x0000000084000000|  0%| F|  |TAMS 0x0000000083f00000| PB 0x0000000083f00000| Untracked 
|  64|0x0000000084000000, 0x0000000084000000, 0x0000000084100000|  0%| F|  |TAMS 0x0000000084000000| PB 0x0000000084000000| Untracked 
|  65|0x0000000084100000, 0x0000000084100000, 0x0000000084200000|  0%| F|  |TAMS 0x0000000084100000| PB 0x0000000084100000| Untracked 
|  66|0x0000000084200000, 0x0000000084200000, 0x0000000084300000|  0%| F|  |TAMS 0x0000000084200000| PB 0x0000000084200000| Untracked 
|  67|0x0000000084300000, 0x0000000084300000, 0x0000000084400000|  0%| F|  |TAMS 0x0000000084300000| PB 0x0000000084300000| Untracked 
|  68|0x0000000084400000, 0x00000000844ff278, 0x0000000084500000| 99%| E|  |TAMS 0x0000000084400000| PB 0x0000000084400000| Complete 
|  69|0x0000000084500000, 0x0000000084600000, 0x0000000084600000|100%| E|CS|TAMS 0x0000000084500000| PB 0x0000000084500000| Complete 
|  70|0x0000000084600000, 0x0000000084700000, 0x0000000084700000|100%| E|CS|TAMS 0x0000000084600000| PB 0x0000000084600000| Complete 
|  71|0x0000000084700000, 0x0000000084800000, 0x0000000084800000|100%| E|CS|TAMS 0x0000000084700000| PB 0x0000000084700000| Complete 
|  72|0x0000000084800000, 0x0000000084900000, 0x0000000084900000|100%| E|CS|TAMS 0x0000000084800000| PB 0x0000000084800000| Complete 
|  73|0x0000000084900000, 0x0000000084a00000, 0x0000000084a00000|100%| E|CS|TAMS 0x0000000084900000| PB 0x0000000084900000| Complete 
|  74|0x0000000084a00000, 0x0000000084b00000, 0x0000000084b00000|100%| E|  |TAMS 0x0000000084a00000| PB 0x0000000084a00000| Complete 
|  75|0x0000000084b00000, 0x0000000084c00000, 0x0000000084c00000|100%| E|CS|TAMS 0x0000000084b00000| PB 0x0000000084b00000| Complete 
|  76|0x0000000084c00000, 0x0000000084d00000, 0x0000000084d00000|100%| E|CS|TAMS 0x0000000084c00000| PB 0x0000000084c00000| Complete 
|  77|0x0000000084d00000, 0x0000000084e00000, 0x0000000084e00000|100%| E|CS|TAMS 0x0000000084d00000| PB 0x0000000084d00000| Complete 
|  78|0x0000000084e00000, 0x0000000084f00000, 0x0000000084f00000|100%| E|CS|TAMS 0x0000000084e00000| PB 0x0000000084e00000| Complete 
|  79|0x0000000084f00000, 0x0000000085000000, 0x0000000085000000|100%| E|CS|TAMS 0x0000000084f00000| PB 0x0000000084f00000| Complete 
|  80|0x0000000085000000, 0x0000000085100000, 0x0000000085100000|100%| E|CS|TAMS 0x0000000085000000| PB 0x0000000085000000| Complete 
|  81|0x0000000085100000, 0x0000000085200000, 0x0000000085200000|100%| E|CS|TAMS 0x0000000085100000| PB 0x0000000085100000| Complete 
|  82|0x0000000085200000, 0x0000000085300000, 0x0000000085300000|100%| E|CS|TAMS 0x0000000085200000| PB 0x0000000085200000| Complete 
|  83|0x0000000085300000, 0x0000000085400000, 0x0000000085400000|100%| E|CS|TAMS 0x0000000085300000| PB 0x0000000085300000| Complete 
|  84|0x0000000085400000, 0x0000000085500000, 0x0000000085500000|100%| E|CS|TAMS 0x0000000085400000| PB 0x0000000085400000| Complete 
| 211|0x000000008d300000, 0x000000008d400000, 0x000000008d400000|100%| E|CS|TAMS 0x000000008d300000| PB 0x000000008d300000| Complete 
| 212|0x000000008d400000, 0x000000008d500000, 0x000000008d500000|100%| E|CS|TAMS 0x000000008d400000| PB 0x000000008d400000| Complete 
| 213|0x000000008d500000, 0x000000008d600000, 0x000000008d600000|100%| E|CS|TAMS 0x000000008d500000| PB 0x000000008d500000| Complete 
| 214|0x000000008d600000, 0x000000008d700000, 0x000000008d700000|100%| E|CS|TAMS 0x000000008d600000| PB 0x000000008d600000| Complete 
| 215|0x000000008d700000, 0x000000008d800000, 0x000000008d800000|100%| E|CS|TAMS 0x000000008d700000| PB 0x000000008d700000| Complete 
| 216|0x000000008d800000, 0x000000008d900000, 0x000000008d900000|100%| E|CS|TAMS 0x000000008d800000| PB 0x000000008d800000| Complete 
| 217|0x000000008d900000, 0x000000008da00000, 0x000000008da00000|100%| E|CS|TAMS 0x000000008d900000| PB 0x000000008d900000| Complete 
| 218|0x000000008da00000, 0x000000008db00000, 0x000000008db00000|100%| E|CS|TAMS 0x000000008da00000| PB 0x000000008da00000| Complete 
| 243|0x000000008f300000, 0x000000008f400000, 0x000000008f400000|100%| E|CS|TAMS 0x000000008f300000| PB 0x000000008f300000| Complete 

Card table byte_map: [0x00000226b0320000,0x00000226b0720000] _byte_map_base: 0x00000226aff20000

Marking Bits: (CMBitMap*) 0x000002269d8d6c40
 Bits: [0x00000226b0720000, 0x00000226b2720000)

Polling page: 0x000002269b680000

Metaspace:

Usage:
  Non-class:     57.05 MB used.
      Class:      9.03 MB used.
       Both:     66.08 MB used.

Virtual space:
  Non-class space:       64.00 MB reserved,      57.94 MB ( 91%) committed,  1 nodes.
      Class space:        1.00 GB reserved,       9.81 MB ( <1%) committed,  1 nodes.
             Both:        1.06 GB reserved,      67.75 MB (  6%) committed. 

Chunk freelists:
   Non-Class:  5.80 MB
       Class:  6.00 MB
        Both:  11.80 MB

MaxMetaspaceSize: unlimited
CompressedClassSpaceSize: 1.00 GB
Initial GC threshold: 21.00 MB
Current GC threshold: 111.25 MB
CDS: off
 - commit_granule_bytes: 65536.
 - commit_granule_words: 8192.
 - virtual_space_node_default_size: 8388608.
 - enlarge_chunks_in_place: 1.
 - use_allocation_guard: 0.


Internal statistics:

num_allocs_failed_limit: 9.
num_arena_births: 3154.
num_arena_deaths: 0.
num_vsnodes_births: 2.
num_vsnodes_deaths: 0.
num_space_committed: 1084.
num_space_uncommitted: 0.
num_chunks_returned_to_freelist: 9.
num_chunks_taken_from_freelist: 5928.
num_chunk_merges: 9.
num_chunk_splits: 3843.
num_chunks_enlarged: 2387.
num_inconsistent_stats: 0.

CodeHeap 'non-profiled nmethods': size=120000Kb used=3840Kb max_used=4023Kb free=116159Kb
 bounds [0x00000226a84a0000, 0x00000226a8890000, 0x00000226af9d0000]
CodeHeap 'profiled nmethods': size=120000Kb used=12162Kb max_used=12708Kb free=107837Kb
 bounds [0x00000226a09d0000, 0x00000226a1640000, 0x00000226a7f00000]
CodeHeap 'non-nmethods': size=5760Kb used=1993Kb max_used=2052Kb free=3766Kb
 bounds [0x00000226a7f00000, 0x00000226a8170000, 0x00000226a84a0000]
 total_blobs=7597 nmethods=6834 adapters=665
 compilation: enabled
              stopped_count=0, restarted_count=0
 full_count=0

Compilation events (20 events):
Event: 5.116 Thread 0x00000226b550b8b0 7749   !   3       java.lang.reflect.Proxy$ProxyBuilder::ensureVisible (65 bytes)
Event: 5.116 Thread 0x00000226b550b8b0 nmethod 7749 0x00000226a0bb2210 code [0x00000226a0bb24c0, 0x00000226a0bb2ec0]
Event: 5.116 Thread 0x00000226b550b8b0 7750   !   3       java.util.concurrent.ConcurrentHashMap::transfer (849 bytes)
Event: 5.118 Thread 0x00000226b550b8b0 nmethod 7750 0x00000226a1070410 code [0x00000226a1070880, 0x00000226a1072e68]
Event: 5.118 Thread 0x00000226b550b8b0 7751       3       com.google.common.collect.MapMakerInternalMap$StrongKeyWeakValueSegment::self (5 bytes)
Event: 5.118 Thread 0x00000226b550b8b0 nmethod 7751 0x00000226a0cfab10 code [0x00000226a0cfacc0, 0x00000226a0cfae28]
Event: 5.118 Thread 0x00000226b550b8b0 7752       3       com.google.common.collect.MapMakerInternalMap$StrongKeyWeakValueSegment::self (2 bytes)
Event: 5.118 Thread 0x00000226b550b8b0 nmethod 7752 0x00000226a0cf8590 code [0x00000226a0cf8720, 0x00000226a0cf8830]
Event: 5.118 Thread 0x00000226b550b8b0 7753       1       com.google.common.collect.MapMakerInternalMap$AbstractStrongKeyEntry::getKey (5 bytes)
Event: 5.118 Thread 0x00000226b550b8b0 nmethod 7753 0x00000226a84d7590 code [0x00000226a84d7720, 0x00000226a84d77e8]
Event: 5.126 Thread 0x00000226b550b8b0 7754       2       sun.instrument.InstrumentationImpl::transform (73 bytes)
Event: 5.126 Thread 0x00000226b550b8b0 nmethod 7754 0x00000226a106ff10 code [0x00000226a10700c0, 0x00000226a1070290]
Event: 5.127 Thread 0x00000226b550b8b0 7756   !   2       sun.instrument.TransformerManager::transform (100 bytes)
Event: 5.127 Thread 0x00000226b550b8b0 nmethod 7756 0x00000226a0b9b710 code [0x00000226a0b9b8c0, 0x00000226a0b9bbb8]
Event: 5.127 Thread 0x00000226b550b8b0 7757       3       java.lang.instrument.ClassFileTransformer::transform (15 bytes)
Event: 5.127 Thread 0x00000226b550b8b0 nmethod 7757 0x00000226a0e47190 code [0x00000226a0e47340, 0x00000226a0e474c8]
Event: 5.129 Thread 0x00000226b550b8b0 7758       3       org.gradle.internal.classloader.FilteringClassLoader$TrieSet::find (9 bytes)
Event: 5.129 Thread 0x00000226b550b8b0 nmethod 7758 0x00000226a0d64c90 code [0x00000226a0d64e40, 0x00000226a0d64fa0]
Event: 5.130 Thread 0x00000226b550b8b0 7759       1       java.util.zip.ZipFile$ZipFileInputStream::size (5 bytes)
Event: 5.130 Thread 0x00000226b550b8b0 nmethod 7759 0x00000226a8539590 code [0x00000226a8539720, 0x00000226a85397e8]

GC Heap History (20 events):
Event: 2.425 GC heap before
{Heap before GC invocations=7 (full 0):
 garbage-first heap   total 79872K, used 34821K [0x0000000080000000, 0x0000000100000000)
  region size 1024K, 17 young (17408K), 6 survivors (6144K)
 Metaspace       used 35261K, committed 36096K, reserved 1114112K
  class space    used 4721K, committed 5120K, reserved 1048576K
}
Event: 2.427 GC heap after
{Heap after GC invocations=8 (full 0):
 garbage-first heap   total 79872K, used 26337K [0x0000000080000000, 0x0000000100000000)
  region size 1024K, 4 young (4096K), 4 survivors (4096K)
 Metaspace       used 35261K, committed 36096K, reserved 1114112K
  class space    used 4721K, committed 5120K, reserved 1048576K
}
Event: 2.756 GC heap before
{Heap before GC invocations=9 (full 0):
 garbage-first heap   total 79872K, used 65249K [0x0000000080000000, 0x0000000100000000)
  region size 1024K, 42 young (43008K), 4 survivors (4096K)
 Metaspace       used 40613K, committed 41792K, reserved 1114112K
  class space    used 5569K, committed 6144K, reserved 1048576K
}
Event: 2.758 GC heap after
{Heap after GC invocations=10 (full 0):
 garbage-first heap   total 79872K, used 28368K [0x0000000080000000, 0x0000000100000000)
  region size 1024K, 6 young (6144K), 6 survivors (6144K)
 Metaspace       used 40613K, committed 41792K, reserved 1114112K
  class space    used 5569K, committed 6144K, reserved 1048576K
}
Event: 3.002 GC heap before
{Heap before GC invocations=10 (full 0):
 garbage-first heap   total 79872K, used 66256K [0x0000000080000000, 0x0000000100000000)
  region size 1024K, 44 young (45056K), 6 survivors (6144K)
 Metaspace       used 45684K, committed 46912K, reserved 1114112K
  class space    used 6077K, committed 6656K, reserved 1048576K
}
Event: 3.006 GC heap after
{Heap after GC invocations=11 (full 0):
 garbage-first heap   total 79872K, used 32216K [0x0000000080000000, 0x0000000100000000)
  region size 1024K, 6 young (6144K), 6 survivors (6144K)
 Metaspace       used 45684K, committed 46912K, reserved 1114112K
  class space    used 6077K, committed 6656K, reserved 1048576K
}
Event: 3.190 GC heap before
{Heap before GC invocations=11 (full 0):
 garbage-first heap   total 79872K, used 68056K [0x0000000080000000, 0x0000000100000000)
  region size 1024K, 41 young (41984K), 6 survivors (6144K)
 Metaspace       used 47613K, committed 48896K, reserved 1114112K
  class space    used 6375K, committed 6976K, reserved 1048576K
}
Event: 3.193 GC heap after
{Heap after GC invocations=12 (full 0):
 garbage-first heap   total 79872K, used 34301K [0x0000000080000000, 0x0000000100000000)
  region size 1024K, 2 young (2048K), 2 survivors (2048K)
 Metaspace       used 47613K, committed 48896K, reserved 1114112K
  class space    used 6375K, committed 6976K, reserved 1048576K
}
Event: 3.504 GC heap before
{Heap before GC invocations=12 (full 0):
 garbage-first heap   total 79872K, used 70141K [0x0000000080000000, 0x0000000100000000)
  region size 1024K, 37 young (37888K), 2 survivors (2048K)
 Metaspace       used 52203K, committed 53696K, reserved 1114112K
  class space    used 7134K, committed 7808K, reserved 1048576K
}
Event: 3.506 GC heap after
{Heap after GC invocations=13 (full 0):
 garbage-first heap   total 96256K, used 36088K [0x0000000080000000, 0x0000000100000000)
  region size 1024K, 4 young (4096K), 4 survivors (4096K)
 Metaspace       used 52203K, committed 53696K, reserved 1114112K
  class space    used 7134K, committed 7808K, reserved 1048576K
}
Event: 3.908 GC heap before
{Heap before GC invocations=13 (full 0):
 garbage-first heap   total 96256K, used 80120K [0x0000000080000000, 0x0000000100000000)
  region size 1024K, 47 young (48128K), 4 survivors (4096K)
 Metaspace       used 58904K, committed 60416K, reserved 1114112K
  class space    used 7958K, committed 8704K, reserved 1048576K
}
Event: 3.911 GC heap after
{Heap after GC invocations=14 (full 0):
 garbage-first heap   total 96256K, used 37819K [0x0000000080000000, 0x0000000100000000)
  region size 1024K, 6 young (6144K), 6 survivors (6144K)
 Metaspace       used 58904K, committed 60416K, reserved 1114112K
  class space    used 7958K, committed 8704K, reserved 1048576K
}
Event: 4.423 GC heap before
{Heap before GC invocations=15 (full 0):
 garbage-first heap   total 96256K, used 82875K [0x0000000080000000, 0x0000000100000000)
  region size 1024K, 50 young (51200K), 6 survivors (6144K)
 Metaspace       used 64806K, committed 66496K, reserved 1114112K
  class space    used 8910K, committed 9728K, reserved 1048576K
}
Event: 4.426 GC heap after
{Heap after GC invocations=16 (full 0):
 garbage-first heap   total 96256K, used 40824K [0x0000000080000000, 0x0000000100000000)
  region size 1024K, 5 young (5120K), 5 survivors (5120K)
 Metaspace       used 64806K, committed 66496K, reserved 1114112K
  class space    used 8910K, committed 9728K, reserved 1048576K
}
Event: 4.719 GC heap before
{Heap before GC invocations=16 (full 0):
 garbage-first heap   total 96256K, used 83832K [0x0000000080000000, 0x0000000100000000)
  region size 1024K, 48 young (49152K), 5 survivors (5120K)
 Metaspace       used 66213K, committed 67904K, reserved 1114112K
  class space    used 9070K, committed 9856K, reserved 1048576K
}
Event: 4.723 GC heap after
{Heap after GC invocations=17 (full 0):
 garbage-first heap   total 96256K, used 44643K [0x0000000080000000, 0x0000000100000000)
  region size 1024K, 6 young (6144K), 6 survivors (6144K)
 Metaspace       used 66213K, committed 67904K, reserved 1114112K
  class space    used 9070K, committed 9856K, reserved 1048576K
}
Event: 4.807 GC heap before
{Heap before GC invocations=17 (full 0):
 garbage-first heap   total 96256K, used 82531K [0x0000000080000000, 0x0000000100000000)
  region size 1024K, 44 young (45056K), 6 survivors (6144K)
 Metaspace       used 66514K, committed 68160K, reserved 1114112K
  class space    used 9072K, committed 9856K, reserved 1048576K
}
Event: 4.810 GC heap after
{Heap after GC invocations=18 (full 0):
 garbage-first heap   total 96256K, used 46998K [0x0000000080000000, 0x0000000100000000)
  region size 1024K, 4 young (4096K), 4 survivors (4096K)
 Metaspace       used 66514K, committed 68160K, reserved 1114112K
  class space    used 9072K, committed 9856K, reserved 1048576K
}
Event: 4.876 GC heap before
{Heap before GC invocations=18 (full 0):
 garbage-first heap   total 96256K, used 83862K [0x0000000080000000, 0x0000000100000000)
  region size 1024K, 41 young (41984K), 4 survivors (4096K)
 Metaspace       used 66638K, committed 68352K, reserved 1114112K
  class space    used 9072K, committed 9856K, reserved 1048576K
}
Event: 4.878 GC heap after
{Heap after GC invocations=19 (full 0):
 garbage-first heap   total 96256K, used 48437K [0x0000000080000000, 0x0000000100000000)
  region size 1024K, 4 young (4096K), 4 survivors (4096K)
 Metaspace       used 66638K, committed 68352K, reserved 1114112K
  class space    used 9072K, committed 9856K, reserved 1048576K
}

Dll operation events (3 events):
Event: 0.006 Loaded shared library D:\Android studio\jbr\bin\java.dll
Event: 0.011 Loaded shared library D:\Android studio\jbr\bin\zip.dll
Event: 0.373 Loaded shared library D:\Android studio\jbr\bin\verify.dll

Deoptimization events (20 events):
Event: 5.025 Thread 0x00000226b56743e0 Uncommon trap: trap_request=0xffffffde fr.pc=0x00000226a8625d34 relative=0x00000000000005d4
Event: 5.025 Thread 0x00000226b56743e0 Uncommon trap: reason=class_check action=maybe_recompile pc=0x00000226a8625d34 method=java.lang.Throwable.<init>(Ljava/lang/String;Ljava/lang/Throwable;)V @ 24 c2
Event: 5.025 Thread 0x00000226b56743e0 DEOPT PACKING pc=0x00000226a8625d34 sp=0x000000a3e50f6990
Event: 5.025 Thread 0x00000226b56743e0 DEOPT UNPACKING pc=0x00000226a7f546a2 sp=0x000000a3e50f6958 mode 2
Event: 5.025 Thread 0x00000226b56743e0 Uncommon trap: trap_request=0xffffffde fr.pc=0x00000226a8625d34 relative=0x00000000000005d4
Event: 5.025 Thread 0x00000226b56743e0 Uncommon trap: reason=class_check action=maybe_recompile pc=0x00000226a8625d34 method=java.lang.Throwable.<init>(Ljava/lang/String;Ljava/lang/Throwable;)V @ 24 c2
Event: 5.025 Thread 0x00000226b56743e0 DEOPT PACKING pc=0x00000226a8625d34 sp=0x000000a3e50f6c70
Event: 5.025 Thread 0x00000226b56743e0 DEOPT UNPACKING pc=0x00000226a7f546a2 sp=0x000000a3e50f6c38 mode 2
Event: 5.100 Thread 0x00000226b56743e0 Uncommon trap: trap_request=0xffffffc6 fr.pc=0x00000226a86be520 relative=0x00000000000008e0
Event: 5.100 Thread 0x00000226b56743e0 Uncommon trap: reason=bimorphic_or_optimized_type_check action=maybe_recompile pc=0x00000226a86be520 method=java.util.regex.Pattern$Start.match(Ljava/util/regex/Matcher;ILjava/lang/CharSequence;)Z @ 44 c2
Event: 5.100 Thread 0x00000226b56743e0 DEOPT PACKING pc=0x00000226a86be520 sp=0x000000a3e50f7c20
Event: 5.100 Thread 0x00000226b56743e0 DEOPT UNPACKING pc=0x00000226a7f546a2 sp=0x000000a3e50f7af8 mode 2
Event: 5.101 Thread 0x00000226b56743e0 Uncommon trap: trap_request=0xfffffff4 fr.pc=0x00000226a85ea804 relative=0x0000000000000344
Event: 5.101 Thread 0x00000226b56743e0 Uncommon trap: reason=null_check action=make_not_entrant pc=0x00000226a85ea804 method=sun.invoke.util.VerifyType.isNullConversion(Ljava/lang/Class;Ljava/lang/Class;Z)Z @ 67 c2
Event: 5.101 Thread 0x00000226b56743e0 DEOPT PACKING pc=0x00000226a85ea804 sp=0x000000a3e50f7f40
Event: 5.101 Thread 0x00000226b56743e0 DEOPT UNPACKING pc=0x00000226a7f546a2 sp=0x000000a3e50f7ec0 mode 2
Event: 5.117 Thread 0x00000226b56743e0 Uncommon trap: trap_request=0xffffff45 fr.pc=0x00000226a87cf2cc relative=0x0000000000000a4c
Event: 5.117 Thread 0x00000226b56743e0 Uncommon trap: reason=unstable_if action=reinterpret pc=0x00000226a87cf2cc method=java.util.regex.Pattern.escape(ZZZ)I @ 916 c2
Event: 5.117 Thread 0x00000226b56743e0 DEOPT PACKING pc=0x00000226a87cf2cc sp=0x000000a3e50f5cc0
Event: 5.117 Thread 0x00000226b56743e0 DEOPT UNPACKING pc=0x00000226a7f546a2 sp=0x000000a3e50f5c58 mode 2

Classes loaded (20 events):
Event: 4.321 Loading class sun/reflect/ReflectionFactory$1
Event: 4.321 Loading class sun/reflect/ReflectionFactory$1 done
Event: 4.523 Loading class java/util/Collections$ReverseComparator
Event: 4.523 Loading class java/util/Collections$ReverseComparator done
Event: 4.523 Loading class java/util/Collections$ReverseComparator2
Event: 4.523 Loading class java/util/Collections$ReverseComparator2 done
Event: 4.913 Loading class java/util/stream/SortedOps$RefSortingSink
Event: 4.913 Loading class java/util/stream/SortedOps$RefSortingSink done
Event: 4.919 Loading class java/time/Ser
Event: 4.920 Loading class java/time/Ser done
Event: 4.986 Loading class java/lang/ProcessBuilder
Event: 4.987 Loading class java/lang/ProcessBuilder done
Event: 5.099 Loading class java/lang/ThreadDeath
Event: 5.099 Loading class java/lang/ThreadDeath done
Event: 5.099 Loading class sun/misc/SharedSecrets
Event: 5.099 Loading class sun/misc/SharedSecrets done
Event: 5.101 Loading class sun/invoke/util/ValueConversions$1
Event: 5.101 Loading class sun/invoke/util/ValueConversions$1 done
Event: 5.102 Loading class java/lang/invoke/BoundMethodHandle$Species_LI
Event: 5.102 Loading class java/lang/invoke/BoundMethodHandle$Species_LI done

Classes unloaded (0 events):
No events

Classes redefined (0 events):
No events

Internal exceptions (20 events):
Event: 4.910 Thread 0x00000226b56743e0 Exception <a 'java/lang/NoSuchMethodError'{0x000000008d536b98}: 'void java.lang.invoke.DirectMethodHandle$Holder.invokeInterface(java.lang.Object, java.lang.Object, java.lang.Object, java.lang.Object)'> (0x000000008d536b98) 
thrown [s\src\hotspot\share\interpreter\linkResolver.cpp, line 784]
Event: 4.912 Thread 0x00000226b56743e0 Exception <a 'java/lang/NoSuchMethodError'{0x000000008d54ff88}: 'long java.lang.invoke.DirectMethodHandle$Holder.invokeVirtual(java.lang.Object, java.lang.Object)'> (0x000000008d54ff88) 
thrown [s\src\hotspot\share\interpreter\linkResolver.cpp, line 784]
Event: 4.915 Thread 0x00000226bbd5f6d0 Exception <a 'java/lang/NoSuchMethodError'{0x000000008d5885f0}: static Lorg/gradle/internal/build/event/types/DefaultOperationFinishedProgressEvent;.<clinit>()V> (0x000000008d5885f0) 
thrown [s\src\hotspot\share\prims\jni.cpp, line 1135]
Event: 4.917 Thread 0x00000226bbd5f6d0 Exception <a 'java/lang/NoSuchMethodError'{0x000000008d5b4ab8}: static Lorg/gradle/internal/build/event/types/DefaultProjectConfigurationSuccessResult;.<clinit>()V> (0x000000008d5b4ab8) 
thrown [s\src\hotspot\share\prims\jni.cpp, line 1135]
Event: 4.917 Thread 0x00000226bbd5f6d0 Exception <a 'java/lang/NoSuchMethodError'{0x000000008d5f5a80}: static Lorg/gradle/internal/build/event/types/AbstractProjectConfigurationResult;.<clinit>()V> (0x000000008d5f5a80) 
thrown [s\src\hotspot\share\prims\jni.cpp, line 1135]
Event: 4.917 Thread 0x00000226bbd5f6d0 Exception <a 'java/lang/NoSuchMethodError'{0x000000008d5f7280}: static Lorg/gradle/internal/build/event/types/AbstractOperationResult;.<clinit>()V> (0x000000008d5f7280) 
thrown [s\src\hotspot\share\prims\jni.cpp, line 1135]
Event: 4.917 Thread 0x00000226bbd5f6d0 Exception <a 'java/lang/NoSuchMethodError'{0x000000008d5f86d0}: static Lorg/gradle/internal/build/event/types/AbstractResult;.<clinit>()V> (0x000000008d5f86d0) 
thrown [s\src\hotspot\share\prims\jni.cpp, line 1135]
Event: 4.918 Thread 0x00000226bbd5f6d0 Exception <a 'java/lang/NoSuchMethodError'{0x000000008d412488}: static Lorg/gradle/internal/build/event/types/DefaultPluginApplicationResult;.<clinit>()V> (0x000000008d412488) 
thrown [s\src\hotspot\share\prims\jni.cpp, line 1135]
Event: 4.919 Thread 0x00000226bbd5f6d0 Exception <a 'java/lang/NoSuchMethodError'{0x000000008d41f260}: static Lorg/gradle/internal/build/event/types/DefaultBinaryPluginIdentifier;.<clinit>()V> (0x000000008d41f260) 
thrown [s\src\hotspot\share\prims\jni.cpp, line 1135]
Event: 4.920 Thread 0x00000226bbd5f6d0 Exception <a 'java/lang/NoSuchMethodError'{0x000000008d439620}: static Lorg/gradle/internal/build/event/types/DefaultScriptPluginIdentifier;.<clinit>()V> (0x000000008d439620) 
thrown [s\src\hotspot\share\prims\jni.cpp, line 1135]
Event: 4.949 Thread 0x00000226b56743e0 Implicit null exception at 0x00000226a880fedd to 0x00000226a88103c0
Event: 4.981 Thread 0x00000226b56743e0 Exception <a 'java/lang/NoSuchMethodError'{0x000000008512a418}: 'void java.lang.invoke.Invokers$Holder.invoke_MT(java.lang.Object, java.lang.Object, java.lang.Object, java.lang.Object)'> (0x000000008512a418) 
thrown [s\src\hotspot\share\interpreter\linkResolver.cpp, line 784]
Event: 4.986 Thread 0x00000226b56743e0 Exception <a 'java/lang/NoSuchMethodError'{0x00000000851963f0}: 'java.lang.Object java.lang.invoke.DirectMethodHandle$Holder.invokeStaticInit(java.lang.Object, java.lang.Object, java.lang.Object, java.lang.Object, java.lang.Object, java.lang.Object, java.lang.Object)'> (0x00000000851963f0) 
thrown [s\src\hotspot\share\interpreter\linkResolver.cpp, line 784]
Event: 4.988 Thread 0x00000226b56743e0 Exception <a 'java/lang/NoSuchMethodError'{0x00000000851bba70}: 'java.lang.Object java.lang.invoke.DirectMethodHandle$Holder.invokeSpecial(java.lang.Object, java.lang.Object, java.lang.Object, int, java.lang.Object, java.lang.Object)'> (0x00000000851bba70) 
thrown [s\src\hotspot\share\interpreter\linkResolver.cpp, line 784]
Event: 5.099 Thread 0x00000226b56743e0 Exception <a 'java/lang/ClassNotFoundException'{0x0000000084808f70}: sun/misc/SharedSecrets> (0x0000000084808f70) 
thrown [s\src\hotspot\share\classfile\systemDictionary.cpp, line 312]
Event: 5.099 Thread 0x00000226b56743e0 Exception <a 'java/lang/ClassNotFoundException'{0x000000008480a588}: org/gradle/api/internal/plugins/DefaultObjectConfigurationActionBeanInfo> (0x000000008480a588) 
thrown [s\src\hotspot\share\classfile\systemDictionary.cpp, line 312]
Event: 5.100 Thread 0x00000226b56743e0 Exception <a 'java/lang/ClassNotFoundException'{0x000000008481e448}: org/gradle/api/internal/plugins/DefaultObjectConfigurationActionCustomizer> (0x000000008481e448) 
thrown [s\src\hotspot\share\classfile\systemDictionary.cpp, line 312]
Event: 5.101 Thread 0x00000226b56743e0 Implicit null exception at 0x00000226a85ea572 to 0x00000226a85ea7f0
Event: 5.101 Thread 0x00000226b56743e0 Exception <a 'java/lang/NoSuchMethodError'{0x000000008482b990}: 'int java.lang.invoke.DirectMethodHandle$Holder.invokeSpecial(java.lang.Object, java.lang.Object, java.lang.Object, int)'> (0x000000008482b990) 
thrown [s\src\hotspot\share\interpreter\linkResolver.cpp, line 784]
Event: 5.102 Thread 0x00000226b56743e0 Exception <a 'java/lang/NoSuchMethodError'{0x000000008483c880}: 'java.lang.Object java.lang.invoke.DirectMethodHandle$Holder.invokeStatic(java.lang.Object, java.lang.Object, java.lang.Object, java.lang.Object, int)'> (0x000000008483c880) 
thrown [s\src\hotspot\share\interpreter\linkResolver.cpp, line 784]

ZGC Phase Switch (0 events):
No events

VM Operations (20 events):
Event: 4.533 Executing VM operation: HandshakeAllThreads (Deoptimize)
Event: 4.534 Executing VM operation: HandshakeAllThreads (Deoptimize) done
Event: 4.580 Executing VM operation: HandshakeAllThreads (Deoptimize)
Event: 4.580 Executing VM operation: HandshakeAllThreads (Deoptimize) done
Event: 4.598 Executing VM operation: ICBufferFull
Event: 4.599 Executing VM operation: ICBufferFull done
Event: 4.687 Executing VM operation: ICBufferFull
Event: 4.687 Executing VM operation: ICBufferFull done
Event: 4.719 Executing VM operation: G1CollectForAllocation (G1 Evacuation Pause)
Event: 4.723 Executing VM operation: G1CollectForAllocation (G1 Evacuation Pause) done
Event: 4.806 Executing VM operation: G1CollectForAllocation (G1 Evacuation Pause)
Event: 4.810 Executing VM operation: G1CollectForAllocation (G1 Evacuation Pause) done
Event: 4.876 Executing VM operation: G1CollectForAllocation (G1 Evacuation Pause)
Event: 4.878 Executing VM operation: G1CollectForAllocation (G1 Evacuation Pause) done
Event: 4.900 Executing VM operation: G1PauseRemark
Event: 4.902 Executing VM operation: G1PauseRemark done
Event: 4.911 Executing VM operation: G1PauseCleanup
Event: 4.911 Executing VM operation: G1PauseCleanup done
Event: 5.024 Executing VM operation: HandshakeAllThreads (Deoptimize)
Event: 5.024 Executing VM operation: HandshakeAllThreads (Deoptimize) done

Memory protections (0 events):
No events

Nmethod flushes (20 events):
Event: 4.902 Thread 0x00000226b53cd910 flushing  nmethod 0x00000226a0cab310
Event: 4.902 Thread 0x00000226b53cd910 flushing  nmethod 0x00000226a0cade10
Event: 4.902 Thread 0x00000226b53cd910 flushing  nmethod 0x00000226a0cf8590
Event: 4.902 Thread 0x00000226b53cd910 flushing  nmethod 0x00000226a0cfab10
Event: 4.902 Thread 0x00000226b53cd910 flushing  nmethod 0x00000226a0d4ff10
Event: 4.902 Thread 0x00000226b53cd910 flushing  nmethod 0x00000226a0d50d10
Event: 4.902 Thread 0x00000226b53cd910 flushing  nmethod 0x00000226a0e63810
Event: 4.902 Thread 0x00000226b53cd910 flushing  nmethod 0x00000226a0f88410
Event: 4.902 Thread 0x00000226b53cd910 flushing  nmethod 0x00000226a0f89490
Event: 4.902 Thread 0x00000226b53cd910 flushing  nmethod 0x00000226a0f8a490
Event: 4.902 Thread 0x00000226b53cd910 flushing  nmethod 0x00000226a0f8ad10
Event: 4.902 Thread 0x00000226b53cd910 flushing  nmethod 0x00000226a0f8ed90
Event: 4.902 Thread 0x00000226b53cd910 flushing  nmethod 0x00000226a0f8f910
Event: 4.902 Thread 0x00000226b53cd910 flushing  nmethod 0x00000226a0ff4610
Event: 4.902 Thread 0x00000226b53cd910 flushing  nmethod 0x00000226a109d190
Event: 4.902 Thread 0x00000226b53cd910 flushing  nmethod 0x00000226a109d610
Event: 4.902 Thread 0x00000226b53cd910 flushing  nmethod 0x00000226a10a1a90
Event: 4.902 Thread 0x00000226b53cd910 flushing  nmethod 0x00000226a10a2590
Event: 4.902 Thread 0x00000226b53cd910 flushing  nmethod 0x00000226a10f4210
Event: 4.902 Thread 0x00000226b53cd910 flushing  nmethod 0x00000226a10f4590

Events (20 events):
Event: 4.613 Thread 0x00000226b56743e0 Thread added: 0x00000226bf363ac0
Event: 4.613 Thread 0x00000226b56743e0 Thread added: 0x00000226bf360640
Event: 4.615 Thread 0x00000226b56743e0 Thread added: 0x00000226bf364150
Event: 4.616 Thread 0x00000226b56743e0 Thread added: 0x00000226bf365500
Event: 4.618 Thread 0x00000226b56743e0 Thread added: 0x00000226bf3647e0
Event: 4.620 Thread 0x00000226b56743e0 Thread added: 0x00000226bf364e70
Event: 4.622 Thread 0x00000226b56743e0 Thread added: 0x00000226bf365b90
Event: 4.623 Thread 0x00000226b56743e0 Thread added: 0x00000226bf456030
Event: 4.625 Thread 0x00000226b56743e0 Thread added: 0x00000226bf453f60
Event: 4.717 Thread 0x00000226b56743e0 Thread added: 0x00000226bf452bb0
Event: 4.717 Thread 0x00000226b56743e0 Thread added: 0x00000226bf453240
Event: 4.718 Thread 0x00000226b56743e0 Thread added: 0x00000226bf455310
Event: 4.718 Thread 0x00000226b56743e0 Thread added: 0x00000226bf4545f0
Event: 4.718 Thread 0x00000226b56743e0 Thread added: 0x00000226bf4538d0
Event: 4.719 Thread 0x00000226b56743e0 Thread added: 0x00000226bf454c80
Event: 4.724 Thread 0x00000226b56743e0 Thread added: 0x00000226bf4559a0
Event: 4.725 Thread 0x00000226b56743e0 Thread added: 0x00000226bfe4c0a0
Event: 4.725 Thread 0x00000226b56743e0 Thread added: 0x00000226bfe4d450
Event: 4.725 Thread 0x00000226b56743e0 Thread added: 0x00000226bfe4f520
Event: 4.725 Thread 0x00000226b56743e0 Thread added: 0x00000226bfe4cdc0


Dynamic libraries:
0x00007ff78f740000 - 0x00007ff78f74a000 	D:\Android studio\jbr\bin\java.exe
0x00007ffcea7a0000 - 0x00007ffceaa06000 	C:\WINDOWS\SYSTEM32\ntdll.dll
0x00007ffce9140000 - 0x00007ffce9209000 	C:\WINDOWS\System32\KERNEL32.DLL
0x00007ffce7bf0000 - 0x00007ffce7fbc000 	C:\WINDOWS\System32\KERNELBASE.dll
0x00007ffce8410000 - 0x00007ffce855b000 	C:\WINDOWS\System32\ucrtbase.dll
0x00007ffcdb600000 - 0x00007ffcdb61b000 	D:\Android studio\jbr\bin\VCRUNTIME140.dll
0x00007ffcd7620000 - 0x00007ffcd7638000 	D:\Android studio\jbr\bin\jli.dll
0x00007ffce9810000 - 0x00007ffce99da000 	C:\WINDOWS\System32\USER32.dll
0x00007ffcdb9e0000 - 0x00007ffcdbc7a000 	C:\WINDOWS\WinSxS\amd64_microsoft.windows.common-controls_6595b64144ccf1df_6.0.26100.3912_none_3e07963ce335137e\COMCTL32.dll
0x00007ffce8050000 - 0x00007ffce8077000 	C:\WINDOWS\System32\win32u.dll
0x00007ffcea220000 - 0x00007ffcea2c9000 	C:\WINDOWS\System32\msvcrt.dll
0x00007ffce8f20000 - 0x00007ffce8f4b000 	C:\WINDOWS\System32\GDI32.dll
0x00007ffce7930000 - 0x00007ffce7a62000 	C:\WINDOWS\System32\gdi32full.dll
0x00007ffce8120000 - 0x00007ffce81c3000 	C:\WINDOWS\System32\msvcp_win.dll
0x00007ffce9070000 - 0x00007ffce90a0000 	C:\WINDOWS\System32\IMM32.DLL
0x00007ffce4880000 - 0x00007ffce488c000 	D:\Android studio\jbr\bin\vcruntime140_1.dll
0x00007ffc66770000 - 0x00007ffc667fd000 	D:\Android studio\jbr\bin\msvcp140.dll
0x00007ffc31360000 - 0x00007ffc31feb000 	D:\Android studio\jbr\bin\server\jvm.dll
0x00007ffce8de0000 - 0x00007ffce8e92000 	C:\WINDOWS\System32\ADVAPI32.dll
0x00007ffce9760000 - 0x00007ffce9806000 	C:\WINDOWS\System32\sechost.dll
0x00007ffce8f50000 - 0x00007ffce9066000 	C:\WINDOWS\System32\RPCRT4.dll
0x00007ffcea6e0000 - 0x00007ffcea754000 	C:\WINDOWS\System32\WS2_32.dll
0x00007ffce7780000 - 0x00007ffce77de000 	C:\WINDOWS\SYSTEM32\POWRPROF.dll
0x00007ffcd9b60000 - 0x00007ffcd9b96000 	C:\WINDOWS\SYSTEM32\WINMM.dll
0x00007ffcdf100000 - 0x00007ffcdf10b000 	C:\WINDOWS\SYSTEM32\VERSION.dll
0x00007ffce7750000 - 0x00007ffce7764000 	C:\WINDOWS\SYSTEM32\UMPDC.dll
0x00007ffce66b0000 - 0x00007ffce66ca000 	C:\WINDOWS\SYSTEM32\kernel.appcore.dll
0x00007ffcdb5f0000 - 0x00007ffcdb5fa000 	D:\Android studio\jbr\bin\jimage.dll
0x00007ffcde3b0000 - 0x00007ffcde5f1000 	C:\WINDOWS\SYSTEM32\DBGHELP.DLL
0x00007ffcea340000 - 0x00007ffcea6c4000 	C:\WINDOWS\System32\combase.dll
0x00007ffce8b30000 - 0x00007ffce8c10000 	C:\WINDOWS\System32\OLEAUT32.dll
0x00007ffcc0ca0000 - 0x00007ffcc0cd9000 	C:\WINDOWS\SYSTEM32\dbgcore.DLL
0x00007ffce8080000 - 0x00007ffce8119000 	C:\WINDOWS\System32\bcryptPrimitives.dll
0x00007ffcdcce0000 - 0x00007ffcdccee000 	D:\Android studio\jbr\bin\instrument.dll
0x00007ffcd8e50000 - 0x00007ffcd8e70000 	D:\Android studio\jbr\bin\java.dll
0x00007ffcd8e30000 - 0x00007ffcd8e48000 	D:\Android studio\jbr\bin\zip.dll
0x00007ffce99e0000 - 0x00007ffcea10d000 	C:\WINDOWS\System32\SHELL32.dll
0x00007ffce7a70000 - 0x00007ffce7be4000 	C:\WINDOWS\System32\wintypes.dll
0x00007ffce5560000 - 0x00007ffce5db6000 	C:\WINDOWS\SYSTEM32\windows.storage.dll
0x00007ffcea110000 - 0x00007ffcea1ff000 	C:\WINDOWS\System32\SHCORE.dll
0x00007ffce9510000 - 0x00007ffce9579000 	C:\WINDOWS\System32\shlwapi.dll
0x00007ffce7840000 - 0x00007ffce786f000 	C:\WINDOWS\SYSTEM32\profapi.dll
0x00007ffcd6a80000 - 0x00007ffcd6a90000 	D:\Android studio\jbr\bin\net.dll
0x00007ffce1110000 - 0x00007ffce122e000 	C:\WINDOWS\SYSTEM32\WINHTTP.dll
0x00007ffce6c00000 - 0x00007ffce6c6a000 	C:\WINDOWS\system32\mswsock.dll
0x00007ffcd67a0000 - 0x00007ffcd67b6000 	D:\Android studio\jbr\bin\nio.dll
0x00007ffcd5070000 - 0x00007ffcd5080000 	D:\Android studio\jbr\bin\verify.dll
0x00007ffc87090000 - 0x00007ffc870b7000 	C:\Users\cccc6\.gradle\native\c067742578af261105cb4f569cf0c3c89f3d7b1fecec35dd04571415982c5e48\windows-amd64\native-platform.dll
0x00007ffc665d0000 - 0x00007ffc66714000 	C:\Users\cccc6\.gradle\native\100fb08df4bc3b14c8652ba06237920a3bd2aa13389f12d3474272988ae205f9\windows-amd64\native-platform-file-events.dll
0x00007ffcd6730000 - 0x00007ffcd6739000 	D:\Android studio\jbr\bin\management.dll
0x00007ffcd6720000 - 0x00007ffcd672b000 	D:\Android studio\jbr\bin\management_ext.dll
0x00007ffcea6d0000 - 0x00007ffcea6d8000 	C:\WINDOWS\System32\PSAPI.DLL
0x00007ffce6fc0000 - 0x00007ffce6fdc000 	C:\WINDOWS\SYSTEM32\CRYPTSP.dll
0x00007ffce6610000 - 0x00007ffce664a000 	C:\WINDOWS\system32\rsaenh.dll
0x00007ffce6ca0000 - 0x00007ffce6ccb000 	C:\WINDOWS\SYSTEM32\USERENV.dll
0x00007ffce7810000 - 0x00007ffce7836000 	C:\WINDOWS\SYSTEM32\bcrypt.dll
0x00007ffce6e30000 - 0x00007ffce6e3c000 	C:\WINDOWS\SYSTEM32\CRYPTBASE.dll
0x00007ffce60d0000 - 0x00007ffce6103000 	C:\WINDOWS\SYSTEM32\IPHLPAPI.DLL
0x00007ffcea210000 - 0x00007ffcea21a000 	C:\WINDOWS\System32\NSI.dll
0x00007ffcd6740000 - 0x00007ffcd6749000 	D:\Android studio\jbr\bin\extnet.dll
0x00007ffccfba0000 - 0x00007ffccfba8000 	C:\WINDOWS\system32\wshunix.dll

dbghelp: loaded successfully - version: 4.0.5 - missing functions: none
symbol engine: initialized successfully - sym options: 0x614 - pdb path: .;D:\Android studio\jbr\bin;C:\WINDOWS\SYSTEM32;C:\WINDOWS\WinSxS\amd64_microsoft.windows.common-controls_6595b64144ccf1df_6.0.26100.3912_none_3e07963ce335137e;D:\Android studio\jbr\bin\server;C:\Users\cccc6\.gradle\native\c067742578af261105cb4f569cf0c3c89f3d7b1fecec35dd04571415982c5e48\windows-amd64;C:\Users\cccc6\.gradle\native\100fb08df4bc3b14c8652ba06237920a3bd2aa13389f12d3474272988ae205f9\windows-amd64

VM Arguments:
jvm_args: --add-opens=java.base/java.lang=ALL-UNNAMED --add-opens=java.base/java.lang.invoke=ALL-UNNAMED --add-opens=java.base/java.util=ALL-UNNAMED --add-opens=java.prefs/java.util.prefs=ALL-UNNAMED --add-exports=jdk.compiler/com.sun.tools.javac.api=ALL-UNNAMED --add-exports=jdk.compiler/com.sun.tools.javac.util=ALL-UNNAMED --add-opens=java.base/java.util=ALL-UNNAMED --add-opens=java.prefs/java.util.prefs=ALL-UNNAMED --add-opens=java.base/java.nio.charset=ALL-UNNAMED --add-opens=java.base/java.net=ALL-UNNAMED --add-opens=java.base/java.util.concurrent.atomic=ALL-UNNAMED --add-opens=java.xml/javax.xml.namespace=ALL-UNNAMED -Xmx2048m -Dfile.encoding=UTF-8 -Duser.country=RU -Duser.language=ru -Duser.variant -javaagent:C:\Users\cccc6\.gradle\wrapper\dists\gradle-8.11.1-bin\bpt9gzteqjrbo1mjrsomdt32c\gradle-8.11.1\lib\agents\gradle-instrumentation-agent-8.11.1.jar 
java_command: org.gradle.launcher.daemon.bootstrap.GradleDaemon 8.11.1
java_class_path (initial): C:\Users\cccc6\.gradle\wrapper\dists\gradle-8.11.1-bin\bpt9gzteqjrbo1mjrsomdt32c\gradle-8.11.1\lib\gradle-daemon-main-8.11.1.jar
Launcher Type: SUN_STANDARD

[Global flags]
     intx CICompilerCount                          = 4                                         {product} {ergonomic}
     uint ConcGCThreads                            = 3                                         {product} {ergonomic}
     uint G1ConcRefinementThreads                  = 10                                        {product} {ergonomic}
   size_t G1HeapRegionSize                         = 1048576                                   {product} {ergonomic}
    uintx GCDrainStackTargetSize                   = 64                                        {product} {ergonomic}
   size_t InitialHeapSize                          = 255852544                                 {product} {ergonomic}
   size_t MarkStackSize                            = 4194304                                   {product} {ergonomic}
   size_t MaxHeapSize                              = 2147483648                                {product} {command line}
   size_t MaxNewSize                               = 1287651328                                {product} {ergonomic}
   size_t MinHeapDeltaBytes                        = 1048576                                   {product} {ergonomic}
   size_t MinHeapSize                              = 8388608                                   {product} {ergonomic}
    uintx NonNMethodCodeHeapSize                   = 5839372                                {pd product} {ergonomic}
    uintx NonProfiledCodeHeapSize                  = 122909434                              {pd product} {ergonomic}
    uintx ProfiledCodeHeapSize                     = 122909434                              {pd product} {ergonomic}
    uintx ReservedCodeCacheSize                    = 251658240                              {pd product} {ergonomic}
     bool SegmentedCodeCache                       = true                                      {product} {ergonomic}
   size_t SoftMaxHeapSize                          = 2147483648                             {manageable} {ergonomic}
     bool UseCompressedOops                        = true                           {product lp64_product} {ergonomic}
     bool UseG1GC                                  = true                                      {product} {ergonomic}
     bool UseLargePagesIndividualAllocation        = false                                  {pd product} {ergonomic}

Logging:
Log output configuration:
 #0: stdout all=warning uptime,level,tags foldmultilines=false
 #1: stderr all=off uptime,level,tags foldmultilines=false

Environment Variables:
JAVA_HOME=C:\Program Files\Eclipse Adoptium\jdk-17.0.14.7-hotspot\
PATH=C:\Program Files\Eclipse Adoptium\jdk-17.0.14.7-hotspot\bin;C:\Program Files\Common Files\Oracle\Java\javapath;C:\Program Files (x86)\Common Files\Oracle\Java\javapath;C:\WINDOWS\system32;C:\WINDOWS;C:\WINDOWS\System32\Wbem;C:\WINDOWS\System32\WindowsPowerShell\v1.0\;C:\WINDOWS\System32\OpenSSH\;C:\Program Files (x86)\NVIDIA Corporation\PhysX\Common;C:\Program Files\dotnet\;C:\Program Files\NVIDIA Corporation\NVIDIA app\NvDLISR;D:\programs\Git\cmd;C:\Users\cccc6\AppData\Local\Programs\Python\Python313\Scripts\;C:\Users\cccc6\AppData\Local\Programs\Python\Python313\;D:\OSPanel\bin;C:\Users\cccc6\AppData\Local\Microsoft\WindowsApps;D:\programs\Microsoft VS Code\bin;D:\programs\heroku\bin;D:\programs\PyCharm 2024.3.5\bin;
USERNAME=nastysha
OS=Windows_NT
PROCESSOR_IDENTIFIER=AMD64 Family 25 Model 68 Stepping 1, AuthenticAMD
TMP=C:\Users\cccc6\AppData\Local\Temp
TEMP=C:\Users\cccc6\AppData\Local\Temp




Periodic native trim disabled

JNI global refs:
JNI global refs: 27, weak refs: 1

JNI global refs memory usage: 835, weak refs: 833

Process memory usage:
Resident Set Size: 342708K (2% of 15930392K total physical memory with 1591200K free physical memory)

OOME stack traces (most recent first):
Classloader memory used:
Loader org.gradle.internal.classloader.VisitableURLClassLoader                         : 33915K
Loader bootstrap                                                                       : 22883K
Loader org.gradle.initialization.MixInLegacyTypesClassLoader                           : 9495K
Loader jdk.internal.loader.ClassLoaders$PlatformClassLoader                            : 526K
Loader org.gradle.internal.classloader.VisitableURLClassLoader$InstrumentingVisitableURLClassLoader: 388K
Loader jdk.internal.loader.ClassLoaders$AppClassLoader                                 : 234K
Loader jdk.internal.reflect.DelegatingClassLoader                                      : 130K
Loader org.gradle.internal.classloader.VisitableURLClassLoader                         : 118K

Classes loaded by more than one classloader:
Class Program                                                                         : loaded 4 times (x 70B)
Class [Lcom.google.common.base.AbstractIterator$State;                                : loaded 2 times (x 65B)
Class com.google.common.base.CharMatcher$IsEither                                     : loaded 2 times (x 107B)
Class org.gradle.internal.classloader.ClassLoaderHierarchy                            : loaded 2 times (x 66B)
Class com.google.common.collect.ImmutableList$1                                       : loaded 2 times (x 93B)
Class org.gradle.api.internal.classpath.ManifestUtil                                  : loaded 2 times (x 67B)
Class com.google.common.collect.UnmodifiableListIterator                              : loaded 2 times (x 91B)
Class org.gradle.internal.classloader.DefaultClassLoaderFactory                       : loaded 2 times (x 78B)
Class com.google.common.base.CharMatcher$None                                         : loaded 2 times (x 108B)
Class org.gradle.internal.classloader.ClassLoaderVisitor                              : loaded 2 times (x 72B)
Class org.gradle.api.internal.classpath.EffectiveClassPath                            : loaded 2 times (x 86B)
Class com.google.common.base.Splitter                                                 : loaded 2 times (x 68B)
Class org.gradle.api.internal.DefaultClassPathProvider                                : loaded 2 times (x 72B)
Class [Lorg.gradle.api.internal.ClassPathProvider;                                    : loaded 2 times (x 65B)
Class org.gradle.api.internal.ClassPathProvider                                       : loaded 2 times (x 66B)
Class com.google.common.base.AbstractIterator$State                                   : loaded 2 times (x 75B)
Class org.gradle.internal.service.UnknownServiceException                             : loaded 2 times (x 79B)
Class com.google.common.base.Splitter$1                                               : loaded 2 times (x 73B)
Class org.gradle.internal.classpath.TransformedClassPath                              : loaded 2 times (x 92B)
Class org.gradle.internal.classloader.InstrumentingClassLoader                        : loaded 2 times (x 66B)
Class com.google.common.collect.UnmodifiableIterator                                  : loaded 2 times (x 76B)
Class org.gradle.internal.service.ServiceLocator                                      : loaded 2 times (x 66B)
Class com.google.common.collect.RegularImmutableAsList                                : loaded 2 times (x 212B)
Class com.google.common.base.CharMatcher$RangesMatcher                                : loaded 2 times (x 108B)
Class com.google.common.collect.Lists$StringAsImmutableList                           : loaded 2 times (x 203B)
Class org.gradle.kotlin.dsl.VersionCatalogAccessorsKt                                 : loaded 2 times (x 67B)
Class com.google.common.base.CharMatcher$JavaLetterOrDigit                            : loaded 2 times (x 107B)
Class org.gradle.internal.InternalTransformer                                         : loaded 2 times (x 66B)
Class com.google.common.base.CharMatcher$And                                          : loaded 2 times (x 108B)
Class org.gradle.internal.classloader.ClasspathUtil$1                                 : loaded 2 times (x 72B)
Class org.gradle.api.internal.classpath.DefaultModuleRegistry$DefaultModule           : loaded 2 times (x 82B)
Class com.google.common.collect.ObjectArrays                                          : loaded 2 times (x 67B)
Class com.google.common.collect.AbstractIndexedListIterator                           : loaded 2 times (x 92B)
Class org.gradle.api.internal.classpath.Module                                        : loaded 2 times (x 66B)
Class org.gradle.api.internal.classpath.UnknownModuleException                        : loaded 2 times (x 78B)
Class com.google.common.base.NullnessCasts                                            : loaded 2 times (x 67B)
Class org.gradle.api.internal.DefaultClassPathRegistry                                : loaded 2 times (x 72B)
Class org.gradle.api.internal.ClassPathRegistry                                       : loaded 2 times (x 66B)
Class org.gradle.internal.classpath.DefaultClassPath$ImmutableUniqueList              : loaded 2 times (x 195B)
Class com.google.common.collect.SingletonImmutableList                                : loaded 2 times (x 203B)
Class org.gradle.internal.classloader.FilteringClassLoader                            : loaded 2 times (x 101B)
Class Settings_gradle$1                                                               : loaded 2 times (x 70B)
Class org.gradle.internal.classpath.ClassPath                                         : loaded 2 times (x 66B)
Class org.gradle.api.UncheckedIOException                                             : loaded 2 times (x 78B)
Class com.google.common.collect.ImmutableList$ReverseImmutableList                    : loaded 2 times (x 204B)
Class com.google.common.base.JdkPattern                                               : loaded 2 times (x 71B)
Class org.gradle.internal.installation.GradleInstallation$1                           : loaded 2 times (x 71B)
Class org.gradle.api.internal.classpath.ModuleRegistry                                : loaded 2 times (x 66B)
Class com.google.common.base.Splitter$SplittingIterator                               : loaded 2 times (x 80B)
Class com.google.common.base.CharMatcher$ForPredicate                                 : loaded 2 times (x 108B)
Class com.google.common.collect.ImmutableCollection                                   : loaded 2 times (x 121B)
Class com.google.common.base.CharMatcher$AnyOf                                        : loaded 2 times (x 108B)
Class org.gradle.api.internal.classpath.DefaultModuleRegistry                         : loaded 2 times (x 82B)
Class com.google.common.collect.Lists                                                 : loaded 2 times (x 67B)
Class com.google.common.base.CharMatcher$Any                                          : loaded 2 times (x 108B)
Class com.google.common.collect.ImmutableAsList                                       : loaded 2 times (x 205B)
Class org.gradle.internal.service.ServiceLookupException                              : loaded 2 times (x 78B)
Class com.google.common.base.CharMatcher$JavaLetter                                   : loaded 2 times (x 107B)
Class org.gradle.internal.classloader.ClassLoaderFactory                              : loaded 2 times (x 66B)
Class com.google.common.base.CharMatcher$IsNot                                        : loaded 2 times (x 107B)
Class com.google.common.base.CommonPattern                                            : loaded 2 times (x 70B)
Class org.gradle.internal.service.CachingServiceLocator                               : loaded 2 times (x 78B)
Class com.google.common.base.CharMatcher$JavaDigit                                    : loaded 2 times (x 107B)
Class com.google.common.collect.RegularImmutableList                                  : loaded 2 times (x 208B)
Class org.gradle.internal.classloader.ClasspathUtil                                   : loaded 2 times (x 67B)
Class com.google.common.base.CharMatcher$JavaUpperCase                                : loaded 2 times (x 107B)
Class org.gradle.api.specs.Spec                                                       : loaded 2 times (x 66B)
Class Build_gradle$1                                                                  : loaded 2 times (x 74B)
Class com.google.common.base.CharMatcher$Invisible                                    : loaded 2 times (x 108B)
Class org.gradle.internal.classloader.VisitableURLClassLoader$InstrumentingVisitableURLClassLoader: loaded 2 times (x 119B)
Class org.gradle.internal.classloader.VisitableURLClassLoader$Spec                    : loaded 2 times (x 70B)
Class org.gradle.internal.classpath.DefaultClassPath                                  : loaded 2 times (x 86B)
Class com.google.common.base.AbstractIterator                                         : loaded 2 times (x 76B)
Class com.google.common.base.CharMatcher$BitSetMatcher                                : loaded 2 times (x 108B)
Class com.google.common.base.CharMatcher$Ascii                                        : loaded 2 times (x 108B)
Class org.gradle.internal.classloader.ClassLoaderSpec                                 : loaded 2 times (x 67B)
Class com.google.common.base.CharMatcher$Or                                           : loaded 2 times (x 108B)
Class Settings_gradle$1$1                                                             : loaded 2 times (x 70B)
Class org.gradle.internal.classloader.VisitableURLClassLoader                         : loaded 2 times (x 113B)
Class Settings_gradle                                                                 : loaded 2 times (x 124B)
Class org.gradle.internal.Cast                                                        : loaded 2 times (x 67B)
Class org.gradle.api.Action                                                           : loaded 2 times (x 66B)
Class com.google.common.base.CharMatcher$FastMatcher                                  : loaded 2 times (x 107B)
Class com.google.common.base.Predicate                                                : loaded 2 times (x 66B)
Class org.gradle.internal.classpath.DefaultClassPath$ImmutableUniqueList$Builder      : loaded 2 times (x 71B)
Class com.google.common.base.CharMatcher$NegatedFastMatcher                           : loaded 2 times (x 109B)
Class com.google.common.base.AbstractIterator$1                                       : loaded 2 times (x 67B)
Class com.google.common.base.CharMatcher$Digit                                        : loaded 2 times (x 108B)
Class org.gradle.api.GradleException                                                  : loaded 2 times (x 78B)
Class com.google.common.collect.CollectPreconditions                                  : loaded 2 times (x 67B)
Class com.google.common.base.CharMatcher$JavaIsoControl                               : loaded 2 times (x 108B)
Class com.google.common.base.CharMatcher$JavaLowerCase                                : loaded 2 times (x 107B)
Class com.google.common.base.Splitter$1$1                                             : loaded 2 times (x 82B)
Class com.google.common.base.CharMatcher$Whitespace                                   : loaded 2 times (x 108B)
Class org.gradle.internal.IoActions                                                   : loaded 2 times (x 67B)
Class com.google.common.base.CharMatcher$SingleWidth                                  : loaded 2 times (x 108B)
Class org.gradle.internal.classloader.SystemClassLoaderSpec                           : loaded 2 times (x 67B)
Class com.google.common.base.CharMatcher$Negated                                      : loaded 2 times (x 109B)
Class com.google.common.base.CharMatcher$Is                                           : loaded 2 times (x 107B)
Class com.google.common.base.Preconditions                                            : loaded 2 times (x 67B)
Class com.google.common.base.CharMatcher                                              : loaded 2 times (x 107B)
Class com.google.common.base.CharMatcher$1                                            : loaded 2 times (x 109B)
Class com.google.common.base.CharMatcher$NamedFastMatcher                             : loaded 2 times (x 108B)
Class org.gradle.api.internal.classpath.GlobalCacheRootsProvider                      : loaded 2 times (x 66B)
Class com.google.common.base.CharMatcher$InRange                                      : loaded 2 times (x 107B)
Class Build_gradle                                                                    : loaded 2 times (x 68B)
Class org.gradle.internal.installation.CurrentGradleInstallationLocator               : loaded 2 times (x 67B)
Class com.google.common.collect.ImmutableList                                         : loaded 2 times (x 202B)
Class org.gradle.internal.service.DefaultServiceLocator                               : loaded 2 times (x 79B)
Class org.gradle.internal.installation.CurrentGradleInstallation                      : loaded 2 times (x 69B)
Class com.google.common.collect.ImmutableList$SubList                                 : loaded 2 times (x 204B)
Class org.gradle.util.internal.GUtil                                                  : loaded 2 times (x 67B)
Class org.gradle.internal.installation.GradleInstallation                             : loaded 2 times (x 71B)
Class com.google.common.base.Splitter$Strategy                                        : loaded 2 times (x 66B)

---------------  S Y S T E M  ---------------

OS:
 Windows 11 , 64 bit Build 26100 (10.0.26100.3912)
OS uptime: 2 days 19:08 hours
Hyper-V role detected

CPU: total 12 (initial active 12) (12 cores per cpu, 2 threads per core) family 25 model 68 stepping 1 microcode 0xa404102, cx8, cmov, fxsr, ht, mmx, 3dnowpref, sse, sse2, sse3, ssse3, sse4a, sse4.1, sse4.2, popcnt, lzcnt, tsc, tscinvbit, avx, avx2, aes, erms, clmul, bmi1, bmi2, adx, sha, fma, vzeroupper, clflush, clflushopt, hv, rdtscp, rdpid, fsrm, f16c, cet_ss
Processor Information for the first 12 processors :
  Max Mhz: 3301, Current Mhz: 3301, Mhz Limit: 3301

Memory: 4k page, system-wide physical 15557M (1553M free)
TotalPageFile size 30493M (AvailPageFile size 19M)
current process WorkingSet (physical memory assigned to process): 339M, peak: 340M
current process commit charge ("private bytes"): 378M, peak: 382M

vm_info: OpenJDK 64-Bit Server VM (21.0.6+-13355223-b631.42) for windows-amd64 JRE (21.0.6+-13355223-b631.42), built on 2025-04-14T18:21:23Z by "builder" with MS VC++ 16.10 / 16.11 (VS2019)

END.
